Warning: Cannot symlink from /home/student/HapticDeviceGaggioli/haptic_ws/devel/.private/franka_moveit/share/franka_moveit/cmake/franka_moveitConfig.cmake to existing file /home/student/HapticDeviceGaggioli/haptic_ws/devel/share/franka_moveit/cmake/franka_moveitConfig.cmake
Warning: Source hash: ccbe05b5a655417e75009dc950d94b13
Warning: Dest hash: 57f4fa231b0380792d0349e77b02736b
Warning: Cannot symlink from /home/student/HapticDeviceGaggioli/haptic_ws/devel/.private/franka_moveit/lib/python3/dist-packages/franka_moveit/__init__.py to existing file /home/student/HapticDeviceGaggioli/haptic_ws/devel/lib/python3/dist-packages/franka_moveit/__init__.py
Warning: Source hash: ff12140a7ba329d606d5cbb023268233
Warning: Dest hash: 456c6c49de3f2aca5ebfa8b4dfd46a2b
Warning: Cannot symlink from /home/student/HapticDeviceGaggioli/haptic_ws/devel/.private/franka_moveit/lib/pkgconfig/franka_moveit.pc to existing file /home/student/HapticDeviceGaggioli/haptic_ws/devel/lib/pkgconfig/franka_moveit.pc
Warning: Source hash: c22d9e57217fef6d9b36847554f42a44
Warning: Dest hash: 0b88c5279090bd6435593f1c038726fa
Warning: Cannot symlink from /home/student/HapticDeviceGaggioli/haptic_ws/devel/.private/franka_moveit/lib/franka_moveit/create_demo_planning_scene.py to existing file /home/student/HapticDeviceGaggioli/haptic_ws/devel/lib/franka_moveit/create_demo_planning_scene.py
Warning: Source hash: 2bbabb28f664bfc182c12c5d9f528339
Warning: Dest hash: ba244e255af5d3a25e5f7dd692c9b32a
Warning: Cannot symlink from /home/student/HapticDeviceGaggioli/haptic_ws/devel/.private/franka_moveit/lib/franka_moveit/test_scene_interface.py to existing file /home/student/HapticDeviceGaggioli/haptic_ws/devel/lib/franka_moveit/test_scene_interface.py
Warning: Source hash: 53cea7fc97122230f57a21de3a689d90
Warning: Dest hash: e4a1ac4f34d06add3b8134f0b3ab287e
Cleaning: (/home/student/haptic_ws/devel/.private/franka_moveit/cmake.lock, /home/student/haptic_ws/devel/./cmake.lock)
Cleaning: (/home/student/haptic_ws/devel/.private/franka_moveit/share/franka_moveit/cmake/franka_moveitConfig-version.cmake, /home/student/haptic_ws/devel/share/franka_moveit/cmake/franka_moveitConfig-version.cmake)
Cleaning: (/home/student/haptic_ws/devel/.private/franka_moveit/share/franka_moveit/cmake/franka_moveitConfig.cmake, /home/student/haptic_ws/devel/share/franka_moveit/cmake/franka_moveitConfig.cmake)
Cleaning: (/home/student/haptic_ws/devel/.private/franka_moveit/lib/python3/dist-packages/franka_moveit/__init__.py, /home/student/haptic_ws/devel/lib/python3/dist-packages/franka_moveit/__init__.py)
Cleaning: (/home/student/haptic_ws/devel/.private/franka_moveit/lib/pkgconfig/franka_moveit.pc, /home/student/haptic_ws/devel/lib/pkgconfig/franka_moveit.pc)
Cleaning: (/home/student/haptic_ws/devel/.private/franka_moveit/lib/franka_moveit/cmake.lock, /home/student/haptic_ws/devel/lib/franka_moveit/cmake.lock)
Cleaning: (/home/student/haptic_ws/devel/.private/franka_moveit/lib/franka_moveit/create_demo_planning_scene.py, /home/student/haptic_ws/devel/lib/franka_moveit/create_demo_planning_scene.py)
Cleaning: (/home/student/haptic_ws/devel/.private/franka_moveit/lib/franka_moveit/test_scene_interface.py, /home/student/haptic_ws/devel/lib/franka_moveit/test_scene_interface.py)
Unlinking: /home/student/haptic_ws/devel/share/franka_moveit/cmake/franka_moveitConfig-version.cmake
Unlinking: /home/student/haptic_ws/devel/share/franka_moveit/cmake/franka_moveitConfig.cmake
Unlinking: /home/student/haptic_ws/devel/lib/python3/dist-packages/franka_moveit/__init__.py
Unlinking: /home/student/haptic_ws/devel/lib/pkgconfig/franka_moveit.pc
Unlinking: /home/student/haptic_ws/devel/lib/franka_moveit/cmake.lock
Unlinking: /home/student/haptic_ws/devel/lib/franka_moveit/create_demo_planning_scene.py
Unlinking: /home/student/haptic_ws/devel/lib/franka_moveit/test_scene_interface.py
