Warning: Cannot symlink from /home/student/HapticDeviceGaggioli/haptic_ws/devel/.private/franka_example_controllers/share/franka_example_controllers/cmake/franka_example_controllersConfig.cmake to existing file /home/student/HapticDeviceGaggioli/haptic_ws/devel/share/franka_example_controllers/cmake/franka_example_controllersConfig.cmake
Warning: Source hash: df49fa4ee97787a428eea5b9dff96dce
Warning: Dest hash: 1b8ca5e48ef943870989ea12eaa0daa6
Warning: Cannot symlink from /home/student/HapticDeviceGaggioli/haptic_ws/devel/.private/franka_example_controllers/share/franka_example_controllers/cmake/franka_example_controllers-msg-extras.cmake to existing file /home/student/HapticDeviceGaggioli/haptic_ws/devel/share/franka_example_controllers/cmake/franka_example_controllers-msg-extras.cmake
Warning: Source hash: b9957e157dc1827d78f6ac0645d2b09e
Warning: Dest hash: 6f583566e74fbae9fa79b81afc8c7921
Warning: Cannot symlink from /home/student/HapticDeviceGaggioli/haptic_ws/devel/.private/franka_example_controllers/share/franka_example_controllers/cmake/franka_example_controllers-msg-paths.cmake to existing file /home/student/HapticDeviceGaggioli/haptic_ws/devel/share/franka_example_controllers/cmake/franka_example_controllers-msg-paths.cmake
Warning: Source hash: 5f74df433cb4a16f99e571c645075358
Warning: Dest hash: 9b18cbcd1d59ca1e393d28c389ba398a
Warning: Cannot symlink from /home/student/HapticDeviceGaggioli/haptic_ws/devel/.private/franka_example_controllers/lib/libfranka_example_controllers.so to existing file /home/student/HapticDeviceGaggioli/haptic_ws/devel/lib/libfranka_example_controllers.so
Warning: Source hash: 77df800d73a3d1f3a680c084633af671
Warning: Dest hash: 47bae152b2513052e5cfd42148659e0d
Warning: Cannot symlink from /home/student/HapticDeviceGaggioli/haptic_ws/devel/.private/franka_example_controllers/lib/franka_example_controllers/dual_arm_interactive_marker.py to existing file /home/student/HapticDeviceGaggioli/haptic_ws/devel/lib/franka_example_controllers/dual_arm_interactive_marker.py
Warning: Source hash: 9fadb691c5adfd2d0fb123a01fcedad1
Warning: Dest hash: d6afcf8c50801c86701ab4ac50e778d1
Warning: Cannot symlink from /home/student/HapticDeviceGaggioli/haptic_ws/devel/.private/franka_example_controllers/lib/franka_example_controllers/teleop_gripper_node to existing file /home/student/HapticDeviceGaggioli/haptic_ws/devel/lib/franka_example_controllers/teleop_gripper_node
Warning: Source hash: e220da81855a3d70bac391e20e9122cf
Warning: Dest hash: 3886ca0b9e748679502e7a1019f6272a
Warning: Cannot symlink from /home/student/HapticDeviceGaggioli/haptic_ws/devel/.private/franka_example_controllers/lib/franka_example_controllers/interactive_marker.py to existing file /home/student/HapticDeviceGaggioli/haptic_ws/devel/lib/franka_example_controllers/interactive_marker.py
Warning: Source hash: 339f6077a4fd9315fb3ab93f0adc2af0
Warning: Dest hash: ae9d070ce17c15160051e8384a3b304b
Warning: Cannot symlink from /home/student/HapticDeviceGaggioli/haptic_ws/devel/.private/franka_example_controllers/lib/franka_example_controllers/move_to_start.py to existing file /home/student/HapticDeviceGaggioli/haptic_ws/devel/lib/franka_example_controllers/move_to_start.py
Warning: Source hash: 347549ac8c0e673b0ccb6384406ff4ac
Warning: Dest hash: c9805efe967998569673c81ff68b19cc
Warning: Cannot symlink from /home/student/HapticDeviceGaggioli/haptic_ws/devel/.private/franka_example_controllers/lib/pkgconfig/franka_example_controllers.pc to existing file /home/student/HapticDeviceGaggioli/haptic_ws/devel/lib/pkgconfig/franka_example_controllers.pc
Warning: Source hash: 0611141246d43bb2173d47c1e5d1e7d9
Warning: Dest hash: d9e2efb2472187e9b1bb1b1dbe9d0f87
