Warning: Cannot symlink from /home/student/HapticDeviceGaggioli/haptic_ws/devel/.private/franka_example_controllers/share/franka_example_controllers/cmake/franka_example_controllersConfig.cmake to existing file /home/student/HapticDeviceGaggioli/haptic_ws/devel/share/franka_example_controllers/cmake/franka_example_controllersConfig.cmake
Warning: Source hash: df49fa4ee97787a428eea5b9dff96dce
Warning: Dest hash: 1b8ca5e48ef943870989ea12eaa0daa6
Warning: Cannot symlink from /home/student/HapticDeviceGaggioli/haptic_ws/devel/.private/franka_example_controllers/share/franka_example_controllers/cmake/franka_example_controllers-msg-extras.cmake to existing file /home/student/HapticDeviceGaggioli/haptic_ws/devel/share/franka_example_controllers/cmake/franka_example_controllers-msg-extras.cmake
Warning: Source hash: b9957e157dc1827d78f6ac0645d2b09e
Warning: Dest hash: 6f583566e74fbae9fa79b81afc8c7921
Warning: Cannot symlink from /home/student/HapticDeviceGaggioli/haptic_ws/devel/.private/franka_example_controllers/share/franka_example_controllers/cmake/franka_example_controllers-msg-paths.cmake to existing file /home/student/HapticDeviceGaggioli/haptic_ws/devel/share/franka_example_controllers/cmake/franka_example_controllers-msg-paths.cmake
Warning: Source hash: 5f74df433cb4a16f99e571c645075358
Warning: Dest hash: 9b18cbcd1d59ca1e393d28c389ba398a
Warning: Cannot symlink from /home/student/HapticDeviceGaggioli/haptic_ws/devel/.private/franka_example_controllers/lib/libfranka_example_controllers.so to existing file /home/student/HapticDeviceGaggioli/haptic_ws/devel/lib/libfranka_example_controllers.so
Warning: Source hash: 77df800d73a3d1f3a680c084633af671
Warning: Dest hash: 47bae152b2513052e5cfd42148659e0d
Warning: Cannot symlink from /home/student/HapticDeviceGaggioli/haptic_ws/devel/.private/franka_example_controllers/lib/franka_example_controllers/dual_arm_interactive_marker.py to existing file /home/student/HapticDeviceGaggioli/haptic_ws/devel/lib/franka_example_controllers/dual_arm_interactive_marker.py
Warning: Source hash: 9fadb691c5adfd2d0fb123a01fcedad1
Warning: Dest hash: d6afcf8c50801c86701ab4ac50e778d1
Warning: Cannot symlink from /home/student/HapticDeviceGaggioli/haptic_ws/devel/.private/franka_example_controllers/lib/franka_example_controllers/teleop_gripper_node to existing file /home/student/HapticDeviceGaggioli/haptic_ws/devel/lib/franka_example_controllers/teleop_gripper_node
Warning: Source hash: e220da81855a3d70bac391e20e9122cf
Warning: Dest hash: 3886ca0b9e748679502e7a1019f6272a
Warning: Cannot symlink from /home/student/HapticDeviceGaggioli/haptic_ws/devel/.private/franka_example_controllers/lib/franka_example_controllers/interactive_marker.py to existing file /home/student/HapticDeviceGaggioli/haptic_ws/devel/lib/franka_example_controllers/interactive_marker.py
Warning: Source hash: 339f6077a4fd9315fb3ab93f0adc2af0
Warning: Dest hash: ae9d070ce17c15160051e8384a3b304b
Warning: Cannot symlink from /home/student/HapticDeviceGaggioli/haptic_ws/devel/.private/franka_example_controllers/lib/franka_example_controllers/move_to_start.py to existing file /home/student/HapticDeviceGaggioli/haptic_ws/devel/lib/franka_example_controllers/move_to_start.py
Warning: Source hash: 347549ac8c0e673b0ccb6384406ff4ac
Warning: Dest hash: c9805efe967998569673c81ff68b19cc
Warning: Cannot symlink from /home/student/HapticDeviceGaggioli/haptic_ws/devel/.private/franka_example_controllers/lib/pkgconfig/franka_example_controllers.pc to existing file /home/student/HapticDeviceGaggioli/haptic_ws/devel/lib/pkgconfig/franka_example_controllers.pc
Warning: Source hash: 0611141246d43bb2173d47c1e5d1e7d9
Warning: Dest hash: d9e2efb2472187e9b1bb1b1dbe9d0f87
Cleaning: (/home/student/haptic_ws/devel/.private/franka_example_controllers/cmake.lock, /home/student/haptic_ws/devel/./cmake.lock)
Cleaning: (/home/student/haptic_ws/devel/.private/franka_example_controllers/share/franka_example_controllers/docs/desired_mass_paramConfig.dox, /home/student/haptic_ws/devel/share/franka_example_controllers/docs/desired_mass_paramConfig.dox)
Cleaning: (/home/student/haptic_ws/devel/.private/franka_example_controllers/share/franka_example_controllers/docs/desired_mass_paramConfig.wikidoc, /home/student/haptic_ws/devel/share/franka_example_controllers/docs/desired_mass_paramConfig.wikidoc)
Cleaning: (/home/student/haptic_ws/devel/.private/franka_example_controllers/share/franka_example_controllers/docs/teleop_gripper_paramConfig.dox, /home/student/haptic_ws/devel/share/franka_example_controllers/docs/teleop_gripper_paramConfig.dox)
Cleaning: (/home/student/haptic_ws/devel/.private/franka_example_controllers/share/franka_example_controllers/docs/compliance_paramConfig.dox, /home/student/haptic_ws/devel/share/franka_example_controllers/docs/compliance_paramConfig.dox)
Cleaning: (/home/student/haptic_ws/devel/.private/franka_example_controllers/share/franka_example_controllers/docs/teleop_gripper_paramConfig-usage.dox, /home/student/haptic_ws/devel/share/franka_example_controllers/docs/teleop_gripper_paramConfig-usage.dox)
Cleaning: (/home/student/haptic_ws/devel/.private/franka_example_controllers/share/franka_example_controllers/docs/dual_arm_compliance_paramConfig.wikidoc, /home/student/haptic_ws/devel/share/franka_example_controllers/docs/dual_arm_compliance_paramConfig.wikidoc)
Cleaning: (/home/student/haptic_ws/devel/.private/franka_example_controllers/share/franka_example_controllers/docs/dual_arm_compliance_paramConfig.dox, /home/student/haptic_ws/devel/share/franka_example_controllers/docs/dual_arm_compliance_paramConfig.dox)
Cleaning: (/home/student/haptic_ws/devel/.private/franka_example_controllers/share/franka_example_controllers/docs/teleop_paramConfig.wikidoc, /home/student/haptic_ws/devel/share/franka_example_controllers/docs/teleop_paramConfig.wikidoc)
Cleaning: (/home/student/haptic_ws/devel/.private/franka_example_controllers/share/franka_example_controllers/docs/teleop_paramConfig-usage.dox, /home/student/haptic_ws/devel/share/franka_example_controllers/docs/teleop_paramConfig-usage.dox)
Cleaning: (/home/student/haptic_ws/devel/.private/franka_example_controllers/share/franka_example_controllers/docs/teleop_gripper_paramConfig.wikidoc, /home/student/haptic_ws/devel/share/franka_example_controllers/docs/teleop_gripper_paramConfig.wikidoc)
Cleaning: (/home/student/haptic_ws/devel/.private/franka_example_controllers/share/franka_example_controllers/docs/teleop_paramConfig.dox, /home/student/haptic_ws/devel/share/franka_example_controllers/docs/teleop_paramConfig.dox)
Cleaning: (/home/student/haptic_ws/devel/.private/franka_example_controllers/share/franka_example_controllers/docs/compliance_paramConfig-usage.dox, /home/student/haptic_ws/devel/share/franka_example_controllers/docs/compliance_paramConfig-usage.dox)
Cleaning: (/home/student/haptic_ws/devel/.private/franka_example_controllers/share/franka_example_controllers/docs/dual_arm_compliance_paramConfig-usage.dox, /home/student/haptic_ws/devel/share/franka_example_controllers/docs/dual_arm_compliance_paramConfig-usage.dox)
Cleaning: (/home/student/haptic_ws/devel/.private/franka_example_controllers/share/franka_example_controllers/docs/desired_mass_paramConfig-usage.dox, /home/student/haptic_ws/devel/share/franka_example_controllers/docs/desired_mass_paramConfig-usage.dox)
Cleaning: (/home/student/haptic_ws/devel/.private/franka_example_controllers/share/franka_example_controllers/docs/compliance_paramConfig.wikidoc, /home/student/haptic_ws/devel/share/franka_example_controllers/docs/compliance_paramConfig.wikidoc)
Cleaning: (/home/student/haptic_ws/devel/.private/franka_example_controllers/share/franka_example_controllers/cmake/franka_example_controllersConfig.cmake, /home/student/haptic_ws/devel/share/franka_example_controllers/cmake/franka_example_controllersConfig.cmake)
Cleaning: (/home/student/haptic_ws/devel/.private/franka_example_controllers/share/franka_example_controllers/cmake/franka_example_controllersConfig-version.cmake, /home/student/haptic_ws/devel/share/franka_example_controllers/cmake/franka_example_controllersConfig-version.cmake)
Cleaning: (/home/student/haptic_ws/devel/.private/franka_example_controllers/share/franka_example_controllers/cmake/franka_example_controllers-msg-extras.cmake, /home/student/haptic_ws/devel/share/franka_example_controllers/cmake/franka_example_controllers-msg-extras.cmake)
Cleaning: (/home/student/haptic_ws/devel/.private/franka_example_controllers/share/franka_example_controllers/cmake/franka_example_controllers-msg-paths.cmake, /home/student/haptic_ws/devel/share/franka_example_controllers/cmake/franka_example_controllers-msg-paths.cmake)
Cleaning: (/home/student/haptic_ws/devel/.private/franka_example_controllers/share/common-lisp/ros/franka_example_controllers/msg/franka_example_controllers-msg.asd, /home/student/haptic_ws/devel/share/common-lisp/ros/franka_example_controllers/msg/franka_example_controllers-msg.asd)
Cleaning: (/home/student/haptic_ws/devel/.private/franka_example_controllers/share/common-lisp/ros/franka_example_controllers/msg/_package_JointTorqueComparison.lisp, /home/student/haptic_ws/devel/share/common-lisp/ros/franka_example_controllers/msg/_package_JointTorqueComparison.lisp)
Cleaning: (/home/student/haptic_ws/devel/.private/franka_example_controllers/share/common-lisp/ros/franka_example_controllers/msg/_package.lisp, /home/student/haptic_ws/devel/share/common-lisp/ros/franka_example_controllers/msg/_package.lisp)
Cleaning: (/home/student/haptic_ws/devel/.private/franka_example_controllers/share/common-lisp/ros/franka_example_controllers/msg/JointTorqueComparison.lisp, /home/student/haptic_ws/devel/share/common-lisp/ros/franka_example_controllers/msg/JointTorqueComparison.lisp)
Cleaning: (/home/student/haptic_ws/devel/.private/franka_example_controllers/share/roseus/ros/franka_example_controllers/manifest.l, /home/student/haptic_ws/devel/share/roseus/ros/franka_example_controllers/manifest.l)
Cleaning: (/home/student/haptic_ws/devel/.private/franka_example_controllers/share/roseus/ros/franka_example_controllers/msg/JointTorqueComparison.l, /home/student/haptic_ws/devel/share/roseus/ros/franka_example_controllers/msg/JointTorqueComparison.l)
Cleaning: (/home/student/haptic_ws/devel/.private/franka_example_controllers/share/gennodejs/ros/franka_example_controllers/_index.js, /home/student/haptic_ws/devel/share/gennodejs/ros/franka_example_controllers/_index.js)
Cleaning: (/home/student/haptic_ws/devel/.private/franka_example_controllers/share/gennodejs/ros/franka_example_controllers/msg/JointTorqueComparison.js, /home/student/haptic_ws/devel/share/gennodejs/ros/franka_example_controllers/msg/JointTorqueComparison.js)
Cleaning: (/home/student/haptic_ws/devel/.private/franka_example_controllers/share/gennodejs/ros/franka_example_controllers/msg/_index.js, /home/student/haptic_ws/devel/share/gennodejs/ros/franka_example_controllers/msg/_index.js)
Cleaning: (/home/student/haptic_ws/devel/.private/franka_example_controllers/lib/libfranka_example_controllers.so, /home/student/haptic_ws/devel/lib/libfranka_example_controllers.so)
Cleaning: (/home/student/haptic_ws/devel/.private/franka_example_controllers/lib/python3/dist-packages/franka_example_controllers/__init__.py, /home/student/haptic_ws/devel/lib/python3/dist-packages/franka_example_controllers/__init__.py)
Cleaning: (/home/student/haptic_ws/devel/.private/franka_example_controllers/lib/python3/dist-packages/franka_example_controllers/msg/__init__.py, /home/student/haptic_ws/devel/lib/python3/dist-packages/franka_example_controllers/msg/__init__.py)
Cleaning: (/home/student/haptic_ws/devel/.private/franka_example_controllers/lib/python3/dist-packages/franka_example_controllers/msg/_JointTorqueComparison.py, /home/student/haptic_ws/devel/lib/python3/dist-packages/franka_example_controllers/msg/_JointTorqueComparison.py)
Cleaning: (/home/student/haptic_ws/devel/.private/franka_example_controllers/lib/python3/dist-packages/franka_example_controllers/cfg/teleop_paramConfig.py, /home/student/haptic_ws/devel/lib/python3/dist-packages/franka_example_controllers/cfg/teleop_paramConfig.py)
Cleaning: (/home/student/haptic_ws/devel/.private/franka_example_controllers/lib/python3/dist-packages/franka_example_controllers/cfg/__init__.py, /home/student/haptic_ws/devel/lib/python3/dist-packages/franka_example_controllers/cfg/__init__.py)
Cleaning: (/home/student/haptic_ws/devel/.private/franka_example_controllers/lib/python3/dist-packages/franka_example_controllers/cfg/desired_mass_paramConfig.py, /home/student/haptic_ws/devel/lib/python3/dist-packages/franka_example_controllers/cfg/desired_mass_paramConfig.py)
Cleaning: (/home/student/haptic_ws/devel/.private/franka_example_controllers/lib/python3/dist-packages/franka_example_controllers/cfg/compliance_paramConfig.py, /home/student/haptic_ws/devel/lib/python3/dist-packages/franka_example_controllers/cfg/compliance_paramConfig.py)
Cleaning: (/home/student/haptic_ws/devel/.private/franka_example_controllers/lib/python3/dist-packages/franka_example_controllers/cfg/dual_arm_compliance_paramConfig.py, /home/student/haptic_ws/devel/lib/python3/dist-packages/franka_example_controllers/cfg/dual_arm_compliance_paramConfig.py)
Cleaning: (/home/student/haptic_ws/devel/.private/franka_example_controllers/lib/python3/dist-packages/franka_example_controllers/cfg/teleop_gripper_paramConfig.py, /home/student/haptic_ws/devel/lib/python3/dist-packages/franka_example_controllers/cfg/teleop_gripper_paramConfig.py)
Cleaning: (/home/student/haptic_ws/devel/.private/franka_example_controllers/lib/franka_example_controllers/cmake.lock, /home/student/haptic_ws/devel/lib/franka_example_controllers/cmake.lock)
Cleaning: (/home/student/haptic_ws/devel/.private/franka_example_controllers/lib/franka_example_controllers/dual_arm_interactive_marker.py, /home/student/haptic_ws/devel/lib/franka_example_controllers/dual_arm_interactive_marker.py)
Cleaning: (/home/student/haptic_ws/devel/.private/franka_example_controllers/lib/franka_example_controllers/teleop_gripper_node, /home/student/haptic_ws/devel/lib/franka_example_controllers/teleop_gripper_node)
Cleaning: (/home/student/haptic_ws/devel/.private/franka_example_controllers/lib/franka_example_controllers/interactive_marker.py, /home/student/haptic_ws/devel/lib/franka_example_controllers/interactive_marker.py)
Cleaning: (/home/student/haptic_ws/devel/.private/franka_example_controllers/lib/franka_example_controllers/move_to_start.py, /home/student/haptic_ws/devel/lib/franka_example_controllers/move_to_start.py)
Cleaning: (/home/student/haptic_ws/devel/.private/franka_example_controllers/lib/pkgconfig/franka_example_controllers.pc, /home/student/haptic_ws/devel/lib/pkgconfig/franka_example_controllers.pc)
Cleaning: (/home/student/haptic_ws/devel/.private/franka_example_controllers/include/franka_example_controllers/desired_mass_paramConfig.h, /home/student/haptic_ws/devel/include/franka_example_controllers/desired_mass_paramConfig.h)
Cleaning: (/home/student/haptic_ws/devel/.private/franka_example_controllers/include/franka_example_controllers/dual_arm_compliance_paramConfig.h, /home/student/haptic_ws/devel/include/franka_example_controllers/dual_arm_compliance_paramConfig.h)
Cleaning: (/home/student/haptic_ws/devel/.private/franka_example_controllers/include/franka_example_controllers/compliance_paramConfig.h, /home/student/haptic_ws/devel/include/franka_example_controllers/compliance_paramConfig.h)
Cleaning: (/home/student/haptic_ws/devel/.private/franka_example_controllers/include/franka_example_controllers/teleop_gripper_paramConfig.h, /home/student/haptic_ws/devel/include/franka_example_controllers/teleop_gripper_paramConfig.h)
Cleaning: (/home/student/haptic_ws/devel/.private/franka_example_controllers/include/franka_example_controllers/JointTorqueComparison.h, /home/student/haptic_ws/devel/include/franka_example_controllers/JointTorqueComparison.h)
Cleaning: (/home/student/haptic_ws/devel/.private/franka_example_controllers/include/franka_example_controllers/teleop_paramConfig.h, /home/student/haptic_ws/devel/include/franka_example_controllers/teleop_paramConfig.h)
Unlinking: /home/student/haptic_ws/devel/share/franka_example_controllers/docs/desired_mass_paramConfig.dox
Unlinking: /home/student/haptic_ws/devel/share/franka_example_controllers/docs/desired_mass_paramConfig.wikidoc
Unlinking: /home/student/haptic_ws/devel/share/franka_example_controllers/docs/teleop_gripper_paramConfig.dox
Unlinking: /home/student/haptic_ws/devel/share/franka_example_controllers/docs/compliance_paramConfig.dox
Unlinking: /home/student/haptic_ws/devel/share/franka_example_controllers/docs/teleop_gripper_paramConfig-usage.dox
Unlinking: /home/student/haptic_ws/devel/share/franka_example_controllers/docs/dual_arm_compliance_paramConfig.wikidoc
Unlinking: /home/student/haptic_ws/devel/share/franka_example_controllers/docs/dual_arm_compliance_paramConfig.dox
Unlinking: /home/student/haptic_ws/devel/share/franka_example_controllers/docs/teleop_paramConfig.wikidoc
Unlinking: /home/student/haptic_ws/devel/share/franka_example_controllers/docs/teleop_paramConfig-usage.dox
Unlinking: /home/student/haptic_ws/devel/share/franka_example_controllers/docs/teleop_gripper_paramConfig.wikidoc
Unlinking: /home/student/haptic_ws/devel/share/franka_example_controllers/docs/teleop_paramConfig.dox
Unlinking: /home/student/haptic_ws/devel/share/franka_example_controllers/docs/compliance_paramConfig-usage.dox
Unlinking: /home/student/haptic_ws/devel/share/franka_example_controllers/docs/dual_arm_compliance_paramConfig-usage.dox
Unlinking: /home/student/haptic_ws/devel/share/franka_example_controllers/docs/desired_mass_paramConfig-usage.dox
Unlinking: /home/student/haptic_ws/devel/share/franka_example_controllers/docs/compliance_paramConfig.wikidoc
Unlinking: /home/student/haptic_ws/devel/share/franka_example_controllers/cmake/franka_example_controllersConfig.cmake
Unlinking: /home/student/haptic_ws/devel/share/franka_example_controllers/cmake/franka_example_controllersConfig-version.cmake
Unlinking: /home/student/haptic_ws/devel/share/franka_example_controllers/cmake/franka_example_controllers-msg-extras.cmake
Unlinking: /home/student/haptic_ws/devel/share/franka_example_controllers/cmake/franka_example_controllers-msg-paths.cmake
Unlinking: /home/student/haptic_ws/devel/share/common-lisp/ros/franka_example_controllers/msg/franka_example_controllers-msg.asd
Unlinking: /home/student/haptic_ws/devel/share/common-lisp/ros/franka_example_controllers/msg/_package_JointTorqueComparison.lisp
Unlinking: /home/student/haptic_ws/devel/share/common-lisp/ros/franka_example_controllers/msg/_package.lisp
Unlinking: /home/student/haptic_ws/devel/share/common-lisp/ros/franka_example_controllers/msg/JointTorqueComparison.lisp
Unlinking: /home/student/haptic_ws/devel/share/roseus/ros/franka_example_controllers/manifest.l
Unlinking: /home/student/haptic_ws/devel/share/roseus/ros/franka_example_controllers/msg/JointTorqueComparison.l
Unlinking: /home/student/haptic_ws/devel/share/gennodejs/ros/franka_example_controllers/_index.js
Unlinking: /home/student/haptic_ws/devel/share/gennodejs/ros/franka_example_controllers/msg/JointTorqueComparison.js
Unlinking: /home/student/haptic_ws/devel/share/gennodejs/ros/franka_example_controllers/msg/_index.js
Unlinking: /home/student/haptic_ws/devel/lib/libfranka_example_controllers.so
Unlinking: /home/student/haptic_ws/devel/lib/python3/dist-packages/franka_example_controllers/__init__.py
Unlinking: /home/student/haptic_ws/devel/lib/python3/dist-packages/franka_example_controllers/msg/__init__.py
Unlinking: /home/student/haptic_ws/devel/lib/python3/dist-packages/franka_example_controllers/msg/_JointTorqueComparison.py
Unlinking: /home/student/haptic_ws/devel/lib/python3/dist-packages/franka_example_controllers/cfg/teleop_paramConfig.py
Unlinking: /home/student/haptic_ws/devel/lib/python3/dist-packages/franka_example_controllers/cfg/__init__.py
Unlinking: /home/student/haptic_ws/devel/lib/python3/dist-packages/franka_example_controllers/cfg/desired_mass_paramConfig.py
Unlinking: /home/student/haptic_ws/devel/lib/python3/dist-packages/franka_example_controllers/cfg/compliance_paramConfig.py
Unlinking: /home/student/haptic_ws/devel/lib/python3/dist-packages/franka_example_controllers/cfg/dual_arm_compliance_paramConfig.py
Unlinking: /home/student/haptic_ws/devel/lib/python3/dist-packages/franka_example_controllers/cfg/teleop_gripper_paramConfig.py
Unlinking: /home/student/haptic_ws/devel/lib/franka_example_controllers/cmake.lock
Unlinking: /home/student/haptic_ws/devel/lib/franka_example_controllers/dual_arm_interactive_marker.py
Unlinking: /home/student/haptic_ws/devel/lib/franka_example_controllers/teleop_gripper_node
Unlinking: /home/student/haptic_ws/devel/lib/franka_example_controllers/interactive_marker.py
Unlinking: /home/student/haptic_ws/devel/lib/franka_example_controllers/move_to_start.py
Unlinking: /home/student/haptic_ws/devel/lib/pkgconfig/franka_example_controllers.pc
Unlinking: /home/student/haptic_ws/devel/include/franka_example_controllers/desired_mass_paramConfig.h
Unlinking: /home/student/haptic_ws/devel/include/franka_example_controllers/dual_arm_compliance_paramConfig.h
Unlinking: /home/student/haptic_ws/devel/include/franka_example_controllers/compliance_paramConfig.h
Unlinking: /home/student/haptic_ws/devel/include/franka_example_controllers/teleop_gripper_paramConfig.h
Unlinking: /home/student/haptic_ws/devel/include/franka_example_controllers/JointTorqueComparison.h
Unlinking: /home/student/haptic_ws/devel/include/franka_example_controllers/teleop_paramConfig.h
