Warning: Cannot symlink from /home/student/HapticDeviceGaggioli/haptic_ws/devel/.private/franka_ros_controllers/share/franka_ros_controllers/cmake/franka_ros_controllersConfig.cmake to existing file /home/student/HapticDeviceGaggioli/haptic_ws/devel/share/franka_ros_controllers/cmake/franka_ros_controllersConfig.cmake
Warning: Source hash: dd436b30e264139515c48247bbc209e5
Warning: Dest hash: 58b1b80894bdf851698bd6394848901d
Warning: Cannot symlink from /home/student/HapticDeviceGaggioli/haptic_ws/devel/.private/franka_ros_controllers/lib/libfranka_ros_controllers.so to existing file /home/student/HapticDeviceGaggioli/haptic_ws/devel/lib/libfranka_ros_controllers.so
Warning: Source hash: 51753806dd3990f74fc26cdf14bdcdf7
Warning: Dest hash: 2fc5e002f1e104d32c74149323d56781
Warning: Cannot symlink from /home/student/HapticDeviceGaggioli/haptic_ws/devel/.private/franka_ros_controllers/lib/pkgconfig/franka_ros_controllers.pc to existing file /home/student/HapticDeviceGaggioli/haptic_ws/devel/lib/pkgconfig/franka_ros_controllers.pc
Warning: Source hash: 9ace13b3c6a08258564a98dbf622825d
Warning: Dest hash: e51b3a5f5a13c1ecfba63b12d6af7b20
Cleaning: (/home/student/haptic_ws/devel/.private/franka_ros_controllers/cmake.lock, /home/student/haptic_ws/devel/./cmake.lock)
Cleaning: (/home/student/haptic_ws/devel/.private/franka_ros_controllers/share/franka_ros_controllers/docs/joint_controller_paramsConfig-usage.dox, /home/student/haptic_ws/devel/share/franka_ros_controllers/docs/joint_controller_paramsConfig-usage.dox)
Cleaning: (/home/student/haptic_ws/devel/.private/franka_ros_controllers/share/franka_ros_controllers/docs/joint_controller_paramsConfig.wikidoc, /home/student/haptic_ws/devel/share/franka_ros_controllers/docs/joint_controller_paramsConfig.wikidoc)
Cleaning: (/home/student/haptic_ws/devel/.private/franka_ros_controllers/share/franka_ros_controllers/docs/joint_controller_paramsConfig.dox, /home/student/haptic_ws/devel/share/franka_ros_controllers/docs/joint_controller_paramsConfig.dox)
Cleaning: (/home/student/haptic_ws/devel/.private/franka_ros_controllers/share/franka_ros_controllers/cmake/franka_ros_controllersConfig.cmake, /home/student/haptic_ws/devel/share/franka_ros_controllers/cmake/franka_ros_controllersConfig.cmake)
Cleaning: (/home/student/haptic_ws/devel/.private/franka_ros_controllers/share/franka_ros_controllers/cmake/franka_ros_controllersConfig-version.cmake, /home/student/haptic_ws/devel/share/franka_ros_controllers/cmake/franka_ros_controllersConfig-version.cmake)
Cleaning: (/home/student/haptic_ws/devel/.private/franka_ros_controllers/lib/libfranka_ros_controllers.so, /home/student/haptic_ws/devel/lib/libfranka_ros_controllers.so)
Cleaning: (/home/student/haptic_ws/devel/.private/franka_ros_controllers/lib/python3/dist-packages/franka_ros_controllers/__init__.py, /home/student/haptic_ws/devel/lib/python3/dist-packages/franka_ros_controllers/__init__.py)
Cleaning: (/home/student/haptic_ws/devel/.private/franka_ros_controllers/lib/python3/dist-packages/franka_ros_controllers/cfg/__init__.py, /home/student/haptic_ws/devel/lib/python3/dist-packages/franka_ros_controllers/cfg/__init__.py)
Cleaning: (/home/student/haptic_ws/devel/.private/franka_ros_controllers/lib/python3/dist-packages/franka_ros_controllers/cfg/joint_controller_paramsConfig.py, /home/student/haptic_ws/devel/lib/python3/dist-packages/franka_ros_controllers/cfg/joint_controller_paramsConfig.py)
Cleaning: (/home/student/haptic_ws/devel/.private/franka_ros_controllers/lib/pkgconfig/franka_ros_controllers.pc, /home/student/haptic_ws/devel/lib/pkgconfig/franka_ros_controllers.pc)
Cleaning: (/home/student/haptic_ws/devel/.private/franka_ros_controllers/include/franka_ros_controllers/joint_controller_paramsConfig.h, /home/student/haptic_ws/devel/include/franka_ros_controllers/joint_controller_paramsConfig.h)
Unlinking: /home/student/haptic_ws/devel/share/franka_ros_controllers/docs/joint_controller_paramsConfig-usage.dox
Unlinking: /home/student/haptic_ws/devel/share/franka_ros_controllers/docs/joint_controller_paramsConfig.wikidoc
Unlinking: /home/student/haptic_ws/devel/share/franka_ros_controllers/docs/joint_controller_paramsConfig.dox
Unlinking: /home/student/haptic_ws/devel/share/franka_ros_controllers/cmake/franka_ros_controllersConfig.cmake
Unlinking: /home/student/haptic_ws/devel/share/franka_ros_controllers/cmake/franka_ros_controllersConfig-version.cmake
Unlinking: /home/student/haptic_ws/devel/lib/libfranka_ros_controllers.so
Unlinking: /home/student/haptic_ws/devel/lib/python3/dist-packages/franka_ros_controllers/__init__.py
Unlinking: /home/student/haptic_ws/devel/lib/python3/dist-packages/franka_ros_controllers/cfg/__init__.py
Unlinking: /home/student/haptic_ws/devel/lib/python3/dist-packages/franka_ros_controllers/cfg/joint_controller_paramsConfig.py
Unlinking: /home/student/haptic_ws/devel/lib/pkgconfig/franka_ros_controllers.pc
Unlinking: /home/student/haptic_ws/devel/include/franka_ros_controllers/joint_controller_paramsConfig.h
