[35m[1mScanning dependencies of target geometry_msgs_generate_messages_eus[0m
[  0%] Built target geometry_msgs_generate_messages_eus
[35m[1mScanning dependencies of target _panda_ik_generate_messages_check_deps_pandaFk[0m
[  0%] Built target _panda_ik_generate_messages_check_deps_pandaFk
[35m[1mScanning dependencies of target std_msgs_generate_messages_eus[0m
[  0%] Built target std_msgs_generate_messages_eus
[35m[1mScanning dependencies of target _panda_ik_generate_messages_check_deps_pandaIk[0m
[  0%] Built target _panda_ik_generate_messages_check_deps_pandaIk
[35m[1mScanning dependencies of target sensor_msgs_generate_messages_eus[0m
[  0%] Built target sensor_msgs_generate_messages_eus
[35m[1mScanning dependencies of target std_msgs_generate_messages_nodejs[0m
[  0%] Built target std_msgs_generate_messages_nodejs
[35m[1mScanning dependencies of target geometry_msgs_generate_messages_nodejs[0m
[  0%] Built target geometry_msgs_generate_messages_nodejs
[35m[1mScanning dependencies of target sensor_msgs_generate_messages_nodejs[0m
[  0%] Built target sensor_msgs_generate_messages_nodejs
[35m[1mScanning dependencies of target sensor_msgs_generate_messages_cpp[0m
[  0%] Built target sensor_msgs_generate_messages_cpp
[35m[1mScanning dependencies of target geometry_msgs_generate_messages_cpp[0m
[  0%] Built target geometry_msgs_generate_messages_cpp
[35m[1mScanning dependencies of target std_msgs_generate_messages_cpp[0m
[  0%] Built target std_msgs_generate_messages_cpp
[35m[1mScanning dependencies of target std_msgs_generate_messages_py[0m
[  0%] Built target std_msgs_generate_messages_py
[35m[1mScanning dependencies of target sensor_msgs_generate_messages_py[0m
[  0%] Built target sensor_msgs_generate_messages_py
[35m[1mScanning dependencies of target geometry_msgs_generate_messages_py[0m
[  0%] Built target geometry_msgs_generate_messages_py
[35m[1mScanning dependencies of target std_msgs_generate_messages_lisp[0m
[  0%] Built target std_msgs_generate_messages_lisp
[35m[1mScanning dependencies of target geometry_msgs_generate_messages_lisp[0m
[  0%] Built target geometry_msgs_generate_messages_lisp
[35m[1mScanning dependencies of target sensor_msgs_generate_messages_lisp[0m
[  0%] Built target sensor_msgs_generate_messages_lisp
[35m[1mScanning dependencies of target panda_ik_generate_messages_eus[0m
[ 25%] Built target panda_ik_generate_messages_eus
[35m[1mScanning dependencies of target panda_ik_generate_messages_nodejs[0m
[ 41%] Built target panda_ik_generate_messages_nodejs
[35m[1mScanning dependencies of target panda_ik_generate_messages_cpp[0m
[ 58%] Built target panda_ik_generate_messages_cpp
[35m[1mScanning dependencies of target panda_ik_generate_messages_py[0m
[ 83%] Built target panda_ik_generate_messages_py
[35m[1mScanning dependencies of target panda_ik_generate_messages_lisp[0m
[100%] Built target panda_ik_generate_messages_lisp
[35m[1mScanning dependencies of target panda_ik_generate_messages[0m
[100%] Built target panda_ik_generate_messages
