[  0%] Built target geometry_msgs_generate_messages_eus
[  0%] Built target _panda_ik_generate_messages_check_deps_pandaFk
[  0%] Built target std_msgs_generate_messages_eus
[  0%] Built target _panda_ik_generate_messages_check_deps_pandaIk
[  0%] Built target sensor_msgs_generate_messages_eus
[  0%] Built target std_msgs_generate_messages_nodejs
[  0%] Built target geometry_msgs_generate_messages_nodejs
[  0%] Built target sensor_msgs_generate_messages_nodejs
[  0%] Built target sensor_msgs_generate_messages_cpp
[  0%] Built target geometry_msgs_generate_messages_cpp
[  0%] Built target std_msgs_generate_messages_cpp
[  0%] Built target std_msgs_generate_messages_py
[  0%] Built target sensor_msgs_generate_messages_py
[  0%] Built target geometry_msgs_generate_messages_py
[  0%] Built target std_msgs_generate_messages_lisp
[  0%] Built target geometry_msgs_generate_messages_lisp
[  0%] Built target sensor_msgs_generate_messages_lisp
[ 25%] Built target panda_ik_generate_messages_eus
[ 41%] Built target panda_ik_generate_messages_nodejs
[ 58%] Built target panda_ik_generate_messages_cpp
[ 83%] Built target panda_ik_generate_messages_py
[100%] Built target panda_ik_generate_messages_lisp
[100%] Built target panda_ik_generate_messages
