Symlinking /home/student/haptic_ws/devel/share/common-lisp/ros/panda_ik/srv/panda_ik-srv.asd
Symlinking /home/student/haptic_ws/devel/share/common-lisp/ros/panda_ik/srv/_package_pandaIk.lisp
Symlinking /home/student/haptic_ws/devel/share/common-lisp/ros/panda_ik/srv/_package_pandaFk.lisp
Symlinking /home/student/haptic_ws/devel/share/common-lisp/ros/panda_ik/srv/pandaIk.lisp
Symlinking /home/student/haptic_ws/devel/share/common-lisp/ros/panda_ik/srv/_package.lisp
Symlinking /home/student/haptic_ws/devel/share/common-lisp/ros/panda_ik/srv/pandaFk.lisp
Symlinking /home/student/haptic_ws/devel/share/panda_ik/cmake/panda_ik-msg-extras.cmake
Symlinking /home/student/haptic_ws/devel/share/panda_ik/cmake/panda_ikConfig.cmake
Symlinking /home/student/haptic_ws/devel/share/panda_ik/cmake/panda_ikConfig-version.cmake
Symlinking /home/student/haptic_ws/devel/share/panda_ik/cmake/panda_ik-msg-paths.cmake
Symlinking /home/student/haptic_ws/devel/share/roseus/ros/panda_ik/manifest.l
Symlinking /home/student/haptic_ws/devel/share/roseus/ros/panda_ik/srv/pandaFk.l
Symlinking /home/student/haptic_ws/devel/share/roseus/ros/panda_ik/srv/pandaIk.l
Symlinking /home/student/haptic_ws/devel/share/gennodejs/ros/panda_ik/_index.js
Symlinking /home/student/haptic_ws/devel/share/gennodejs/ros/panda_ik/srv/pandaFk.js
Symlinking /home/student/haptic_ws/devel/share/gennodejs/ros/panda_ik/srv/pandaIk.js
Symlinking /home/student/haptic_ws/devel/share/gennodejs/ros/panda_ik/srv/_index.js
Symlinking /home/student/haptic_ws/devel/lib/python3/dist-packages/panda_ik/__init__.py
Symlinking /home/student/haptic_ws/devel/lib/python3/dist-packages/panda_ik/srv/__init__.py
Symlinking /home/student/haptic_ws/devel/lib/python3/dist-packages/panda_ik/srv/_pandaFk.py
Symlinking /home/student/haptic_ws/devel/lib/python3/dist-packages/panda_ik/srv/_pandaIk.py
Symlinking /home/student/haptic_ws/devel/lib/pkgconfig/panda_ik.pc
Symlinking /home/student/haptic_ws/devel/include/panda_ik/pandaIkRequest.h
Symlinking /home/student/haptic_ws/devel/include/panda_ik/pandaFk.h
Symlinking /home/student/haptic_ws/devel/include/panda_ik/pandaFkRequest.h
Symlinking /home/student/haptic_ws/devel/include/panda_ik/pandaIk.h
Symlinking /home/student/haptic_ws/devel/include/panda_ik/pandaFkResponse.h
Symlinking /home/student/haptic_ws/devel/include/panda_ik/pandaIkResponse.h
