Warning: Cannot symlink from /home/student/HapticDeviceGaggioli/haptic_ws/devel/.private/panda_sim_custom_action_server/share/panda_sim_custom_action_server/cmake/panda_sim_custom_action_serverConfig.cmake to existing file /home/student/HapticDeviceGaggioli/haptic_ws/devel/share/panda_sim_custom_action_server/cmake/panda_sim_custom_action_serverConfig.cmake
Warning: Source hash: 44cafc3582daa37666ace097e07ccb58
Warning: Dest hash: e500237923b271cec1cbc244db5713ce
Warning: Cannot symlink from /home/student/HapticDeviceGaggioli/haptic_ws/devel/.private/panda_sim_custom_action_server/lib/python3/dist-packages/panda_sim_custom_action_server/__init__.py to existing file /home/student/HapticDeviceGaggioli/haptic_ws/devel/lib/python3/dist-packages/panda_sim_custom_action_server/__init__.py
Warning: Source hash: b3e507745461d8a693a5fb0b26be246d
Warning: Dest hash: 0c79a041a7eeb5334caf4a86865e4d6f
Warning: Cannot symlink from /home/student/HapticDeviceGaggioli/haptic_ws/devel/.private/panda_sim_custom_action_server/lib/pkgconfig/panda_sim_custom_action_server.pc to existing file /home/student/HapticDeviceGaggioli/haptic_ws/devel/lib/pkgconfig/panda_sim_custom_action_server.pc
Warning: Source hash: 5e161c9484bffad938d023de92e040a9
Warning: Dest hash: b0226252d25167055c5255f9649765b7
Warning: Cannot symlink from /home/student/HapticDeviceGaggioli/haptic_ws/devel/.private/panda_sim_custom_action_server/lib/panda_sim_custom_action_server/start_joint_trajectory_server.py to existing file /home/student/HapticDeviceGaggioli/haptic_ws/devel/lib/panda_sim_custom_action_server/start_joint_trajectory_server.py
Warning: Source hash: 2ee28ca714f670e286bcacf2da77d20c
Warning: Dest hash: 58c750fa78f04841c75db702ad8435c6
Warning: Cannot symlink from /home/student/HapticDeviceGaggioli/haptic_ws/devel/.private/panda_sim_custom_action_server/lib/panda_sim_custom_action_server/start_gripper_action_server.py to existing file /home/student/HapticDeviceGaggioli/haptic_ws/devel/lib/panda_sim_custom_action_server/start_gripper_action_server.py
Warning: Source hash: 126d7ed5a95e70035097bb96ff8684ac
Warning: Dest hash: bf64a92082d381fe6e6e4e07aa1f11b6
Cleaning: (/home/student/haptic_ws/devel/.private/panda_sim_custom_action_server/cmake.lock, /home/student/haptic_ws/devel/./cmake.lock)
Cleaning: (/home/student/haptic_ws/devel/.private/panda_sim_custom_action_server/share/panda_sim_custom_action_server/docs/PandaPositionFFJointTrajectoryActionServerConfig.wikidoc, /home/student/haptic_ws/devel/share/panda_sim_custom_action_server/docs/PandaPositionFFJointTrajectoryActionServerConfig.wikidoc)
Cleaning: (/home/student/haptic_ws/devel/.private/panda_sim_custom_action_server/share/panda_sim_custom_action_server/docs/PandaPositionFFJointTrajectoryActionServerConfig-usage.dox, /home/student/haptic_ws/devel/share/panda_sim_custom_action_server/docs/PandaPositionFFJointTrajectoryActionServerConfig-usage.dox)
Cleaning: (/home/student/haptic_ws/devel/.private/panda_sim_custom_action_server/share/panda_sim_custom_action_server/docs/PandaPositionFFJointTrajectoryActionServerConfig.dox, /home/student/haptic_ws/devel/share/panda_sim_custom_action_server/docs/PandaPositionFFJointTrajectoryActionServerConfig.dox)
Cleaning: (/home/student/haptic_ws/devel/.private/panda_sim_custom_action_server/share/panda_sim_custom_action_server/cmake/panda_sim_custom_action_serverConfig-version.cmake, /home/student/haptic_ws/devel/share/panda_sim_custom_action_server/cmake/panda_sim_custom_action_serverConfig-version.cmake)
Cleaning: (/home/student/haptic_ws/devel/.private/panda_sim_custom_action_server/share/panda_sim_custom_action_server/cmake/panda_sim_custom_action_serverConfig.cmake, /home/student/haptic_ws/devel/share/panda_sim_custom_action_server/cmake/panda_sim_custom_action_serverConfig.cmake)
Cleaning: (/home/student/haptic_ws/devel/.private/panda_sim_custom_action_server/lib/python3/dist-packages/panda_sim_custom_action_server/__init__.py, /home/student/haptic_ws/devel/lib/python3/dist-packages/panda_sim_custom_action_server/__init__.py)
Cleaning: (/home/student/haptic_ws/devel/.private/panda_sim_custom_action_server/lib/python3/dist-packages/panda_sim_custom_action_server/cfg/__init__.py, /home/student/haptic_ws/devel/lib/python3/dist-packages/panda_sim_custom_action_server/cfg/__init__.py)
Cleaning: (/home/student/haptic_ws/devel/.private/panda_sim_custom_action_server/lib/python3/dist-packages/panda_sim_custom_action_server/cfg/PandaPositionFFJointTrajectoryActionServerConfig.py, /home/student/haptic_ws/devel/lib/python3/dist-packages/panda_sim_custom_action_server/cfg/PandaPositionFFJointTrajectoryActionServerConfig.py)
Cleaning: (/home/student/haptic_ws/devel/.private/panda_sim_custom_action_server/lib/pkgconfig/panda_sim_custom_action_server.pc, /home/student/haptic_ws/devel/lib/pkgconfig/panda_sim_custom_action_server.pc)
Cleaning: (/home/student/haptic_ws/devel/.private/panda_sim_custom_action_server/lib/panda_sim_custom_action_server/cmake.lock, /home/student/haptic_ws/devel/lib/panda_sim_custom_action_server/cmake.lock)
Cleaning: (/home/student/haptic_ws/devel/.private/panda_sim_custom_action_server/lib/panda_sim_custom_action_server/start_joint_trajectory_server.py, /home/student/haptic_ws/devel/lib/panda_sim_custom_action_server/start_joint_trajectory_server.py)
Cleaning: (/home/student/haptic_ws/devel/.private/panda_sim_custom_action_server/lib/panda_sim_custom_action_server/start_gripper_action_server.py, /home/student/haptic_ws/devel/lib/panda_sim_custom_action_server/start_gripper_action_server.py)
Cleaning: (/home/student/haptic_ws/devel/.private/panda_sim_custom_action_server/include/panda_sim_custom_action_server/PandaPositionFFJointTrajectoryActionServerConfig.h, /home/student/haptic_ws/devel/include/panda_sim_custom_action_server/PandaPositionFFJointTrajectoryActionServerConfig.h)
Unlinking: /home/student/haptic_ws/devel/share/panda_sim_custom_action_server/docs/PandaPositionFFJointTrajectoryActionServerConfig.wikidoc
Unlinking: /home/student/haptic_ws/devel/share/panda_sim_custom_action_server/docs/PandaPositionFFJointTrajectoryActionServerConfig-usage.dox
Unlinking: /home/student/haptic_ws/devel/share/panda_sim_custom_action_server/docs/PandaPositionFFJointTrajectoryActionServerConfig.dox
Unlinking: /home/student/haptic_ws/devel/share/panda_sim_custom_action_server/cmake/panda_sim_custom_action_serverConfig-version.cmake
Unlinking: /home/student/haptic_ws/devel/share/panda_sim_custom_action_server/cmake/panda_sim_custom_action_serverConfig.cmake
Unlinking: /home/student/haptic_ws/devel/lib/python3/dist-packages/panda_sim_custom_action_server/__init__.py
Unlinking: /home/student/haptic_ws/devel/lib/python3/dist-packages/panda_sim_custom_action_server/cfg/__init__.py
Unlinking: /home/student/haptic_ws/devel/lib/python3/dist-packages/panda_sim_custom_action_server/cfg/PandaPositionFFJointTrajectoryActionServerConfig.py
Unlinking: /home/student/haptic_ws/devel/lib/pkgconfig/panda_sim_custom_action_server.pc
Unlinking: /home/student/haptic_ws/devel/lib/panda_sim_custom_action_server/cmake.lock
Unlinking: /home/student/haptic_ws/devel/lib/panda_sim_custom_action_server/start_joint_trajectory_server.py
Unlinking: /home/student/haptic_ws/devel/lib/panda_sim_custom_action_server/start_gripper_action_server.py
Unlinking: /home/student/haptic_ws/devel/include/panda_sim_custom_action_server/PandaPositionFFJointTrajectoryActionServerConfig.h
