Warning: Cannot symlink from /home/student/HapticDeviceGaggioli/haptic_ws/devel/.private/franka_interface/share/franka_interface/cmake/franka_interfaceConfig.cmake to existing file /home/student/HapticDeviceGaggioli/haptic_ws/devel/share/franka_interface/cmake/franka_interfaceConfig.cmake
Warning: Source hash: 70aa2c619aa1f5ef31d54d6722e0b228
Warning: Dest hash: 5311fbd3e93963f602942821f9e5b024
Warning: Cannot symlink from /home/student/HapticDeviceGaggioli/haptic_ws/devel/.private/franka_interface/lib/libcustom_franka_state_controller.so to existing file /home/student/HapticDeviceGaggioli/haptic_ws/devel/lib/libcustom_franka_state_controller.so
Warning: Source hash: 60c8646bd94f6600a9e1a279863377a3
Warning: Dest hash: 8a18a34bedcd70359e979140bf8d32a8
Warning: Cannot symlink from /home/student/HapticDeviceGaggioli/haptic_ws/devel/.private/franka_interface/lib/python3/dist-packages/franka_dataflow/__init__.py to existing file /home/student/HapticDeviceGaggioli/haptic_ws/devel/lib/python3/dist-packages/franka_dataflow/__init__.py
Warning: Source hash: 2b5485ba3a85d06824dc4a500a237484
Warning: Dest hash: 52062620776aa9a827376df68d3bc73d
Warning: Cannot symlink from /home/student/HapticDeviceGaggioli/haptic_ws/devel/.private/franka_interface/lib/python3/dist-packages/franka_interface/__init__.py to existing file /home/student/HapticDeviceGaggioli/haptic_ws/devel/lib/python3/dist-packages/franka_interface/__init__.py
Warning: Source hash: 2b5485ba3a85d06824dc4a500a237484
Warning: Dest hash: 52062620776aa9a827376df68d3bc73d
Warning: Cannot symlink from /home/student/HapticDeviceGaggioli/haptic_ws/devel/.private/franka_interface/lib/pkgconfig/franka_interface.pc to existing file /home/student/HapticDeviceGaggioli/haptic_ws/devel/lib/pkgconfig/franka_interface.pc
Warning: Source hash: 17621cad7963483fa087f4458992dbf2
Warning: Dest hash: 36a8bea023627eba004d90a29409106f
Warning: Cannot symlink from /home/student/HapticDeviceGaggioli/haptic_ws/devel/.private/franka_interface/lib/franka_interface/move_to_neutral.py to existing file /home/student/HapticDeviceGaggioli/haptic_ws/devel/lib/franka_interface/move_to_neutral.py
Warning: Source hash: a4892c22a8972d96da9055c83dfe7266
Warning: Dest hash: 7076334a2a4d2ab92d39906facb46c3b
Warning: Cannot symlink from /home/student/HapticDeviceGaggioli/haptic_ws/devel/.private/franka_interface/lib/franka_interface/custom_franka_control_node to existing file /home/student/HapticDeviceGaggioli/haptic_ws/devel/lib/franka_interface/custom_franka_control_node
Warning: Source hash: 1469278e859dc7fa870ccad72b08d3cd
Warning: Dest hash: 10e6fda585a65169bcca2530485cab27
Warning: Cannot symlink from /home/student/HapticDeviceGaggioli/haptic_ws/devel/.private/franka_interface/lib/franka_interface/simple_gripper.py to existing file /home/student/HapticDeviceGaggioli/haptic_ws/devel/lib/franka_interface/simple_gripper.py
Warning: Source hash: 94b6895b5764ca37d2de8079cde1281e
Warning: Dest hash: 030496677741a17557daec2f036facf2
Warning: Cannot symlink from /home/student/HapticDeviceGaggioli/haptic_ws/devel/.private/franka_interface/lib/franka_interface/enable_robot.py to existing file /home/student/HapticDeviceGaggioli/haptic_ws/devel/lib/franka_interface/enable_robot.py
Warning: Source hash: 0775aeadf07578a3b97d918b1efc5b6c
Warning: Dest hash: a8d18c35eb24bd99af1b692bd5f36256
Warning: Cannot symlink from /home/student/HapticDeviceGaggioli/haptic_ws/devel/.private/franka_interface/lib/franka_interface/demo_joint_positions_keyboard.py to existing file /home/student/HapticDeviceGaggioli/haptic_ws/devel/lib/franka_interface/demo_joint_positions_keyboard.py
Warning: Source hash: de94731b65274d5caf5f30d673817b16
Warning: Dest hash: f6ad9a17fbccf34e72da4cb5e311a001
Cleaning: (/home/student/haptic_ws/devel/.private/franka_interface/cmake.lock, /home/student/haptic_ws/devel/./cmake.lock)
Cleaning: (/home/student/haptic_ws/devel/.private/franka_interface/share/franka_interface/cmake/franka_interfaceConfig.cmake, /home/student/haptic_ws/devel/share/franka_interface/cmake/franka_interfaceConfig.cmake)
Cleaning: (/home/student/haptic_ws/devel/.private/franka_interface/share/franka_interface/cmake/franka_interfaceConfig-version.cmake, /home/student/haptic_ws/devel/share/franka_interface/cmake/franka_interfaceConfig-version.cmake)
Cleaning: (/home/student/haptic_ws/devel/.private/franka_interface/lib/libcustom_franka_state_controller.so, /home/student/haptic_ws/devel/lib/libcustom_franka_state_controller.so)
Cleaning: (/home/student/haptic_ws/devel/.private/franka_interface/lib/python3/dist-packages/franka_dataflow/__init__.py, /home/student/haptic_ws/devel/lib/python3/dist-packages/franka_dataflow/__init__.py)
Cleaning: (/home/student/haptic_ws/devel/.private/franka_interface/lib/python3/dist-packages/franka_interface/__init__.py, /home/student/haptic_ws/devel/lib/python3/dist-packages/franka_interface/__init__.py)
Cleaning: (/home/student/haptic_ws/devel/.private/franka_interface/lib/pkgconfig/franka_interface.pc, /home/student/haptic_ws/devel/lib/pkgconfig/franka_interface.pc)
Cleaning: (/home/student/haptic_ws/devel/.private/franka_interface/lib/franka_interface/move_to_neutral.py, /home/student/haptic_ws/devel/lib/franka_interface/move_to_neutral.py)
Cleaning: (/home/student/haptic_ws/devel/.private/franka_interface/lib/franka_interface/custom_franka_control_node, /home/student/haptic_ws/devel/lib/franka_interface/custom_franka_control_node)
Cleaning: (/home/student/haptic_ws/devel/.private/franka_interface/lib/franka_interface/cmake.lock, /home/student/haptic_ws/devel/lib/franka_interface/cmake.lock)
Cleaning: (/home/student/haptic_ws/devel/.private/franka_interface/lib/franka_interface/simple_gripper.py, /home/student/haptic_ws/devel/lib/franka_interface/simple_gripper.py)
Cleaning: (/home/student/haptic_ws/devel/.private/franka_interface/lib/franka_interface/enable_robot.py, /home/student/haptic_ws/devel/lib/franka_interface/enable_robot.py)
Cleaning: (/home/student/haptic_ws/devel/.private/franka_interface/lib/franka_interface/demo_joint_positions_keyboard.py, /home/student/haptic_ws/devel/lib/franka_interface/demo_joint_positions_keyboard.py)
Unlinking: /home/student/haptic_ws/devel/share/franka_interface/cmake/franka_interfaceConfig.cmake
Unlinking: /home/student/haptic_ws/devel/share/franka_interface/cmake/franka_interfaceConfig-version.cmake
Unlinking: /home/student/haptic_ws/devel/lib/libcustom_franka_state_controller.so
Unlinking: /home/student/haptic_ws/devel/lib/python3/dist-packages/franka_dataflow/__init__.py
Unlinking: /home/student/haptic_ws/devel/lib/python3/dist-packages/franka_interface/__init__.py
Unlinking: /home/student/haptic_ws/devel/lib/pkgconfig/franka_interface.pc
Unlinking: /home/student/haptic_ws/devel/lib/franka_interface/move_to_neutral.py
Unlinking: /home/student/haptic_ws/devel/lib/franka_interface/custom_franka_control_node
Unlinking: /home/student/haptic_ws/devel/lib/franka_interface/cmake.lock
Unlinking: /home/student/haptic_ws/devel/lib/franka_interface/simple_gripper.py
Unlinking: /home/student/haptic_ws/devel/lib/franka_interface/enable_robot.py
Unlinking: /home/student/haptic_ws/devel/lib/franka_interface/demo_joint_positions_keyboard.py
