Warning: Cannot symlink from /home/student/HapticDeviceGaggioli/haptic_ws/devel/.private/franka_msgs/share/franka_msgs/cmake/franka_msgsConfig.cmake to existing file /home/student/HapticDeviceGaggioli/haptic_ws/devel/share/franka_msgs/cmake/franka_msgsConfig.cmake
Warning: Source hash: d7848d5fac33818843b9c9ed3957882d
Warning: Dest hash: 55dd4db879f8bda6cd2502ff45f57a1e
Warning: Cannot symlink from /home/student/HapticDeviceGaggioli/haptic_ws/devel/.private/franka_msgs/share/franka_msgs/cmake/franka_msgs-msg-extras.cmake to existing file /home/student/HapticDeviceGaggioli/haptic_ws/devel/share/franka_msgs/cmake/franka_msgs-msg-extras.cmake
Warning: Source hash: f4db322ab25d39633e7f28c7049bb2e4
Warning: Dest hash: cf499bed263c4e4cedb3be10d8ef603b
Warning: Cannot symlink from /home/student/HapticDeviceGaggioli/haptic_ws/devel/.private/franka_msgs/share/franka_msgs/cmake/franka_msgs-msg-paths.cmake to existing file /home/student/HapticDeviceGaggioli/haptic_ws/devel/share/franka_msgs/cmake/franka_msgs-msg-paths.cmake
Warning: Source hash: 77bd5f99c27be4a266947e288c18b0fb
Warning: Dest hash: ab00923827f6ccb640d023e8ee81272f
Warning: Cannot symlink from /home/student/HapticDeviceGaggioli/haptic_ws/devel/.private/franka_msgs/lib/pkgconfig/franka_msgs.pc to existing file /home/student/HapticDeviceGaggioli/haptic_ws/devel/lib/pkgconfig/franka_msgs.pc
Warning: Source hash: 199415cdf39b03dcc10edd8e59f13532
Warning: Dest hash: 3fb26f114b2a4a2b8901e51e64879b93
Cleaning: (/home/student/haptic_ws/devel/.private/franka_msgs/cmake.lock, /home/student/haptic_ws/devel/./cmake.lock)
Cleaning: (/home/student/haptic_ws/devel/.private/franka_msgs/share/franka_msgs/msg/ErrorRecoveryActionResult.msg, /home/student/haptic_ws/devel/share/franka_msgs/msg/ErrorRecoveryActionResult.msg)
Cleaning: (/home/student/haptic_ws/devel/.private/franka_msgs/share/franka_msgs/msg/ErrorRecoveryAction.msg, /home/student/haptic_ws/devel/share/franka_msgs/msg/ErrorRecoveryAction.msg)
Cleaning: (/home/student/haptic_ws/devel/.private/franka_msgs/share/franka_msgs/msg/ErrorRecoveryActionFeedback.msg, /home/student/haptic_ws/devel/share/franka_msgs/msg/ErrorRecoveryActionFeedback.msg)
Cleaning: (/home/student/haptic_ws/devel/.private/franka_msgs/share/franka_msgs/msg/ErrorRecoveryResult.msg, /home/student/haptic_ws/devel/share/franka_msgs/msg/ErrorRecoveryResult.msg)
Cleaning: (/home/student/haptic_ws/devel/.private/franka_msgs/share/franka_msgs/msg/ErrorRecoveryFeedback.msg, /home/student/haptic_ws/devel/share/franka_msgs/msg/ErrorRecoveryFeedback.msg)
Cleaning: (/home/student/haptic_ws/devel/.private/franka_msgs/share/franka_msgs/msg/ErrorRecoveryGoal.msg, /home/student/haptic_ws/devel/share/franka_msgs/msg/ErrorRecoveryGoal.msg)
Cleaning: (/home/student/haptic_ws/devel/.private/franka_msgs/share/franka_msgs/msg/ErrorRecoveryActionGoal.msg, /home/student/haptic_ws/devel/share/franka_msgs/msg/ErrorRecoveryActionGoal.msg)
Cleaning: (/home/student/haptic_ws/devel/.private/franka_msgs/share/franka_msgs/cmake/franka_msgsConfig.cmake, /home/student/haptic_ws/devel/share/franka_msgs/cmake/franka_msgsConfig.cmake)
Cleaning: (/home/student/haptic_ws/devel/.private/franka_msgs/share/franka_msgs/cmake/franka_msgsConfig-version.cmake, /home/student/haptic_ws/devel/share/franka_msgs/cmake/franka_msgsConfig-version.cmake)
Cleaning: (/home/student/haptic_ws/devel/.private/franka_msgs/share/franka_msgs/cmake/franka_msgs-msg-extras.cmake, /home/student/haptic_ws/devel/share/franka_msgs/cmake/franka_msgs-msg-extras.cmake)
Cleaning: (/home/student/haptic_ws/devel/.private/franka_msgs/share/franka_msgs/cmake/franka_msgs-msg-paths.cmake, /home/student/haptic_ws/devel/share/franka_msgs/cmake/franka_msgs-msg-paths.cmake)
Cleaning: (/home/student/haptic_ws/devel/.private/franka_msgs/share/common-lisp/ros/franka_msgs/srv/_package_SetFullCollisionBehavior.lisp, /home/student/haptic_ws/devel/share/common-lisp/ros/franka_msgs/srv/_package_SetFullCollisionBehavior.lisp)
Cleaning: (/home/student/haptic_ws/devel/.private/franka_msgs/share/common-lisp/ros/franka_msgs/srv/SetForceTorqueCollisionBehavior.lisp, /home/student/haptic_ws/devel/share/common-lisp/ros/franka_msgs/srv/SetForceTorqueCollisionBehavior.lisp)
Cleaning: (/home/student/haptic_ws/devel/.private/franka_msgs/share/common-lisp/ros/franka_msgs/srv/_package_SetJointImpedance.lisp, /home/student/haptic_ws/devel/share/common-lisp/ros/franka_msgs/srv/_package_SetJointImpedance.lisp)
Cleaning: (/home/student/haptic_ws/devel/.private/franka_msgs/share/common-lisp/ros/franka_msgs/srv/SetCartesianImpedance.lisp, /home/student/haptic_ws/devel/share/common-lisp/ros/franka_msgs/srv/SetCartesianImpedance.lisp)
Cleaning: (/home/student/haptic_ws/devel/.private/franka_msgs/share/common-lisp/ros/franka_msgs/srv/_package_SetKFrame.lisp, /home/student/haptic_ws/devel/share/common-lisp/ros/franka_msgs/srv/_package_SetKFrame.lisp)
Cleaning: (/home/student/haptic_ws/devel/.private/franka_msgs/share/common-lisp/ros/franka_msgs/srv/SetJointImpedance.lisp, /home/student/haptic_ws/devel/share/common-lisp/ros/franka_msgs/srv/SetJointImpedance.lisp)
Cleaning: (/home/student/haptic_ws/devel/.private/franka_msgs/share/common-lisp/ros/franka_msgs/srv/_package_SetCartesianImpedance.lisp, /home/student/haptic_ws/devel/share/common-lisp/ros/franka_msgs/srv/_package_SetCartesianImpedance.lisp)
Cleaning: (/home/student/haptic_ws/devel/.private/franka_msgs/share/common-lisp/ros/franka_msgs/srv/_package.lisp, /home/student/haptic_ws/devel/share/common-lisp/ros/franka_msgs/srv/_package.lisp)
Cleaning: (/home/student/haptic_ws/devel/.private/franka_msgs/share/common-lisp/ros/franka_msgs/srv/franka_msgs-srv.asd, /home/student/haptic_ws/devel/share/common-lisp/ros/franka_msgs/srv/franka_msgs-srv.asd)
Cleaning: (/home/student/haptic_ws/devel/.private/franka_msgs/share/common-lisp/ros/franka_msgs/srv/_package_SetForceTorqueCollisionBehavior.lisp, /home/student/haptic_ws/devel/share/common-lisp/ros/franka_msgs/srv/_package_SetForceTorqueCollisionBehavior.lisp)
Cleaning: (/home/student/haptic_ws/devel/.private/franka_msgs/share/common-lisp/ros/franka_msgs/srv/SetFullCollisionBehavior.lisp, /home/student/haptic_ws/devel/share/common-lisp/ros/franka_msgs/srv/SetFullCollisionBehavior.lisp)
Cleaning: (/home/student/haptic_ws/devel/.private/franka_msgs/share/common-lisp/ros/franka_msgs/srv/SetLoad.lisp, /home/student/haptic_ws/devel/share/common-lisp/ros/franka_msgs/srv/SetLoad.lisp)
Cleaning: (/home/student/haptic_ws/devel/.private/franka_msgs/share/common-lisp/ros/franka_msgs/srv/_package_SetEEFrame.lisp, /home/student/haptic_ws/devel/share/common-lisp/ros/franka_msgs/srv/_package_SetEEFrame.lisp)
Cleaning: (/home/student/haptic_ws/devel/.private/franka_msgs/share/common-lisp/ros/franka_msgs/srv/SetEEFrame.lisp, /home/student/haptic_ws/devel/share/common-lisp/ros/franka_msgs/srv/SetEEFrame.lisp)
Cleaning: (/home/student/haptic_ws/devel/.private/franka_msgs/share/common-lisp/ros/franka_msgs/srv/SetKFrame.lisp, /home/student/haptic_ws/devel/share/common-lisp/ros/franka_msgs/srv/SetKFrame.lisp)
Cleaning: (/home/student/haptic_ws/devel/.private/franka_msgs/share/common-lisp/ros/franka_msgs/srv/_package_SetLoad.lisp, /home/student/haptic_ws/devel/share/common-lisp/ros/franka_msgs/srv/_package_SetLoad.lisp)
Cleaning: (/home/student/haptic_ws/devel/.private/franka_msgs/share/common-lisp/ros/franka_msgs/msg/_package_ErrorRecoveryAction.lisp, /home/student/haptic_ws/devel/share/common-lisp/ros/franka_msgs/msg/_package_ErrorRecoveryAction.lisp)
Cleaning: (/home/student/haptic_ws/devel/.private/franka_msgs/share/common-lisp/ros/franka_msgs/msg/_package_ErrorRecoveryFeedback.lisp, /home/student/haptic_ws/devel/share/common-lisp/ros/franka_msgs/msg/_package_ErrorRecoveryFeedback.lisp)
Cleaning: (/home/student/haptic_ws/devel/.private/franka_msgs/share/common-lisp/ros/franka_msgs/msg/_package_ErrorRecoveryActionGoal.lisp, /home/student/haptic_ws/devel/share/common-lisp/ros/franka_msgs/msg/_package_ErrorRecoveryActionGoal.lisp)
Cleaning: (/home/student/haptic_ws/devel/.private/franka_msgs/share/common-lisp/ros/franka_msgs/msg/ErrorRecoveryActionFeedback.lisp, /home/student/haptic_ws/devel/share/common-lisp/ros/franka_msgs/msg/ErrorRecoveryActionFeedback.lisp)
Cleaning: (/home/student/haptic_ws/devel/.private/franka_msgs/share/common-lisp/ros/franka_msgs/msg/ErrorRecoveryResult.lisp, /home/student/haptic_ws/devel/share/common-lisp/ros/franka_msgs/msg/ErrorRecoveryResult.lisp)
Cleaning: (/home/student/haptic_ws/devel/.private/franka_msgs/share/common-lisp/ros/franka_msgs/msg/ErrorRecoveryAction.lisp, /home/student/haptic_ws/devel/share/common-lisp/ros/franka_msgs/msg/ErrorRecoveryAction.lisp)
Cleaning: (/home/student/haptic_ws/devel/.private/franka_msgs/share/common-lisp/ros/franka_msgs/msg/Errors.lisp, /home/student/haptic_ws/devel/share/common-lisp/ros/franka_msgs/msg/Errors.lisp)
Cleaning: (/home/student/haptic_ws/devel/.private/franka_msgs/share/common-lisp/ros/franka_msgs/msg/franka_msgs-msg.asd, /home/student/haptic_ws/devel/share/common-lisp/ros/franka_msgs/msg/franka_msgs-msg.asd)
Cleaning: (/home/student/haptic_ws/devel/.private/franka_msgs/share/common-lisp/ros/franka_msgs/msg/FrankaState.lisp, /home/student/haptic_ws/devel/share/common-lisp/ros/franka_msgs/msg/FrankaState.lisp)
Cleaning: (/home/student/haptic_ws/devel/.private/franka_msgs/share/common-lisp/ros/franka_msgs/msg/_package_Errors.lisp, /home/student/haptic_ws/devel/share/common-lisp/ros/franka_msgs/msg/_package_Errors.lisp)
Cleaning: (/home/student/haptic_ws/devel/.private/franka_msgs/share/common-lisp/ros/franka_msgs/msg/_package_ErrorRecoveryActionResult.lisp, /home/student/haptic_ws/devel/share/common-lisp/ros/franka_msgs/msg/_package_ErrorRecoveryActionResult.lisp)
Cleaning: (/home/student/haptic_ws/devel/.private/franka_msgs/share/common-lisp/ros/franka_msgs/msg/_package.lisp, /home/student/haptic_ws/devel/share/common-lisp/ros/franka_msgs/msg/_package.lisp)
Cleaning: (/home/student/haptic_ws/devel/.private/franka_msgs/share/common-lisp/ros/franka_msgs/msg/ErrorRecoveryGoal.lisp, /home/student/haptic_ws/devel/share/common-lisp/ros/franka_msgs/msg/ErrorRecoveryGoal.lisp)
Cleaning: (/home/student/haptic_ws/devel/.private/franka_msgs/share/common-lisp/ros/franka_msgs/msg/_package_ErrorRecoveryActionFeedback.lisp, /home/student/haptic_ws/devel/share/common-lisp/ros/franka_msgs/msg/_package_ErrorRecoveryActionFeedback.lisp)
Cleaning: (/home/student/haptic_ws/devel/.private/franka_msgs/share/common-lisp/ros/franka_msgs/msg/_package_ErrorRecoveryGoal.lisp, /home/student/haptic_ws/devel/share/common-lisp/ros/franka_msgs/msg/_package_ErrorRecoveryGoal.lisp)
Cleaning: (/home/student/haptic_ws/devel/.private/franka_msgs/share/common-lisp/ros/franka_msgs/msg/_package_ErrorRecoveryResult.lisp, /home/student/haptic_ws/devel/share/common-lisp/ros/franka_msgs/msg/_package_ErrorRecoveryResult.lisp)
Cleaning: (/home/student/haptic_ws/devel/.private/franka_msgs/share/common-lisp/ros/franka_msgs/msg/ErrorRecoveryActionGoal.lisp, /home/student/haptic_ws/devel/share/common-lisp/ros/franka_msgs/msg/ErrorRecoveryActionGoal.lisp)
Cleaning: (/home/student/haptic_ws/devel/.private/franka_msgs/share/common-lisp/ros/franka_msgs/msg/ErrorRecoveryFeedback.lisp, /home/student/haptic_ws/devel/share/common-lisp/ros/franka_msgs/msg/ErrorRecoveryFeedback.lisp)
Cleaning: (/home/student/haptic_ws/devel/.private/franka_msgs/share/common-lisp/ros/franka_msgs/msg/ErrorRecoveryActionResult.lisp, /home/student/haptic_ws/devel/share/common-lisp/ros/franka_msgs/msg/ErrorRecoveryActionResult.lisp)
Cleaning: (/home/student/haptic_ws/devel/.private/franka_msgs/share/common-lisp/ros/franka_msgs/msg/_package_FrankaState.lisp, /home/student/haptic_ws/devel/share/common-lisp/ros/franka_msgs/msg/_package_FrankaState.lisp)
Cleaning: (/home/student/haptic_ws/devel/.private/franka_msgs/share/roseus/ros/franka_msgs/manifest.l, /home/student/haptic_ws/devel/share/roseus/ros/franka_msgs/manifest.l)
Cleaning: (/home/student/haptic_ws/devel/.private/franka_msgs/share/roseus/ros/franka_msgs/srv/SetFullCollisionBehavior.l, /home/student/haptic_ws/devel/share/roseus/ros/franka_msgs/srv/SetFullCollisionBehavior.l)
Cleaning: (/home/student/haptic_ws/devel/.private/franka_msgs/share/roseus/ros/franka_msgs/srv/SetKFrame.l, /home/student/haptic_ws/devel/share/roseus/ros/franka_msgs/srv/SetKFrame.l)
Cleaning: (/home/student/haptic_ws/devel/.private/franka_msgs/share/roseus/ros/franka_msgs/srv/SetForceTorqueCollisionBehavior.l, /home/student/haptic_ws/devel/share/roseus/ros/franka_msgs/srv/SetForceTorqueCollisionBehavior.l)
Cleaning: (/home/student/haptic_ws/devel/.private/franka_msgs/share/roseus/ros/franka_msgs/srv/SetJointImpedance.l, /home/student/haptic_ws/devel/share/roseus/ros/franka_msgs/srv/SetJointImpedance.l)
Cleaning: (/home/student/haptic_ws/devel/.private/franka_msgs/share/roseus/ros/franka_msgs/srv/SetEEFrame.l, /home/student/haptic_ws/devel/share/roseus/ros/franka_msgs/srv/SetEEFrame.l)
Cleaning: (/home/student/haptic_ws/devel/.private/franka_msgs/share/roseus/ros/franka_msgs/srv/SetLoad.l, /home/student/haptic_ws/devel/share/roseus/ros/franka_msgs/srv/SetLoad.l)
Cleaning: (/home/student/haptic_ws/devel/.private/franka_msgs/share/roseus/ros/franka_msgs/srv/SetCartesianImpedance.l, /home/student/haptic_ws/devel/share/roseus/ros/franka_msgs/srv/SetCartesianImpedance.l)
Cleaning: (/home/student/haptic_ws/devel/.private/franka_msgs/share/roseus/ros/franka_msgs/msg/ErrorRecoveryActionGoal.l, /home/student/haptic_ws/devel/share/roseus/ros/franka_msgs/msg/ErrorRecoveryActionGoal.l)
Cleaning: (/home/student/haptic_ws/devel/.private/franka_msgs/share/roseus/ros/franka_msgs/msg/ErrorRecoveryActionFeedback.l, /home/student/haptic_ws/devel/share/roseus/ros/franka_msgs/msg/ErrorRecoveryActionFeedback.l)
Cleaning: (/home/student/haptic_ws/devel/.private/franka_msgs/share/roseus/ros/franka_msgs/msg/ErrorRecoveryFeedback.l, /home/student/haptic_ws/devel/share/roseus/ros/franka_msgs/msg/ErrorRecoveryFeedback.l)
Cleaning: (/home/student/haptic_ws/devel/.private/franka_msgs/share/roseus/ros/franka_msgs/msg/ErrorRecoveryResult.l, /home/student/haptic_ws/devel/share/roseus/ros/franka_msgs/msg/ErrorRecoveryResult.l)
Cleaning: (/home/student/haptic_ws/devel/.private/franka_msgs/share/roseus/ros/franka_msgs/msg/Errors.l, /home/student/haptic_ws/devel/share/roseus/ros/franka_msgs/msg/Errors.l)
Cleaning: (/home/student/haptic_ws/devel/.private/franka_msgs/share/roseus/ros/franka_msgs/msg/ErrorRecoveryActionResult.l, /home/student/haptic_ws/devel/share/roseus/ros/franka_msgs/msg/ErrorRecoveryActionResult.l)
Cleaning: (/home/student/haptic_ws/devel/.private/franka_msgs/share/roseus/ros/franka_msgs/msg/ErrorRecoveryAction.l, /home/student/haptic_ws/devel/share/roseus/ros/franka_msgs/msg/ErrorRecoveryAction.l)
Cleaning: (/home/student/haptic_ws/devel/.private/franka_msgs/share/roseus/ros/franka_msgs/msg/ErrorRecoveryGoal.l, /home/student/haptic_ws/devel/share/roseus/ros/franka_msgs/msg/ErrorRecoveryGoal.l)
Cleaning: (/home/student/haptic_ws/devel/.private/franka_msgs/share/roseus/ros/franka_msgs/msg/FrankaState.l, /home/student/haptic_ws/devel/share/roseus/ros/franka_msgs/msg/FrankaState.l)
Cleaning: (/home/student/haptic_ws/devel/.private/franka_msgs/share/gennodejs/ros/franka_msgs/_index.js, /home/student/haptic_ws/devel/share/gennodejs/ros/franka_msgs/_index.js)
Cleaning: (/home/student/haptic_ws/devel/.private/franka_msgs/share/gennodejs/ros/franka_msgs/srv/SetCartesianImpedance.js, /home/student/haptic_ws/devel/share/gennodejs/ros/franka_msgs/srv/SetCartesianImpedance.js)
Cleaning: (/home/student/haptic_ws/devel/.private/franka_msgs/share/gennodejs/ros/franka_msgs/srv/SetLoad.js, /home/student/haptic_ws/devel/share/gennodejs/ros/franka_msgs/srv/SetLoad.js)
Cleaning: (/home/student/haptic_ws/devel/.private/franka_msgs/share/gennodejs/ros/franka_msgs/srv/SetKFrame.js, /home/student/haptic_ws/devel/share/gennodejs/ros/franka_msgs/srv/SetKFrame.js)
Cleaning: (/home/student/haptic_ws/devel/.private/franka_msgs/share/gennodejs/ros/franka_msgs/srv/SetForceTorqueCollisionBehavior.js, /home/student/haptic_ws/devel/share/gennodejs/ros/franka_msgs/srv/SetForceTorqueCollisionBehavior.js)
Cleaning: (/home/student/haptic_ws/devel/.private/franka_msgs/share/gennodejs/ros/franka_msgs/srv/SetJointImpedance.js, /home/student/haptic_ws/devel/share/gennodejs/ros/franka_msgs/srv/SetJointImpedance.js)
Cleaning: (/home/student/haptic_ws/devel/.private/franka_msgs/share/gennodejs/ros/franka_msgs/srv/SetFullCollisionBehavior.js, /home/student/haptic_ws/devel/share/gennodejs/ros/franka_msgs/srv/SetFullCollisionBehavior.js)
Cleaning: (/home/student/haptic_ws/devel/.private/franka_msgs/share/gennodejs/ros/franka_msgs/srv/SetEEFrame.js, /home/student/haptic_ws/devel/share/gennodejs/ros/franka_msgs/srv/SetEEFrame.js)
Cleaning: (/home/student/haptic_ws/devel/.private/franka_msgs/share/gennodejs/ros/franka_msgs/srv/_index.js, /home/student/haptic_ws/devel/share/gennodejs/ros/franka_msgs/srv/_index.js)
Cleaning: (/home/student/haptic_ws/devel/.private/franka_msgs/share/gennodejs/ros/franka_msgs/msg/Errors.js, /home/student/haptic_ws/devel/share/gennodejs/ros/franka_msgs/msg/Errors.js)
Cleaning: (/home/student/haptic_ws/devel/.private/franka_msgs/share/gennodejs/ros/franka_msgs/msg/ErrorRecoveryActionGoal.js, /home/student/haptic_ws/devel/share/gennodejs/ros/franka_msgs/msg/ErrorRecoveryActionGoal.js)
Cleaning: (/home/student/haptic_ws/devel/.private/franka_msgs/share/gennodejs/ros/franka_msgs/msg/FrankaState.js, /home/student/haptic_ws/devel/share/gennodejs/ros/franka_msgs/msg/FrankaState.js)
Cleaning: (/home/student/haptic_ws/devel/.private/franka_msgs/share/gennodejs/ros/franka_msgs/msg/ErrorRecoveryGoal.js, /home/student/haptic_ws/devel/share/gennodejs/ros/franka_msgs/msg/ErrorRecoveryGoal.js)
Cleaning: (/home/student/haptic_ws/devel/.private/franka_msgs/share/gennodejs/ros/franka_msgs/msg/ErrorRecoveryActionFeedback.js, /home/student/haptic_ws/devel/share/gennodejs/ros/franka_msgs/msg/ErrorRecoveryActionFeedback.js)
Cleaning: (/home/student/haptic_ws/devel/.private/franka_msgs/share/gennodejs/ros/franka_msgs/msg/ErrorRecoveryActionResult.js, /home/student/haptic_ws/devel/share/gennodejs/ros/franka_msgs/msg/ErrorRecoveryActionResult.js)
Cleaning: (/home/student/haptic_ws/devel/.private/franka_msgs/share/gennodejs/ros/franka_msgs/msg/ErrorRecoveryResult.js, /home/student/haptic_ws/devel/share/gennodejs/ros/franka_msgs/msg/ErrorRecoveryResult.js)
Cleaning: (/home/student/haptic_ws/devel/.private/franka_msgs/share/gennodejs/ros/franka_msgs/msg/ErrorRecoveryFeedback.js, /home/student/haptic_ws/devel/share/gennodejs/ros/franka_msgs/msg/ErrorRecoveryFeedback.js)
Cleaning: (/home/student/haptic_ws/devel/.private/franka_msgs/share/gennodejs/ros/franka_msgs/msg/ErrorRecoveryAction.js, /home/student/haptic_ws/devel/share/gennodejs/ros/franka_msgs/msg/ErrorRecoveryAction.js)
Cleaning: (/home/student/haptic_ws/devel/.private/franka_msgs/share/gennodejs/ros/franka_msgs/msg/_index.js, /home/student/haptic_ws/devel/share/gennodejs/ros/franka_msgs/msg/_index.js)
Cleaning: (/home/student/haptic_ws/devel/.private/franka_msgs/lib/python3/dist-packages/franka_msgs/__init__.py, /home/student/haptic_ws/devel/lib/python3/dist-packages/franka_msgs/__init__.py)
Cleaning: (/home/student/haptic_ws/devel/.private/franka_msgs/lib/python3/dist-packages/franka_msgs/srv/_SetForceTorqueCollisionBehavior.py, /home/student/haptic_ws/devel/lib/python3/dist-packages/franka_msgs/srv/_SetForceTorqueCollisionBehavior.py)
Cleaning: (/home/student/haptic_ws/devel/.private/franka_msgs/lib/python3/dist-packages/franka_msgs/srv/_SetFullCollisionBehavior.py, /home/student/haptic_ws/devel/lib/python3/dist-packages/franka_msgs/srv/_SetFullCollisionBehavior.py)
Cleaning: (/home/student/haptic_ws/devel/.private/franka_msgs/lib/python3/dist-packages/franka_msgs/srv/_SetLoad.py, /home/student/haptic_ws/devel/lib/python3/dist-packages/franka_msgs/srv/_SetLoad.py)
Cleaning: (/home/student/haptic_ws/devel/.private/franka_msgs/lib/python3/dist-packages/franka_msgs/srv/__init__.py, /home/student/haptic_ws/devel/lib/python3/dist-packages/franka_msgs/srv/__init__.py)
Cleaning: (/home/student/haptic_ws/devel/.private/franka_msgs/lib/python3/dist-packages/franka_msgs/srv/_SetCartesianImpedance.py, /home/student/haptic_ws/devel/lib/python3/dist-packages/franka_msgs/srv/_SetCartesianImpedance.py)
Cleaning: (/home/student/haptic_ws/devel/.private/franka_msgs/lib/python3/dist-packages/franka_msgs/srv/_SetKFrame.py, /home/student/haptic_ws/devel/lib/python3/dist-packages/franka_msgs/srv/_SetKFrame.py)
Cleaning: (/home/student/haptic_ws/devel/.private/franka_msgs/lib/python3/dist-packages/franka_msgs/srv/_SetJointImpedance.py, /home/student/haptic_ws/devel/lib/python3/dist-packages/franka_msgs/srv/_SetJointImpedance.py)
Cleaning: (/home/student/haptic_ws/devel/.private/franka_msgs/lib/python3/dist-packages/franka_msgs/srv/_SetEEFrame.py, /home/student/haptic_ws/devel/lib/python3/dist-packages/franka_msgs/srv/_SetEEFrame.py)
Cleaning: (/home/student/haptic_ws/devel/.private/franka_msgs/lib/python3/dist-packages/franka_msgs/msg/_ErrorRecoveryActionFeedback.py, /home/student/haptic_ws/devel/lib/python3/dist-packages/franka_msgs/msg/_ErrorRecoveryActionFeedback.py)
Cleaning: (/home/student/haptic_ws/devel/.private/franka_msgs/lib/python3/dist-packages/franka_msgs/msg/_FrankaState.py, /home/student/haptic_ws/devel/lib/python3/dist-packages/franka_msgs/msg/_FrankaState.py)
Cleaning: (/home/student/haptic_ws/devel/.private/franka_msgs/lib/python3/dist-packages/franka_msgs/msg/_ErrorRecoveryActionResult.py, /home/student/haptic_ws/devel/lib/python3/dist-packages/franka_msgs/msg/_ErrorRecoveryActionResult.py)
Cleaning: (/home/student/haptic_ws/devel/.private/franka_msgs/lib/python3/dist-packages/franka_msgs/msg/_ErrorRecoveryResult.py, /home/student/haptic_ws/devel/lib/python3/dist-packages/franka_msgs/msg/_ErrorRecoveryResult.py)
Cleaning: (/home/student/haptic_ws/devel/.private/franka_msgs/lib/python3/dist-packages/franka_msgs/msg/__init__.py, /home/student/haptic_ws/devel/lib/python3/dist-packages/franka_msgs/msg/__init__.py)
Cleaning: (/home/student/haptic_ws/devel/.private/franka_msgs/lib/python3/dist-packages/franka_msgs/msg/_Errors.py, /home/student/haptic_ws/devel/lib/python3/dist-packages/franka_msgs/msg/_Errors.py)
Cleaning: (/home/student/haptic_ws/devel/.private/franka_msgs/lib/python3/dist-packages/franka_msgs/msg/_ErrorRecoveryActionGoal.py, /home/student/haptic_ws/devel/lib/python3/dist-packages/franka_msgs/msg/_ErrorRecoveryActionGoal.py)
Cleaning: (/home/student/haptic_ws/devel/.private/franka_msgs/lib/python3/dist-packages/franka_msgs/msg/_ErrorRecoveryGoal.py, /home/student/haptic_ws/devel/lib/python3/dist-packages/franka_msgs/msg/_ErrorRecoveryGoal.py)
Cleaning: (/home/student/haptic_ws/devel/.private/franka_msgs/lib/python3/dist-packages/franka_msgs/msg/_ErrorRecoveryFeedback.py, /home/student/haptic_ws/devel/lib/python3/dist-packages/franka_msgs/msg/_ErrorRecoveryFeedback.py)
Cleaning: (/home/student/haptic_ws/devel/.private/franka_msgs/lib/python3/dist-packages/franka_msgs/msg/_ErrorRecoveryAction.py, /home/student/haptic_ws/devel/lib/python3/dist-packages/franka_msgs/msg/_ErrorRecoveryAction.py)
Cleaning: (/home/student/haptic_ws/devel/.private/franka_msgs/lib/pkgconfig/franka_msgs.pc, /home/student/haptic_ws/devel/lib/pkgconfig/franka_msgs.pc)
Cleaning: (/home/student/haptic_ws/devel/.private/franka_msgs/include/franka_msgs/SetKFrameResponse.h, /home/student/haptic_ws/devel/include/franka_msgs/SetKFrameResponse.h)
Cleaning: (/home/student/haptic_ws/devel/.private/franka_msgs/include/franka_msgs/SetCartesianImpedanceRequest.h, /home/student/haptic_ws/devel/include/franka_msgs/SetCartesianImpedanceRequest.h)
Cleaning: (/home/student/haptic_ws/devel/.private/franka_msgs/include/franka_msgs/SetForceTorqueCollisionBehaviorResponse.h, /home/student/haptic_ws/devel/include/franka_msgs/SetForceTorqueCollisionBehaviorResponse.h)
Cleaning: (/home/student/haptic_ws/devel/.private/franka_msgs/include/franka_msgs/ErrorRecoveryGoal.h, /home/student/haptic_ws/devel/include/franka_msgs/ErrorRecoveryGoal.h)
Cleaning: (/home/student/haptic_ws/devel/.private/franka_msgs/include/franka_msgs/Errors.h, /home/student/haptic_ws/devel/include/franka_msgs/Errors.h)
Cleaning: (/home/student/haptic_ws/devel/.private/franka_msgs/include/franka_msgs/SetCartesianImpedanceResponse.h, /home/student/haptic_ws/devel/include/franka_msgs/SetCartesianImpedanceResponse.h)
Cleaning: (/home/student/haptic_ws/devel/.private/franka_msgs/include/franka_msgs/SetKFrame.h, /home/student/haptic_ws/devel/include/franka_msgs/SetKFrame.h)
Cleaning: (/home/student/haptic_ws/devel/.private/franka_msgs/include/franka_msgs/ErrorRecoveryActionResult.h, /home/student/haptic_ws/devel/include/franka_msgs/ErrorRecoveryActionResult.h)
Cleaning: (/home/student/haptic_ws/devel/.private/franka_msgs/include/franka_msgs/SetLoadRequest.h, /home/student/haptic_ws/devel/include/franka_msgs/SetLoadRequest.h)
Cleaning: (/home/student/haptic_ws/devel/.private/franka_msgs/include/franka_msgs/SetEEFrame.h, /home/student/haptic_ws/devel/include/franka_msgs/SetEEFrame.h)
Cleaning: (/home/student/haptic_ws/devel/.private/franka_msgs/include/franka_msgs/SetJointImpedanceResponse.h, /home/student/haptic_ws/devel/include/franka_msgs/SetJointImpedanceResponse.h)
Cleaning: (/home/student/haptic_ws/devel/.private/franka_msgs/include/franka_msgs/ErrorRecoveryAction.h, /home/student/haptic_ws/devel/include/franka_msgs/ErrorRecoveryAction.h)
Cleaning: (/home/student/haptic_ws/devel/.private/franka_msgs/include/franka_msgs/FrankaState.h, /home/student/haptic_ws/devel/include/franka_msgs/FrankaState.h)
Cleaning: (/home/student/haptic_ws/devel/.private/franka_msgs/include/franka_msgs/SetCartesianImpedance.h, /home/student/haptic_ws/devel/include/franka_msgs/SetCartesianImpedance.h)
Cleaning: (/home/student/haptic_ws/devel/.private/franka_msgs/include/franka_msgs/SetKFrameRequest.h, /home/student/haptic_ws/devel/include/franka_msgs/SetKFrameRequest.h)
Cleaning: (/home/student/haptic_ws/devel/.private/franka_msgs/include/franka_msgs/SetLoadResponse.h, /home/student/haptic_ws/devel/include/franka_msgs/SetLoadResponse.h)
Cleaning: (/home/student/haptic_ws/devel/.private/franka_msgs/include/franka_msgs/ErrorRecoveryFeedback.h, /home/student/haptic_ws/devel/include/franka_msgs/ErrorRecoveryFeedback.h)
Cleaning: (/home/student/haptic_ws/devel/.private/franka_msgs/include/franka_msgs/SetFullCollisionBehaviorResponse.h, /home/student/haptic_ws/devel/include/franka_msgs/SetFullCollisionBehaviorResponse.h)
Cleaning: (/home/student/haptic_ws/devel/.private/franka_msgs/include/franka_msgs/SetJointImpedanceRequest.h, /home/student/haptic_ws/devel/include/franka_msgs/SetJointImpedanceRequest.h)
Cleaning: (/home/student/haptic_ws/devel/.private/franka_msgs/include/franka_msgs/SetEEFrameRequest.h, /home/student/haptic_ws/devel/include/franka_msgs/SetEEFrameRequest.h)
Cleaning: (/home/student/haptic_ws/devel/.private/franka_msgs/include/franka_msgs/SetForceTorqueCollisionBehavior.h, /home/student/haptic_ws/devel/include/franka_msgs/SetForceTorqueCollisionBehavior.h)
Cleaning: (/home/student/haptic_ws/devel/.private/franka_msgs/include/franka_msgs/SetLoad.h, /home/student/haptic_ws/devel/include/franka_msgs/SetLoad.h)
Cleaning: (/home/student/haptic_ws/devel/.private/franka_msgs/include/franka_msgs/ErrorRecoveryActionFeedback.h, /home/student/haptic_ws/devel/include/franka_msgs/ErrorRecoveryActionFeedback.h)
Cleaning: (/home/student/haptic_ws/devel/.private/franka_msgs/include/franka_msgs/ErrorRecoveryActionGoal.h, /home/student/haptic_ws/devel/include/franka_msgs/ErrorRecoveryActionGoal.h)
Cleaning: (/home/student/haptic_ws/devel/.private/franka_msgs/include/franka_msgs/SetFullCollisionBehavior.h, /home/student/haptic_ws/devel/include/franka_msgs/SetFullCollisionBehavior.h)
Cleaning: (/home/student/haptic_ws/devel/.private/franka_msgs/include/franka_msgs/SetJointImpedance.h, /home/student/haptic_ws/devel/include/franka_msgs/SetJointImpedance.h)
Cleaning: (/home/student/haptic_ws/devel/.private/franka_msgs/include/franka_msgs/SetForceTorqueCollisionBehaviorRequest.h, /home/student/haptic_ws/devel/include/franka_msgs/SetForceTorqueCollisionBehaviorRequest.h)
Cleaning: (/home/student/haptic_ws/devel/.private/franka_msgs/include/franka_msgs/SetEEFrameResponse.h, /home/student/haptic_ws/devel/include/franka_msgs/SetEEFrameResponse.h)
Cleaning: (/home/student/haptic_ws/devel/.private/franka_msgs/include/franka_msgs/ErrorRecoveryResult.h, /home/student/haptic_ws/devel/include/franka_msgs/ErrorRecoveryResult.h)
Cleaning: (/home/student/haptic_ws/devel/.private/franka_msgs/include/franka_msgs/SetFullCollisionBehaviorRequest.h, /home/student/haptic_ws/devel/include/franka_msgs/SetFullCollisionBehaviorRequest.h)
Unlinking: /home/student/haptic_ws/devel/share/franka_msgs/msg/ErrorRecoveryActionResult.msg
Unlinking: /home/student/haptic_ws/devel/share/franka_msgs/msg/ErrorRecoveryAction.msg
Unlinking: /home/student/haptic_ws/devel/share/franka_msgs/msg/ErrorRecoveryActionFeedback.msg
Unlinking: /home/student/haptic_ws/devel/share/franka_msgs/msg/ErrorRecoveryResult.msg
Unlinking: /home/student/haptic_ws/devel/share/franka_msgs/msg/ErrorRecoveryFeedback.msg
Unlinking: /home/student/haptic_ws/devel/share/franka_msgs/msg/ErrorRecoveryGoal.msg
Unlinking: /home/student/haptic_ws/devel/share/franka_msgs/msg/ErrorRecoveryActionGoal.msg
Unlinking: /home/student/haptic_ws/devel/share/franka_msgs/cmake/franka_msgsConfig.cmake
Unlinking: /home/student/haptic_ws/devel/share/franka_msgs/cmake/franka_msgsConfig-version.cmake
Unlinking: /home/student/haptic_ws/devel/share/franka_msgs/cmake/franka_msgs-msg-extras.cmake
Unlinking: /home/student/haptic_ws/devel/share/franka_msgs/cmake/franka_msgs-msg-paths.cmake
Unlinking: /home/student/haptic_ws/devel/share/common-lisp/ros/franka_msgs/srv/_package_SetFullCollisionBehavior.lisp
Unlinking: /home/student/haptic_ws/devel/share/common-lisp/ros/franka_msgs/srv/SetForceTorqueCollisionBehavior.lisp
Unlinking: /home/student/haptic_ws/devel/share/common-lisp/ros/franka_msgs/srv/_package_SetJointImpedance.lisp
Unlinking: /home/student/haptic_ws/devel/share/common-lisp/ros/franka_msgs/srv/SetCartesianImpedance.lisp
Unlinking: /home/student/haptic_ws/devel/share/common-lisp/ros/franka_msgs/srv/_package_SetKFrame.lisp
Unlinking: /home/student/haptic_ws/devel/share/common-lisp/ros/franka_msgs/srv/SetJointImpedance.lisp
Unlinking: /home/student/haptic_ws/devel/share/common-lisp/ros/franka_msgs/srv/_package_SetCartesianImpedance.lisp
Unlinking: /home/student/haptic_ws/devel/share/common-lisp/ros/franka_msgs/srv/_package.lisp
Unlinking: /home/student/haptic_ws/devel/share/common-lisp/ros/franka_msgs/srv/franka_msgs-srv.asd
Unlinking: /home/student/haptic_ws/devel/share/common-lisp/ros/franka_msgs/srv/_package_SetForceTorqueCollisionBehavior.lisp
Unlinking: /home/student/haptic_ws/devel/share/common-lisp/ros/franka_msgs/srv/SetFullCollisionBehavior.lisp
Unlinking: /home/student/haptic_ws/devel/share/common-lisp/ros/franka_msgs/srv/SetLoad.lisp
Unlinking: /home/student/haptic_ws/devel/share/common-lisp/ros/franka_msgs/srv/_package_SetEEFrame.lisp
Unlinking: /home/student/haptic_ws/devel/share/common-lisp/ros/franka_msgs/srv/SetEEFrame.lisp
Unlinking: /home/student/haptic_ws/devel/share/common-lisp/ros/franka_msgs/srv/SetKFrame.lisp
Unlinking: /home/student/haptic_ws/devel/share/common-lisp/ros/franka_msgs/srv/_package_SetLoad.lisp
Unlinking: /home/student/haptic_ws/devel/share/common-lisp/ros/franka_msgs/msg/_package_ErrorRecoveryAction.lisp
Unlinking: /home/student/haptic_ws/devel/share/common-lisp/ros/franka_msgs/msg/_package_ErrorRecoveryFeedback.lisp
Unlinking: /home/student/haptic_ws/devel/share/common-lisp/ros/franka_msgs/msg/_package_ErrorRecoveryActionGoal.lisp
Unlinking: /home/student/haptic_ws/devel/share/common-lisp/ros/franka_msgs/msg/ErrorRecoveryActionFeedback.lisp
Unlinking: /home/student/haptic_ws/devel/share/common-lisp/ros/franka_msgs/msg/ErrorRecoveryResult.lisp
Unlinking: /home/student/haptic_ws/devel/share/common-lisp/ros/franka_msgs/msg/ErrorRecoveryAction.lisp
Unlinking: /home/student/haptic_ws/devel/share/common-lisp/ros/franka_msgs/msg/Errors.lisp
Unlinking: /home/student/haptic_ws/devel/share/common-lisp/ros/franka_msgs/msg/franka_msgs-msg.asd
Unlinking: /home/student/haptic_ws/devel/share/common-lisp/ros/franka_msgs/msg/FrankaState.lisp
Unlinking: /home/student/haptic_ws/devel/share/common-lisp/ros/franka_msgs/msg/_package_Errors.lisp
Unlinking: /home/student/haptic_ws/devel/share/common-lisp/ros/franka_msgs/msg/_package_ErrorRecoveryActionResult.lisp
Unlinking: /home/student/haptic_ws/devel/share/common-lisp/ros/franka_msgs/msg/_package.lisp
Unlinking: /home/student/haptic_ws/devel/share/common-lisp/ros/franka_msgs/msg/ErrorRecoveryGoal.lisp
Unlinking: /home/student/haptic_ws/devel/share/common-lisp/ros/franka_msgs/msg/_package_ErrorRecoveryActionFeedback.lisp
Unlinking: /home/student/haptic_ws/devel/share/common-lisp/ros/franka_msgs/msg/_package_ErrorRecoveryGoal.lisp
Unlinking: /home/student/haptic_ws/devel/share/common-lisp/ros/franka_msgs/msg/_package_ErrorRecoveryResult.lisp
Unlinking: /home/student/haptic_ws/devel/share/common-lisp/ros/franka_msgs/msg/ErrorRecoveryActionGoal.lisp
Unlinking: /home/student/haptic_ws/devel/share/common-lisp/ros/franka_msgs/msg/ErrorRecoveryFeedback.lisp
Unlinking: /home/student/haptic_ws/devel/share/common-lisp/ros/franka_msgs/msg/ErrorRecoveryActionResult.lisp
Unlinking: /home/student/haptic_ws/devel/share/common-lisp/ros/franka_msgs/msg/_package_FrankaState.lisp
Unlinking: /home/student/haptic_ws/devel/share/roseus/ros/franka_msgs/manifest.l
Unlinking: /home/student/haptic_ws/devel/share/roseus/ros/franka_msgs/srv/SetFullCollisionBehavior.l
Unlinking: /home/student/haptic_ws/devel/share/roseus/ros/franka_msgs/srv/SetKFrame.l
Unlinking: /home/student/haptic_ws/devel/share/roseus/ros/franka_msgs/srv/SetForceTorqueCollisionBehavior.l
Unlinking: /home/student/haptic_ws/devel/share/roseus/ros/franka_msgs/srv/SetJointImpedance.l
Unlinking: /home/student/haptic_ws/devel/share/roseus/ros/franka_msgs/srv/SetEEFrame.l
Unlinking: /home/student/haptic_ws/devel/share/roseus/ros/franka_msgs/srv/SetLoad.l
Unlinking: /home/student/haptic_ws/devel/share/roseus/ros/franka_msgs/srv/SetCartesianImpedance.l
Unlinking: /home/student/haptic_ws/devel/share/roseus/ros/franka_msgs/msg/ErrorRecoveryActionGoal.l
Unlinking: /home/student/haptic_ws/devel/share/roseus/ros/franka_msgs/msg/ErrorRecoveryActionFeedback.l
Unlinking: /home/student/haptic_ws/devel/share/roseus/ros/franka_msgs/msg/ErrorRecoveryFeedback.l
Unlinking: /home/student/haptic_ws/devel/share/roseus/ros/franka_msgs/msg/ErrorRecoveryResult.l
Unlinking: /home/student/haptic_ws/devel/share/roseus/ros/franka_msgs/msg/Errors.l
Unlinking: /home/student/haptic_ws/devel/share/roseus/ros/franka_msgs/msg/ErrorRecoveryActionResult.l
Unlinking: /home/student/haptic_ws/devel/share/roseus/ros/franka_msgs/msg/ErrorRecoveryAction.l
Unlinking: /home/student/haptic_ws/devel/share/roseus/ros/franka_msgs/msg/ErrorRecoveryGoal.l
Unlinking: /home/student/haptic_ws/devel/share/roseus/ros/franka_msgs/msg/FrankaState.l
Unlinking: /home/student/haptic_ws/devel/share/gennodejs/ros/franka_msgs/_index.js
Unlinking: /home/student/haptic_ws/devel/share/gennodejs/ros/franka_msgs/srv/SetCartesianImpedance.js
Unlinking: /home/student/haptic_ws/devel/share/gennodejs/ros/franka_msgs/srv/SetLoad.js
Unlinking: /home/student/haptic_ws/devel/share/gennodejs/ros/franka_msgs/srv/SetKFrame.js
Unlinking: /home/student/haptic_ws/devel/share/gennodejs/ros/franka_msgs/srv/SetForceTorqueCollisionBehavior.js
Unlinking: /home/student/haptic_ws/devel/share/gennodejs/ros/franka_msgs/srv/SetJointImpedance.js
Unlinking: /home/student/haptic_ws/devel/share/gennodejs/ros/franka_msgs/srv/SetFullCollisionBehavior.js
Unlinking: /home/student/haptic_ws/devel/share/gennodejs/ros/franka_msgs/srv/SetEEFrame.js
Unlinking: /home/student/haptic_ws/devel/share/gennodejs/ros/franka_msgs/srv/_index.js
Unlinking: /home/student/haptic_ws/devel/share/gennodejs/ros/franka_msgs/msg/Errors.js
Unlinking: /home/student/haptic_ws/devel/share/gennodejs/ros/franka_msgs/msg/ErrorRecoveryActionGoal.js
Unlinking: /home/student/haptic_ws/devel/share/gennodejs/ros/franka_msgs/msg/FrankaState.js
Unlinking: /home/student/haptic_ws/devel/share/gennodejs/ros/franka_msgs/msg/ErrorRecoveryGoal.js
Unlinking: /home/student/haptic_ws/devel/share/gennodejs/ros/franka_msgs/msg/ErrorRecoveryActionFeedback.js
Unlinking: /home/student/haptic_ws/devel/share/gennodejs/ros/franka_msgs/msg/ErrorRecoveryActionResult.js
Unlinking: /home/student/haptic_ws/devel/share/gennodejs/ros/franka_msgs/msg/ErrorRecoveryResult.js
Unlinking: /home/student/haptic_ws/devel/share/gennodejs/ros/franka_msgs/msg/ErrorRecoveryFeedback.js
Unlinking: /home/student/haptic_ws/devel/share/gennodejs/ros/franka_msgs/msg/ErrorRecoveryAction.js
Unlinking: /home/student/haptic_ws/devel/share/gennodejs/ros/franka_msgs/msg/_index.js
Unlinking: /home/student/haptic_ws/devel/lib/python3/dist-packages/franka_msgs/__init__.py
Unlinking: /home/student/haptic_ws/devel/lib/python3/dist-packages/franka_msgs/srv/_SetForceTorqueCollisionBehavior.py
Unlinking: /home/student/haptic_ws/devel/lib/python3/dist-packages/franka_msgs/srv/_SetFullCollisionBehavior.py
Unlinking: /home/student/haptic_ws/devel/lib/python3/dist-packages/franka_msgs/srv/_SetLoad.py
Unlinking: /home/student/haptic_ws/devel/lib/python3/dist-packages/franka_msgs/srv/__init__.py
Unlinking: /home/student/haptic_ws/devel/lib/python3/dist-packages/franka_msgs/srv/_SetCartesianImpedance.py
Unlinking: /home/student/haptic_ws/devel/lib/python3/dist-packages/franka_msgs/srv/_SetKFrame.py
Unlinking: /home/student/haptic_ws/devel/lib/python3/dist-packages/franka_msgs/srv/_SetJointImpedance.py
Unlinking: /home/student/haptic_ws/devel/lib/python3/dist-packages/franka_msgs/srv/_SetEEFrame.py
Unlinking: /home/student/haptic_ws/devel/lib/python3/dist-packages/franka_msgs/msg/_ErrorRecoveryActionFeedback.py
Unlinking: /home/student/haptic_ws/devel/lib/python3/dist-packages/franka_msgs/msg/_FrankaState.py
Unlinking: /home/student/haptic_ws/devel/lib/python3/dist-packages/franka_msgs/msg/_ErrorRecoveryActionResult.py
Unlinking: /home/student/haptic_ws/devel/lib/python3/dist-packages/franka_msgs/msg/_ErrorRecoveryResult.py
Unlinking: /home/student/haptic_ws/devel/lib/python3/dist-packages/franka_msgs/msg/__init__.py
Unlinking: /home/student/haptic_ws/devel/lib/python3/dist-packages/franka_msgs/msg/_Errors.py
Unlinking: /home/student/haptic_ws/devel/lib/python3/dist-packages/franka_msgs/msg/_ErrorRecoveryActionGoal.py
Unlinking: /home/student/haptic_ws/devel/lib/python3/dist-packages/franka_msgs/msg/_ErrorRecoveryGoal.py
Unlinking: /home/student/haptic_ws/devel/lib/python3/dist-packages/franka_msgs/msg/_ErrorRecoveryFeedback.py
Unlinking: /home/student/haptic_ws/devel/lib/python3/dist-packages/franka_msgs/msg/_ErrorRecoveryAction.py
Unlinking: /home/student/haptic_ws/devel/lib/pkgconfig/franka_msgs.pc
Unlinking: /home/student/haptic_ws/devel/include/franka_msgs/SetKFrameResponse.h
Unlinking: /home/student/haptic_ws/devel/include/franka_msgs/SetCartesianImpedanceRequest.h
Unlinking: /home/student/haptic_ws/devel/include/franka_msgs/SetForceTorqueCollisionBehaviorResponse.h
Unlinking: /home/student/haptic_ws/devel/include/franka_msgs/ErrorRecoveryGoal.h
Unlinking: /home/student/haptic_ws/devel/include/franka_msgs/Errors.h
Unlinking: /home/student/haptic_ws/devel/include/franka_msgs/SetCartesianImpedanceResponse.h
Unlinking: /home/student/haptic_ws/devel/include/franka_msgs/SetKFrame.h
Unlinking: /home/student/haptic_ws/devel/include/franka_msgs/ErrorRecoveryActionResult.h
Unlinking: /home/student/haptic_ws/devel/include/franka_msgs/SetLoadRequest.h
Unlinking: /home/student/haptic_ws/devel/include/franka_msgs/SetEEFrame.h
Unlinking: /home/student/haptic_ws/devel/include/franka_msgs/SetJointImpedanceResponse.h
Unlinking: /home/student/haptic_ws/devel/include/franka_msgs/ErrorRecoveryAction.h
Unlinking: /home/student/haptic_ws/devel/include/franka_msgs/FrankaState.h
Unlinking: /home/student/haptic_ws/devel/include/franka_msgs/SetCartesianImpedance.h
Unlinking: /home/student/haptic_ws/devel/include/franka_msgs/SetKFrameRequest.h
Unlinking: /home/student/haptic_ws/devel/include/franka_msgs/SetLoadResponse.h
Unlinking: /home/student/haptic_ws/devel/include/franka_msgs/ErrorRecoveryFeedback.h
Unlinking: /home/student/haptic_ws/devel/include/franka_msgs/SetFullCollisionBehaviorResponse.h
Unlinking: /home/student/haptic_ws/devel/include/franka_msgs/SetJointImpedanceRequest.h
Unlinking: /home/student/haptic_ws/devel/include/franka_msgs/SetEEFrameRequest.h
Unlinking: /home/student/haptic_ws/devel/include/franka_msgs/SetForceTorqueCollisionBehavior.h
Unlinking: /home/student/haptic_ws/devel/include/franka_msgs/SetLoad.h
Unlinking: /home/student/haptic_ws/devel/include/franka_msgs/ErrorRecoveryActionFeedback.h
Unlinking: /home/student/haptic_ws/devel/include/franka_msgs/ErrorRecoveryActionGoal.h
Unlinking: /home/student/haptic_ws/devel/include/franka_msgs/SetFullCollisionBehavior.h
Unlinking: /home/student/haptic_ws/devel/include/franka_msgs/SetJointImpedance.h
Unlinking: /home/student/haptic_ws/devel/include/franka_msgs/SetForceTorqueCollisionBehaviorRequest.h
Unlinking: /home/student/haptic_ws/devel/include/franka_msgs/SetEEFrameResponse.h
Unlinking: /home/student/haptic_ws/devel/include/franka_msgs/ErrorRecoveryResult.h
Unlinking: /home/student/haptic_ws/devel/include/franka_msgs/SetFullCollisionBehaviorRequest.h
