Warning: Cannot symlink from /home/student/HapticDeviceGaggioli/haptic_ws/devel/.private/franka_gripper/share/franka_gripper/cmake/franka_gripper-msg-paths.cmake to existing file /home/student/HapticDeviceGaggioli/haptic_ws/devel/share/franka_gripper/cmake/franka_gripper-msg-paths.cmake
Warning: Source hash: 7d55c82d1e78b6fe01400626efb3b925
Warning: Dest hash: 3704324a8543d4bdb1ea39509da8fc16
Warning: Cannot symlink from /home/student/HapticDeviceGaggioli/haptic_ws/devel/.private/franka_gripper/share/franka_gripper/cmake/franka_gripperConfig.cmake to existing file /home/student/HapticDeviceGaggioli/haptic_ws/devel/share/franka_gripper/cmake/franka_gripperConfig.cmake
Warning: Source hash: 38234c3ca962848f3147e47ecdef78e0
Warning: Dest hash: 12670ad2bba8225c7e0a56d90382d5c7
Warning: Cannot symlink from /home/student/HapticDeviceGaggioli/haptic_ws/devel/.private/franka_gripper/share/franka_gripper/cmake/franka_gripper-msg-extras.cmake to existing file /home/student/HapticDeviceGaggioli/haptic_ws/devel/share/franka_gripper/cmake/franka_gripper-msg-extras.cmake
Warning: Source hash: 15d42047c5a77b455f8f3f305c41c378
Warning: Dest hash: 1445751948d14fe5ca1a3ff714843ea3
Warning: Cannot symlink from /home/student/HapticDeviceGaggioli/haptic_ws/devel/.private/franka_gripper/lib/libfranka_gripper.so to existing file /home/student/HapticDeviceGaggioli/haptic_ws/devel/lib/libfranka_gripper.so
Warning: Source hash: 74a707498df5d1cec2b33eb1f0a77b8e
Warning: Dest hash: 132e598dfece1fc26459e194336d9e4f
Warning: Cannot symlink from /home/student/HapticDeviceGaggioli/haptic_ws/devel/.private/franka_gripper/lib/pkgconfig/franka_gripper.pc to existing file /home/student/HapticDeviceGaggioli/haptic_ws/devel/lib/pkgconfig/franka_gripper.pc
Warning: Source hash: 748c59e585c12a6496d4a015c54542e8
Warning: Dest hash: f7a14c2ddd053a7373081644cf5f1e67
Warning: Cannot symlink from /home/student/HapticDeviceGaggioli/haptic_ws/devel/.private/franka_gripper/lib/franka_gripper/franka_gripper_node to existing file /home/student/HapticDeviceGaggioli/haptic_ws/devel/lib/franka_gripper/franka_gripper_node
Warning: Source hash: 3166b11653c66d35bd0d08001648af9f
Warning: Dest hash: d31478138d5da03a4f92055036379578
Cleaning: (/home/student/haptic_ws/devel/.private/franka_gripper/cmake.lock, /home/student/haptic_ws/devel/./cmake.lock)
Cleaning: (/home/student/haptic_ws/devel/.private/franka_gripper/share/common-lisp/ros/franka_gripper/msg/_package_MoveActionFeedback.lisp, /home/student/haptic_ws/devel/share/common-lisp/ros/franka_gripper/msg/_package_MoveActionFeedback.lisp)
Cleaning: (/home/student/haptic_ws/devel/.private/franka_gripper/share/common-lisp/ros/franka_gripper/msg/GraspActionFeedback.lisp, /home/student/haptic_ws/devel/share/common-lisp/ros/franka_gripper/msg/GraspActionFeedback.lisp)
Cleaning: (/home/student/haptic_ws/devel/.private/franka_gripper/share/common-lisp/ros/franka_gripper/msg/MoveFeedback.lisp, /home/student/haptic_ws/devel/share/common-lisp/ros/franka_gripper/msg/MoveFeedback.lisp)
Cleaning: (/home/student/haptic_ws/devel/.private/franka_gripper/share/common-lisp/ros/franka_gripper/msg/_package_GraspAction.lisp, /home/student/haptic_ws/devel/share/common-lisp/ros/franka_gripper/msg/_package_GraspAction.lisp)
Cleaning: (/home/student/haptic_ws/devel/.private/franka_gripper/share/common-lisp/ros/franka_gripper/msg/_package_HomingGoal.lisp, /home/student/haptic_ws/devel/share/common-lisp/ros/franka_gripper/msg/_package_HomingGoal.lisp)
Cleaning: (/home/student/haptic_ws/devel/.private/franka_gripper/share/common-lisp/ros/franka_gripper/msg/StopActionGoal.lisp, /home/student/haptic_ws/devel/share/common-lisp/ros/franka_gripper/msg/StopActionGoal.lisp)
Cleaning: (/home/student/haptic_ws/devel/.private/franka_gripper/share/common-lisp/ros/franka_gripper/msg/_package_GraspGoal.lisp, /home/student/haptic_ws/devel/share/common-lisp/ros/franka_gripper/msg/_package_GraspGoal.lisp)
Cleaning: (/home/student/haptic_ws/devel/.private/franka_gripper/share/common-lisp/ros/franka_gripper/msg/_package_StopGoal.lisp, /home/student/haptic_ws/devel/share/common-lisp/ros/franka_gripper/msg/_package_StopGoal.lisp)
Cleaning: (/home/student/haptic_ws/devel/.private/franka_gripper/share/common-lisp/ros/franka_gripper/msg/HomingActionGoal.lisp, /home/student/haptic_ws/devel/share/common-lisp/ros/franka_gripper/msg/HomingActionGoal.lisp)
Cleaning: (/home/student/haptic_ws/devel/.private/franka_gripper/share/common-lisp/ros/franka_gripper/msg/_package_HomingResult.lisp, /home/student/haptic_ws/devel/share/common-lisp/ros/franka_gripper/msg/_package_HomingResult.lisp)
Cleaning: (/home/student/haptic_ws/devel/.private/franka_gripper/share/common-lisp/ros/franka_gripper/msg/StopGoal.lisp, /home/student/haptic_ws/devel/share/common-lisp/ros/franka_gripper/msg/StopGoal.lisp)
Cleaning: (/home/student/haptic_ws/devel/.private/franka_gripper/share/common-lisp/ros/franka_gripper/msg/HomingResult.lisp, /home/student/haptic_ws/devel/share/common-lisp/ros/franka_gripper/msg/HomingResult.lisp)
Cleaning: (/home/student/haptic_ws/devel/.private/franka_gripper/share/common-lisp/ros/franka_gripper/msg/HomingActionFeedback.lisp, /home/student/haptic_ws/devel/share/common-lisp/ros/franka_gripper/msg/HomingActionFeedback.lisp)
Cleaning: (/home/student/haptic_ws/devel/.private/franka_gripper/share/common-lisp/ros/franka_gripper/msg/_package_HomingFeedback.lisp, /home/student/haptic_ws/devel/share/common-lisp/ros/franka_gripper/msg/_package_HomingFeedback.lisp)
Cleaning: (/home/student/haptic_ws/devel/.private/franka_gripper/share/common-lisp/ros/franka_gripper/msg/GraspGoal.lisp, /home/student/haptic_ws/devel/share/common-lisp/ros/franka_gripper/msg/GraspGoal.lisp)
Cleaning: (/home/student/haptic_ws/devel/.private/franka_gripper/share/common-lisp/ros/franka_gripper/msg/_package_StopAction.lisp, /home/student/haptic_ws/devel/share/common-lisp/ros/franka_gripper/msg/_package_StopAction.lisp)
Cleaning: (/home/student/haptic_ws/devel/.private/franka_gripper/share/common-lisp/ros/franka_gripper/msg/_package_MoveActionResult.lisp, /home/student/haptic_ws/devel/share/common-lisp/ros/franka_gripper/msg/_package_MoveActionResult.lisp)
Cleaning: (/home/student/haptic_ws/devel/.private/franka_gripper/share/common-lisp/ros/franka_gripper/msg/MoveResult.lisp, /home/student/haptic_ws/devel/share/common-lisp/ros/franka_gripper/msg/MoveResult.lisp)
Cleaning: (/home/student/haptic_ws/devel/.private/franka_gripper/share/common-lisp/ros/franka_gripper/msg/_package_HomingActionResult.lisp, /home/student/haptic_ws/devel/share/common-lisp/ros/franka_gripper/msg/_package_HomingActionResult.lisp)
Cleaning: (/home/student/haptic_ws/devel/.private/franka_gripper/share/common-lisp/ros/franka_gripper/msg/_package_GraspEpsilon.lisp, /home/student/haptic_ws/devel/share/common-lisp/ros/franka_gripper/msg/_package_GraspEpsilon.lisp)
Cleaning: (/home/student/haptic_ws/devel/.private/franka_gripper/share/common-lisp/ros/franka_gripper/msg/StopResult.lisp, /home/student/haptic_ws/devel/share/common-lisp/ros/franka_gripper/msg/StopResult.lisp)
Cleaning: (/home/student/haptic_ws/devel/.private/franka_gripper/share/common-lisp/ros/franka_gripper/msg/franka_gripper-msg.asd, /home/student/haptic_ws/devel/share/common-lisp/ros/franka_gripper/msg/franka_gripper-msg.asd)
Cleaning: (/home/student/haptic_ws/devel/.private/franka_gripper/share/common-lisp/ros/franka_gripper/msg/_package_GraspResult.lisp, /home/student/haptic_ws/devel/share/common-lisp/ros/franka_gripper/msg/_package_GraspResult.lisp)
Cleaning: (/home/student/haptic_ws/devel/.private/franka_gripper/share/common-lisp/ros/franka_gripper/msg/HomingGoal.lisp, /home/student/haptic_ws/devel/share/common-lisp/ros/franka_gripper/msg/HomingGoal.lisp)
Cleaning: (/home/student/haptic_ws/devel/.private/franka_gripper/share/common-lisp/ros/franka_gripper/msg/GraspFeedback.lisp, /home/student/haptic_ws/devel/share/common-lisp/ros/franka_gripper/msg/GraspFeedback.lisp)
Cleaning: (/home/student/haptic_ws/devel/.private/franka_gripper/share/common-lisp/ros/franka_gripper/msg/_package_MoveActionGoal.lisp, /home/student/haptic_ws/devel/share/common-lisp/ros/franka_gripper/msg/_package_MoveActionGoal.lisp)
Cleaning: (/home/student/haptic_ws/devel/.private/franka_gripper/share/common-lisp/ros/franka_gripper/msg/StopActionFeedback.lisp, /home/student/haptic_ws/devel/share/common-lisp/ros/franka_gripper/msg/StopActionFeedback.lisp)
Cleaning: (/home/student/haptic_ws/devel/.private/franka_gripper/share/common-lisp/ros/franka_gripper/msg/_package_HomingActionFeedback.lisp, /home/student/haptic_ws/devel/share/common-lisp/ros/franka_gripper/msg/_package_HomingActionFeedback.lisp)
Cleaning: (/home/student/haptic_ws/devel/.private/franka_gripper/share/common-lisp/ros/franka_gripper/msg/_package_StopActionFeedback.lisp, /home/student/haptic_ws/devel/share/common-lisp/ros/franka_gripper/msg/_package_StopActionFeedback.lisp)
Cleaning: (/home/student/haptic_ws/devel/.private/franka_gripper/share/common-lisp/ros/franka_gripper/msg/HomingAction.lisp, /home/student/haptic_ws/devel/share/common-lisp/ros/franka_gripper/msg/HomingAction.lisp)
Cleaning: (/home/student/haptic_ws/devel/.private/franka_gripper/share/common-lisp/ros/franka_gripper/msg/_package_MoveResult.lisp, /home/student/haptic_ws/devel/share/common-lisp/ros/franka_gripper/msg/_package_MoveResult.lisp)
Cleaning: (/home/student/haptic_ws/devel/.private/franka_gripper/share/common-lisp/ros/franka_gripper/msg/_package_HomingAction.lisp, /home/student/haptic_ws/devel/share/common-lisp/ros/franka_gripper/msg/_package_HomingAction.lisp)
Cleaning: (/home/student/haptic_ws/devel/.private/franka_gripper/share/common-lisp/ros/franka_gripper/msg/_package_StopFeedback.lisp, /home/student/haptic_ws/devel/share/common-lisp/ros/franka_gripper/msg/_package_StopFeedback.lisp)
Cleaning: (/home/student/haptic_ws/devel/.private/franka_gripper/share/common-lisp/ros/franka_gripper/msg/_package_GraspFeedback.lisp, /home/student/haptic_ws/devel/share/common-lisp/ros/franka_gripper/msg/_package_GraspFeedback.lisp)
Cleaning: (/home/student/haptic_ws/devel/.private/franka_gripper/share/common-lisp/ros/franka_gripper/msg/_package_HomingActionGoal.lisp, /home/student/haptic_ws/devel/share/common-lisp/ros/franka_gripper/msg/_package_HomingActionGoal.lisp)
Cleaning: (/home/student/haptic_ws/devel/.private/franka_gripper/share/common-lisp/ros/franka_gripper/msg/_package_MoveAction.lisp, /home/student/haptic_ws/devel/share/common-lisp/ros/franka_gripper/msg/_package_MoveAction.lisp)
Cleaning: (/home/student/haptic_ws/devel/.private/franka_gripper/share/common-lisp/ros/franka_gripper/msg/GraspActionGoal.lisp, /home/student/haptic_ws/devel/share/common-lisp/ros/franka_gripper/msg/GraspActionGoal.lisp)
Cleaning: (/home/student/haptic_ws/devel/.private/franka_gripper/share/common-lisp/ros/franka_gripper/msg/_package_GraspActionResult.lisp, /home/student/haptic_ws/devel/share/common-lisp/ros/franka_gripper/msg/_package_GraspActionResult.lisp)
Cleaning: (/home/student/haptic_ws/devel/.private/franka_gripper/share/common-lisp/ros/franka_gripper/msg/_package_StopResult.lisp, /home/student/haptic_ws/devel/share/common-lisp/ros/franka_gripper/msg/_package_StopResult.lisp)
Cleaning: (/home/student/haptic_ws/devel/.private/franka_gripper/share/common-lisp/ros/franka_gripper/msg/MoveActionFeedback.lisp, /home/student/haptic_ws/devel/share/common-lisp/ros/franka_gripper/msg/MoveActionFeedback.lisp)
Cleaning: (/home/student/haptic_ws/devel/.private/franka_gripper/share/common-lisp/ros/franka_gripper/msg/_package_StopActionResult.lisp, /home/student/haptic_ws/devel/share/common-lisp/ros/franka_gripper/msg/_package_StopActionResult.lisp)
Cleaning: (/home/student/haptic_ws/devel/.private/franka_gripper/share/common-lisp/ros/franka_gripper/msg/MoveActionResult.lisp, /home/student/haptic_ws/devel/share/common-lisp/ros/franka_gripper/msg/MoveActionResult.lisp)
Cleaning: (/home/student/haptic_ws/devel/.private/franka_gripper/share/common-lisp/ros/franka_gripper/msg/StopAction.lisp, /home/student/haptic_ws/devel/share/common-lisp/ros/franka_gripper/msg/StopAction.lisp)
Cleaning: (/home/student/haptic_ws/devel/.private/franka_gripper/share/common-lisp/ros/franka_gripper/msg/HomingActionResult.lisp, /home/student/haptic_ws/devel/share/common-lisp/ros/franka_gripper/msg/HomingActionResult.lisp)
Cleaning: (/home/student/haptic_ws/devel/.private/franka_gripper/share/common-lisp/ros/franka_gripper/msg/_package_GraspActionGoal.lisp, /home/student/haptic_ws/devel/share/common-lisp/ros/franka_gripper/msg/_package_GraspActionGoal.lisp)
Cleaning: (/home/student/haptic_ws/devel/.private/franka_gripper/share/common-lisp/ros/franka_gripper/msg/_package.lisp, /home/student/haptic_ws/devel/share/common-lisp/ros/franka_gripper/msg/_package.lisp)
Cleaning: (/home/student/haptic_ws/devel/.private/franka_gripper/share/common-lisp/ros/franka_gripper/msg/GraspActionResult.lisp, /home/student/haptic_ws/devel/share/common-lisp/ros/franka_gripper/msg/GraspActionResult.lisp)
Cleaning: (/home/student/haptic_ws/devel/.private/franka_gripper/share/common-lisp/ros/franka_gripper/msg/GraspAction.lisp, /home/student/haptic_ws/devel/share/common-lisp/ros/franka_gripper/msg/GraspAction.lisp)
Cleaning: (/home/student/haptic_ws/devel/.private/franka_gripper/share/common-lisp/ros/franka_gripper/msg/MoveGoal.lisp, /home/student/haptic_ws/devel/share/common-lisp/ros/franka_gripper/msg/MoveGoal.lisp)
Cleaning: (/home/student/haptic_ws/devel/.private/franka_gripper/share/common-lisp/ros/franka_gripper/msg/StopFeedback.lisp, /home/student/haptic_ws/devel/share/common-lisp/ros/franka_gripper/msg/StopFeedback.lisp)
Cleaning: (/home/student/haptic_ws/devel/.private/franka_gripper/share/common-lisp/ros/franka_gripper/msg/MoveAction.lisp, /home/student/haptic_ws/devel/share/common-lisp/ros/franka_gripper/msg/MoveAction.lisp)
Cleaning: (/home/student/haptic_ws/devel/.private/franka_gripper/share/common-lisp/ros/franka_gripper/msg/_package_StopActionGoal.lisp, /home/student/haptic_ws/devel/share/common-lisp/ros/franka_gripper/msg/_package_StopActionGoal.lisp)
Cleaning: (/home/student/haptic_ws/devel/.private/franka_gripper/share/common-lisp/ros/franka_gripper/msg/_package_GraspActionFeedback.lisp, /home/student/haptic_ws/devel/share/common-lisp/ros/franka_gripper/msg/_package_GraspActionFeedback.lisp)
Cleaning: (/home/student/haptic_ws/devel/.private/franka_gripper/share/common-lisp/ros/franka_gripper/msg/HomingFeedback.lisp, /home/student/haptic_ws/devel/share/common-lisp/ros/franka_gripper/msg/HomingFeedback.lisp)
Cleaning: (/home/student/haptic_ws/devel/.private/franka_gripper/share/common-lisp/ros/franka_gripper/msg/StopActionResult.lisp, /home/student/haptic_ws/devel/share/common-lisp/ros/franka_gripper/msg/StopActionResult.lisp)
Cleaning: (/home/student/haptic_ws/devel/.private/franka_gripper/share/common-lisp/ros/franka_gripper/msg/MoveActionGoal.lisp, /home/student/haptic_ws/devel/share/common-lisp/ros/franka_gripper/msg/MoveActionGoal.lisp)
Cleaning: (/home/student/haptic_ws/devel/.private/franka_gripper/share/common-lisp/ros/franka_gripper/msg/_package_MoveGoal.lisp, /home/student/haptic_ws/devel/share/common-lisp/ros/franka_gripper/msg/_package_MoveGoal.lisp)
Cleaning: (/home/student/haptic_ws/devel/.private/franka_gripper/share/common-lisp/ros/franka_gripper/msg/GraspEpsilon.lisp, /home/student/haptic_ws/devel/share/common-lisp/ros/franka_gripper/msg/GraspEpsilon.lisp)
Cleaning: (/home/student/haptic_ws/devel/.private/franka_gripper/share/common-lisp/ros/franka_gripper/msg/GraspResult.lisp, /home/student/haptic_ws/devel/share/common-lisp/ros/franka_gripper/msg/GraspResult.lisp)
Cleaning: (/home/student/haptic_ws/devel/.private/franka_gripper/share/common-lisp/ros/franka_gripper/msg/_package_MoveFeedback.lisp, /home/student/haptic_ws/devel/share/common-lisp/ros/franka_gripper/msg/_package_MoveFeedback.lisp)
Cleaning: (/home/student/haptic_ws/devel/.private/franka_gripper/share/franka_gripper/msg/GraspActionFeedback.msg, /home/student/haptic_ws/devel/share/franka_gripper/msg/GraspActionFeedback.msg)
Cleaning: (/home/student/haptic_ws/devel/.private/franka_gripper/share/franka_gripper/msg/GraspActionResult.msg, /home/student/haptic_ws/devel/share/franka_gripper/msg/GraspActionResult.msg)
Cleaning: (/home/student/haptic_ws/devel/.private/franka_gripper/share/franka_gripper/msg/HomingResult.msg, /home/student/haptic_ws/devel/share/franka_gripper/msg/HomingResult.msg)
Cleaning: (/home/student/haptic_ws/devel/.private/franka_gripper/share/franka_gripper/msg/GraspActionGoal.msg, /home/student/haptic_ws/devel/share/franka_gripper/msg/GraspActionGoal.msg)
Cleaning: (/home/student/haptic_ws/devel/.private/franka_gripper/share/franka_gripper/msg/HomingGoal.msg, /home/student/haptic_ws/devel/share/franka_gripper/msg/HomingGoal.msg)
Cleaning: (/home/student/haptic_ws/devel/.private/franka_gripper/share/franka_gripper/msg/HomingFeedback.msg, /home/student/haptic_ws/devel/share/franka_gripper/msg/HomingFeedback.msg)
Cleaning: (/home/student/haptic_ws/devel/.private/franka_gripper/share/franka_gripper/msg/GraspGoal.msg, /home/student/haptic_ws/devel/share/franka_gripper/msg/GraspGoal.msg)
Cleaning: (/home/student/haptic_ws/devel/.private/franka_gripper/share/franka_gripper/msg/GraspAction.msg, /home/student/haptic_ws/devel/share/franka_gripper/msg/GraspAction.msg)
Cleaning: (/home/student/haptic_ws/devel/.private/franka_gripper/share/franka_gripper/msg/HomingActionFeedback.msg, /home/student/haptic_ws/devel/share/franka_gripper/msg/HomingActionFeedback.msg)
Cleaning: (/home/student/haptic_ws/devel/.private/franka_gripper/share/franka_gripper/msg/MoveGoal.msg, /home/student/haptic_ws/devel/share/franka_gripper/msg/MoveGoal.msg)
Cleaning: (/home/student/haptic_ws/devel/.private/franka_gripper/share/franka_gripper/msg/MoveResult.msg, /home/student/haptic_ws/devel/share/franka_gripper/msg/MoveResult.msg)
Cleaning: (/home/student/haptic_ws/devel/.private/franka_gripper/share/franka_gripper/msg/MoveActionGoal.msg, /home/student/haptic_ws/devel/share/franka_gripper/msg/MoveActionGoal.msg)
Cleaning: (/home/student/haptic_ws/devel/.private/franka_gripper/share/franka_gripper/msg/StopResult.msg, /home/student/haptic_ws/devel/share/franka_gripper/msg/StopResult.msg)
Cleaning: (/home/student/haptic_ws/devel/.private/franka_gripper/share/franka_gripper/msg/GraspFeedback.msg, /home/student/haptic_ws/devel/share/franka_gripper/msg/GraspFeedback.msg)
Cleaning: (/home/student/haptic_ws/devel/.private/franka_gripper/share/franka_gripper/msg/StopFeedback.msg, /home/student/haptic_ws/devel/share/franka_gripper/msg/StopFeedback.msg)
Cleaning: (/home/student/haptic_ws/devel/.private/franka_gripper/share/franka_gripper/msg/HomingActionResult.msg, /home/student/haptic_ws/devel/share/franka_gripper/msg/HomingActionResult.msg)
Cleaning: (/home/student/haptic_ws/devel/.private/franka_gripper/share/franka_gripper/msg/MoveAction.msg, /home/student/haptic_ws/devel/share/franka_gripper/msg/MoveAction.msg)
Cleaning: (/home/student/haptic_ws/devel/.private/franka_gripper/share/franka_gripper/msg/StopActionResult.msg, /home/student/haptic_ws/devel/share/franka_gripper/msg/StopActionResult.msg)
Cleaning: (/home/student/haptic_ws/devel/.private/franka_gripper/share/franka_gripper/msg/MoveActionResult.msg, /home/student/haptic_ws/devel/share/franka_gripper/msg/MoveActionResult.msg)
Cleaning: (/home/student/haptic_ws/devel/.private/franka_gripper/share/franka_gripper/msg/StopGoal.msg, /home/student/haptic_ws/devel/share/franka_gripper/msg/StopGoal.msg)
Cleaning: (/home/student/haptic_ws/devel/.private/franka_gripper/share/franka_gripper/msg/GraspResult.msg, /home/student/haptic_ws/devel/share/franka_gripper/msg/GraspResult.msg)
Cleaning: (/home/student/haptic_ws/devel/.private/franka_gripper/share/franka_gripper/msg/MoveFeedback.msg, /home/student/haptic_ws/devel/share/franka_gripper/msg/MoveFeedback.msg)
Cleaning: (/home/student/haptic_ws/devel/.private/franka_gripper/share/franka_gripper/msg/HomingActionGoal.msg, /home/student/haptic_ws/devel/share/franka_gripper/msg/HomingActionGoal.msg)
Cleaning: (/home/student/haptic_ws/devel/.private/franka_gripper/share/franka_gripper/msg/StopActionFeedback.msg, /home/student/haptic_ws/devel/share/franka_gripper/msg/StopActionFeedback.msg)
Cleaning: (/home/student/haptic_ws/devel/.private/franka_gripper/share/franka_gripper/msg/HomingAction.msg, /home/student/haptic_ws/devel/share/franka_gripper/msg/HomingAction.msg)
Cleaning: (/home/student/haptic_ws/devel/.private/franka_gripper/share/franka_gripper/msg/StopActionGoal.msg, /home/student/haptic_ws/devel/share/franka_gripper/msg/StopActionGoal.msg)
Cleaning: (/home/student/haptic_ws/devel/.private/franka_gripper/share/franka_gripper/msg/MoveActionFeedback.msg, /home/student/haptic_ws/devel/share/franka_gripper/msg/MoveActionFeedback.msg)
Cleaning: (/home/student/haptic_ws/devel/.private/franka_gripper/share/franka_gripper/msg/StopAction.msg, /home/student/haptic_ws/devel/share/franka_gripper/msg/StopAction.msg)
Cleaning: (/home/student/haptic_ws/devel/.private/franka_gripper/share/franka_gripper/cmake/franka_gripperConfig-version.cmake, /home/student/haptic_ws/devel/share/franka_gripper/cmake/franka_gripperConfig-version.cmake)
Cleaning: (/home/student/haptic_ws/devel/.private/franka_gripper/share/franka_gripper/cmake/franka_gripper-msg-paths.cmake, /home/student/haptic_ws/devel/share/franka_gripper/cmake/franka_gripper-msg-paths.cmake)
Cleaning: (/home/student/haptic_ws/devel/.private/franka_gripper/share/franka_gripper/cmake/franka_gripperConfig.cmake, /home/student/haptic_ws/devel/share/franka_gripper/cmake/franka_gripperConfig.cmake)
Cleaning: (/home/student/haptic_ws/devel/.private/franka_gripper/share/franka_gripper/cmake/franka_gripper-msg-extras.cmake, /home/student/haptic_ws/devel/share/franka_gripper/cmake/franka_gripper-msg-extras.cmake)
Cleaning: (/home/student/haptic_ws/devel/.private/franka_gripper/share/roseus/ros/franka_gripper/manifest.l, /home/student/haptic_ws/devel/share/roseus/ros/franka_gripper/manifest.l)
Cleaning: (/home/student/haptic_ws/devel/.private/franka_gripper/share/roseus/ros/franka_gripper/msg/GraspResult.l, /home/student/haptic_ws/devel/share/roseus/ros/franka_gripper/msg/GraspResult.l)
Cleaning: (/home/student/haptic_ws/devel/.private/franka_gripper/share/roseus/ros/franka_gripper/msg/MoveResult.l, /home/student/haptic_ws/devel/share/roseus/ros/franka_gripper/msg/MoveResult.l)
Cleaning: (/home/student/haptic_ws/devel/.private/franka_gripper/share/roseus/ros/franka_gripper/msg/HomingActionFeedback.l, /home/student/haptic_ws/devel/share/roseus/ros/franka_gripper/msg/HomingActionFeedback.l)
Cleaning: (/home/student/haptic_ws/devel/.private/franka_gripper/share/roseus/ros/franka_gripper/msg/GraspActionResult.l, /home/student/haptic_ws/devel/share/roseus/ros/franka_gripper/msg/GraspActionResult.l)
Cleaning: (/home/student/haptic_ws/devel/.private/franka_gripper/share/roseus/ros/franka_gripper/msg/StopResult.l, /home/student/haptic_ws/devel/share/roseus/ros/franka_gripper/msg/StopResult.l)
Cleaning: (/home/student/haptic_ws/devel/.private/franka_gripper/share/roseus/ros/franka_gripper/msg/HomingFeedback.l, /home/student/haptic_ws/devel/share/roseus/ros/franka_gripper/msg/HomingFeedback.l)
Cleaning: (/home/student/haptic_ws/devel/.private/franka_gripper/share/roseus/ros/franka_gripper/msg/MoveActionFeedback.l, /home/student/haptic_ws/devel/share/roseus/ros/franka_gripper/msg/MoveActionFeedback.l)
Cleaning: (/home/student/haptic_ws/devel/.private/franka_gripper/share/roseus/ros/franka_gripper/msg/MoveGoal.l, /home/student/haptic_ws/devel/share/roseus/ros/franka_gripper/msg/MoveGoal.l)
Cleaning: (/home/student/haptic_ws/devel/.private/franka_gripper/share/roseus/ros/franka_gripper/msg/StopActionFeedback.l, /home/student/haptic_ws/devel/share/roseus/ros/franka_gripper/msg/StopActionFeedback.l)
Cleaning: (/home/student/haptic_ws/devel/.private/franka_gripper/share/roseus/ros/franka_gripper/msg/GraspActionGoal.l, /home/student/haptic_ws/devel/share/roseus/ros/franka_gripper/msg/GraspActionGoal.l)
Cleaning: (/home/student/haptic_ws/devel/.private/franka_gripper/share/roseus/ros/franka_gripper/msg/HomingActionResult.l, /home/student/haptic_ws/devel/share/roseus/ros/franka_gripper/msg/HomingActionResult.l)
Cleaning: (/home/student/haptic_ws/devel/.private/franka_gripper/share/roseus/ros/franka_gripper/msg/StopGoal.l, /home/student/haptic_ws/devel/share/roseus/ros/franka_gripper/msg/StopGoal.l)
Cleaning: (/home/student/haptic_ws/devel/.private/franka_gripper/share/roseus/ros/franka_gripper/msg/MoveAction.l, /home/student/haptic_ws/devel/share/roseus/ros/franka_gripper/msg/MoveAction.l)
Cleaning: (/home/student/haptic_ws/devel/.private/franka_gripper/share/roseus/ros/franka_gripper/msg/HomingGoal.l, /home/student/haptic_ws/devel/share/roseus/ros/franka_gripper/msg/HomingGoal.l)
Cleaning: (/home/student/haptic_ws/devel/.private/franka_gripper/share/roseus/ros/franka_gripper/msg/GraspEpsilon.l, /home/student/haptic_ws/devel/share/roseus/ros/franka_gripper/msg/GraspEpsilon.l)
Cleaning: (/home/student/haptic_ws/devel/.private/franka_gripper/share/roseus/ros/franka_gripper/msg/StopActionGoal.l, /home/student/haptic_ws/devel/share/roseus/ros/franka_gripper/msg/StopActionGoal.l)
Cleaning: (/home/student/haptic_ws/devel/.private/franka_gripper/share/roseus/ros/franka_gripper/msg/StopActionResult.l, /home/student/haptic_ws/devel/share/roseus/ros/franka_gripper/msg/StopActionResult.l)
Cleaning: (/home/student/haptic_ws/devel/.private/franka_gripper/share/roseus/ros/franka_gripper/msg/StopAction.l, /home/student/haptic_ws/devel/share/roseus/ros/franka_gripper/msg/StopAction.l)
Cleaning: (/home/student/haptic_ws/devel/.private/franka_gripper/share/roseus/ros/franka_gripper/msg/GraspGoal.l, /home/student/haptic_ws/devel/share/roseus/ros/franka_gripper/msg/GraspGoal.l)
Cleaning: (/home/student/haptic_ws/devel/.private/franka_gripper/share/roseus/ros/franka_gripper/msg/GraspFeedback.l, /home/student/haptic_ws/devel/share/roseus/ros/franka_gripper/msg/GraspFeedback.l)
Cleaning: (/home/student/haptic_ws/devel/.private/franka_gripper/share/roseus/ros/franka_gripper/msg/GraspAction.l, /home/student/haptic_ws/devel/share/roseus/ros/franka_gripper/msg/GraspAction.l)
Cleaning: (/home/student/haptic_ws/devel/.private/franka_gripper/share/roseus/ros/franka_gripper/msg/MoveActionGoal.l, /home/student/haptic_ws/devel/share/roseus/ros/franka_gripper/msg/MoveActionGoal.l)
Cleaning: (/home/student/haptic_ws/devel/.private/franka_gripper/share/roseus/ros/franka_gripper/msg/HomingResult.l, /home/student/haptic_ws/devel/share/roseus/ros/franka_gripper/msg/HomingResult.l)
Cleaning: (/home/student/haptic_ws/devel/.private/franka_gripper/share/roseus/ros/franka_gripper/msg/MoveFeedback.l, /home/student/haptic_ws/devel/share/roseus/ros/franka_gripper/msg/MoveFeedback.l)
Cleaning: (/home/student/haptic_ws/devel/.private/franka_gripper/share/roseus/ros/franka_gripper/msg/GraspActionFeedback.l, /home/student/haptic_ws/devel/share/roseus/ros/franka_gripper/msg/GraspActionFeedback.l)
Cleaning: (/home/student/haptic_ws/devel/.private/franka_gripper/share/roseus/ros/franka_gripper/msg/HomingAction.l, /home/student/haptic_ws/devel/share/roseus/ros/franka_gripper/msg/HomingAction.l)
Cleaning: (/home/student/haptic_ws/devel/.private/franka_gripper/share/roseus/ros/franka_gripper/msg/HomingActionGoal.l, /home/student/haptic_ws/devel/share/roseus/ros/franka_gripper/msg/HomingActionGoal.l)
Cleaning: (/home/student/haptic_ws/devel/.private/franka_gripper/share/roseus/ros/franka_gripper/msg/MoveActionResult.l, /home/student/haptic_ws/devel/share/roseus/ros/franka_gripper/msg/MoveActionResult.l)
Cleaning: (/home/student/haptic_ws/devel/.private/franka_gripper/share/roseus/ros/franka_gripper/msg/StopFeedback.l, /home/student/haptic_ws/devel/share/roseus/ros/franka_gripper/msg/StopFeedback.l)
Cleaning: (/home/student/haptic_ws/devel/.private/franka_gripper/share/gennodejs/ros/franka_gripper/_index.js, /home/student/haptic_ws/devel/share/gennodejs/ros/franka_gripper/_index.js)
Cleaning: (/home/student/haptic_ws/devel/.private/franka_gripper/share/gennodejs/ros/franka_gripper/msg/HomingActionResult.js, /home/student/haptic_ws/devel/share/gennodejs/ros/franka_gripper/msg/HomingActionResult.js)
Cleaning: (/home/student/haptic_ws/devel/.private/franka_gripper/share/gennodejs/ros/franka_gripper/msg/HomingAction.js, /home/student/haptic_ws/devel/share/gennodejs/ros/franka_gripper/msg/HomingAction.js)
Cleaning: (/home/student/haptic_ws/devel/.private/franka_gripper/share/gennodejs/ros/franka_gripper/msg/GraspResult.js, /home/student/haptic_ws/devel/share/gennodejs/ros/franka_gripper/msg/GraspResult.js)
Cleaning: (/home/student/haptic_ws/devel/.private/franka_gripper/share/gennodejs/ros/franka_gripper/msg/MoveGoal.js, /home/student/haptic_ws/devel/share/gennodejs/ros/franka_gripper/msg/MoveGoal.js)
Cleaning: (/home/student/haptic_ws/devel/.private/franka_gripper/share/gennodejs/ros/franka_gripper/msg/GraspActionGoal.js, /home/student/haptic_ws/devel/share/gennodejs/ros/franka_gripper/msg/GraspActionGoal.js)
Cleaning: (/home/student/haptic_ws/devel/.private/franka_gripper/share/gennodejs/ros/franka_gripper/msg/MoveFeedback.js, /home/student/haptic_ws/devel/share/gennodejs/ros/franka_gripper/msg/MoveFeedback.js)
Cleaning: (/home/student/haptic_ws/devel/.private/franka_gripper/share/gennodejs/ros/franka_gripper/msg/HomingActionFeedback.js, /home/student/haptic_ws/devel/share/gennodejs/ros/franka_gripper/msg/HomingActionFeedback.js)
Cleaning: (/home/student/haptic_ws/devel/.private/franka_gripper/share/gennodejs/ros/franka_gripper/msg/StopActionFeedback.js, /home/student/haptic_ws/devel/share/gennodejs/ros/franka_gripper/msg/StopActionFeedback.js)
Cleaning: (/home/student/haptic_ws/devel/.private/franka_gripper/share/gennodejs/ros/franka_gripper/msg/StopGoal.js, /home/student/haptic_ws/devel/share/gennodejs/ros/franka_gripper/msg/StopGoal.js)
Cleaning: (/home/student/haptic_ws/devel/.private/franka_gripper/share/gennodejs/ros/franka_gripper/msg/GraspFeedback.js, /home/student/haptic_ws/devel/share/gennodejs/ros/franka_gripper/msg/GraspFeedback.js)
Cleaning: (/home/student/haptic_ws/devel/.private/franka_gripper/share/gennodejs/ros/franka_gripper/msg/StopFeedback.js, /home/student/haptic_ws/devel/share/gennodejs/ros/franka_gripper/msg/StopFeedback.js)
Cleaning: (/home/student/haptic_ws/devel/.private/franka_gripper/share/gennodejs/ros/franka_gripper/msg/MoveActionGoal.js, /home/student/haptic_ws/devel/share/gennodejs/ros/franka_gripper/msg/MoveActionGoal.js)
Cleaning: (/home/student/haptic_ws/devel/.private/franka_gripper/share/gennodejs/ros/franka_gripper/msg/MoveActionFeedback.js, /home/student/haptic_ws/devel/share/gennodejs/ros/franka_gripper/msg/MoveActionFeedback.js)
Cleaning: (/home/student/haptic_ws/devel/.private/franka_gripper/share/gennodejs/ros/franka_gripper/msg/GraspAction.js, /home/student/haptic_ws/devel/share/gennodejs/ros/franka_gripper/msg/GraspAction.js)
Cleaning: (/home/student/haptic_ws/devel/.private/franka_gripper/share/gennodejs/ros/franka_gripper/msg/HomingGoal.js, /home/student/haptic_ws/devel/share/gennodejs/ros/franka_gripper/msg/HomingGoal.js)
Cleaning: (/home/student/haptic_ws/devel/.private/franka_gripper/share/gennodejs/ros/franka_gripper/msg/StopActionResult.js, /home/student/haptic_ws/devel/share/gennodejs/ros/franka_gripper/msg/StopActionResult.js)
Cleaning: (/home/student/haptic_ws/devel/.private/franka_gripper/share/gennodejs/ros/franka_gripper/msg/StopActionGoal.js, /home/student/haptic_ws/devel/share/gennodejs/ros/franka_gripper/msg/StopActionGoal.js)
Cleaning: (/home/student/haptic_ws/devel/.private/franka_gripper/share/gennodejs/ros/franka_gripper/msg/GraspActionResult.js, /home/student/haptic_ws/devel/share/gennodejs/ros/franka_gripper/msg/GraspActionResult.js)
Cleaning: (/home/student/haptic_ws/devel/.private/franka_gripper/share/gennodejs/ros/franka_gripper/msg/HomingResult.js, /home/student/haptic_ws/devel/share/gennodejs/ros/franka_gripper/msg/HomingResult.js)
Cleaning: (/home/student/haptic_ws/devel/.private/franka_gripper/share/gennodejs/ros/franka_gripper/msg/StopAction.js, /home/student/haptic_ws/devel/share/gennodejs/ros/franka_gripper/msg/StopAction.js)
Cleaning: (/home/student/haptic_ws/devel/.private/franka_gripper/share/gennodejs/ros/franka_gripper/msg/GraspActionFeedback.js, /home/student/haptic_ws/devel/share/gennodejs/ros/franka_gripper/msg/GraspActionFeedback.js)
Cleaning: (/home/student/haptic_ws/devel/.private/franka_gripper/share/gennodejs/ros/franka_gripper/msg/HomingActionGoal.js, /home/student/haptic_ws/devel/share/gennodejs/ros/franka_gripper/msg/HomingActionGoal.js)
Cleaning: (/home/student/haptic_ws/devel/.private/franka_gripper/share/gennodejs/ros/franka_gripper/msg/GraspEpsilon.js, /home/student/haptic_ws/devel/share/gennodejs/ros/franka_gripper/msg/GraspEpsilon.js)
Cleaning: (/home/student/haptic_ws/devel/.private/franka_gripper/share/gennodejs/ros/franka_gripper/msg/GraspGoal.js, /home/student/haptic_ws/devel/share/gennodejs/ros/franka_gripper/msg/GraspGoal.js)
Cleaning: (/home/student/haptic_ws/devel/.private/franka_gripper/share/gennodejs/ros/franka_gripper/msg/StopResult.js, /home/student/haptic_ws/devel/share/gennodejs/ros/franka_gripper/msg/StopResult.js)
Cleaning: (/home/student/haptic_ws/devel/.private/franka_gripper/share/gennodejs/ros/franka_gripper/msg/MoveActionResult.js, /home/student/haptic_ws/devel/share/gennodejs/ros/franka_gripper/msg/MoveActionResult.js)
Cleaning: (/home/student/haptic_ws/devel/.private/franka_gripper/share/gennodejs/ros/franka_gripper/msg/MoveAction.js, /home/student/haptic_ws/devel/share/gennodejs/ros/franka_gripper/msg/MoveAction.js)
Cleaning: (/home/student/haptic_ws/devel/.private/franka_gripper/share/gennodejs/ros/franka_gripper/msg/_index.js, /home/student/haptic_ws/devel/share/gennodejs/ros/franka_gripper/msg/_index.js)
Cleaning: (/home/student/haptic_ws/devel/.private/franka_gripper/share/gennodejs/ros/franka_gripper/msg/MoveResult.js, /home/student/haptic_ws/devel/share/gennodejs/ros/franka_gripper/msg/MoveResult.js)
Cleaning: (/home/student/haptic_ws/devel/.private/franka_gripper/share/gennodejs/ros/franka_gripper/msg/HomingFeedback.js, /home/student/haptic_ws/devel/share/gennodejs/ros/franka_gripper/msg/HomingFeedback.js)
Cleaning: (/home/student/haptic_ws/devel/.private/franka_gripper/lib/libfranka_gripper.so, /home/student/haptic_ws/devel/lib/libfranka_gripper.so)
Cleaning: (/home/student/haptic_ws/devel/.private/franka_gripper/lib/python3/dist-packages/franka_gripper/__init__.py, /home/student/haptic_ws/devel/lib/python3/dist-packages/franka_gripper/__init__.py)
Cleaning: (/home/student/haptic_ws/devel/.private/franka_gripper/lib/python3/dist-packages/franka_gripper/msg/_GraspAction.py, /home/student/haptic_ws/devel/lib/python3/dist-packages/franka_gripper/msg/_GraspAction.py)
Cleaning: (/home/student/haptic_ws/devel/.private/franka_gripper/lib/python3/dist-packages/franka_gripper/msg/_HomingFeedback.py, /home/student/haptic_ws/devel/lib/python3/dist-packages/franka_gripper/msg/_HomingFeedback.py)
Cleaning: (/home/student/haptic_ws/devel/.private/franka_gripper/lib/python3/dist-packages/franka_gripper/msg/_MoveResult.py, /home/student/haptic_ws/devel/lib/python3/dist-packages/franka_gripper/msg/_MoveResult.py)
Cleaning: (/home/student/haptic_ws/devel/.private/franka_gripper/lib/python3/dist-packages/franka_gripper/msg/_HomingResult.py, /home/student/haptic_ws/devel/lib/python3/dist-packages/franka_gripper/msg/_HomingResult.py)
Cleaning: (/home/student/haptic_ws/devel/.private/franka_gripper/lib/python3/dist-packages/franka_gripper/msg/_MoveGoal.py, /home/student/haptic_ws/devel/lib/python3/dist-packages/franka_gripper/msg/_MoveGoal.py)
Cleaning: (/home/student/haptic_ws/devel/.private/franka_gripper/lib/python3/dist-packages/franka_gripper/msg/_GraspEpsilon.py, /home/student/haptic_ws/devel/lib/python3/dist-packages/franka_gripper/msg/_GraspEpsilon.py)
Cleaning: (/home/student/haptic_ws/devel/.private/franka_gripper/lib/python3/dist-packages/franka_gripper/msg/_GraspActionGoal.py, /home/student/haptic_ws/devel/lib/python3/dist-packages/franka_gripper/msg/_GraspActionGoal.py)
Cleaning: (/home/student/haptic_ws/devel/.private/franka_gripper/lib/python3/dist-packages/franka_gripper/msg/__init__.py, /home/student/haptic_ws/devel/lib/python3/dist-packages/franka_gripper/msg/__init__.py)
Cleaning: (/home/student/haptic_ws/devel/.private/franka_gripper/lib/python3/dist-packages/franka_gripper/msg/_GraspGoal.py, /home/student/haptic_ws/devel/lib/python3/dist-packages/franka_gripper/msg/_GraspGoal.py)
Cleaning: (/home/student/haptic_ws/devel/.private/franka_gripper/lib/python3/dist-packages/franka_gripper/msg/_StopActionFeedback.py, /home/student/haptic_ws/devel/lib/python3/dist-packages/franka_gripper/msg/_StopActionFeedback.py)
Cleaning: (/home/student/haptic_ws/devel/.private/franka_gripper/lib/python3/dist-packages/franka_gripper/msg/_HomingActionResult.py, /home/student/haptic_ws/devel/lib/python3/dist-packages/franka_gripper/msg/_HomingActionResult.py)
Cleaning: (/home/student/haptic_ws/devel/.private/franka_gripper/lib/python3/dist-packages/franka_gripper/msg/_StopAction.py, /home/student/haptic_ws/devel/lib/python3/dist-packages/franka_gripper/msg/_StopAction.py)
Cleaning: (/home/student/haptic_ws/devel/.private/franka_gripper/lib/python3/dist-packages/franka_gripper/msg/_StopActionResult.py, /home/student/haptic_ws/devel/lib/python3/dist-packages/franka_gripper/msg/_StopActionResult.py)
Cleaning: (/home/student/haptic_ws/devel/.private/franka_gripper/lib/python3/dist-packages/franka_gripper/msg/_HomingGoal.py, /home/student/haptic_ws/devel/lib/python3/dist-packages/franka_gripper/msg/_HomingGoal.py)
Cleaning: (/home/student/haptic_ws/devel/.private/franka_gripper/lib/python3/dist-packages/franka_gripper/msg/_HomingActionGoal.py, /home/student/haptic_ws/devel/lib/python3/dist-packages/franka_gripper/msg/_HomingActionGoal.py)
Cleaning: (/home/student/haptic_ws/devel/.private/franka_gripper/lib/python3/dist-packages/franka_gripper/msg/_MoveFeedback.py, /home/student/haptic_ws/devel/lib/python3/dist-packages/franka_gripper/msg/_MoveFeedback.py)
Cleaning: (/home/student/haptic_ws/devel/.private/franka_gripper/lib/python3/dist-packages/franka_gripper/msg/_StopFeedback.py, /home/student/haptic_ws/devel/lib/python3/dist-packages/franka_gripper/msg/_StopFeedback.py)
Cleaning: (/home/student/haptic_ws/devel/.private/franka_gripper/lib/python3/dist-packages/franka_gripper/msg/_GraspResult.py, /home/student/haptic_ws/devel/lib/python3/dist-packages/franka_gripper/msg/_GraspResult.py)
Cleaning: (/home/student/haptic_ws/devel/.private/franka_gripper/lib/python3/dist-packages/franka_gripper/msg/_GraspActionResult.py, /home/student/haptic_ws/devel/lib/python3/dist-packages/franka_gripper/msg/_GraspActionResult.py)
Cleaning: (/home/student/haptic_ws/devel/.private/franka_gripper/lib/python3/dist-packages/franka_gripper/msg/_StopActionGoal.py, /home/student/haptic_ws/devel/lib/python3/dist-packages/franka_gripper/msg/_StopActionGoal.py)
Cleaning: (/home/student/haptic_ws/devel/.private/franka_gripper/lib/python3/dist-packages/franka_gripper/msg/_HomingAction.py, /home/student/haptic_ws/devel/lib/python3/dist-packages/franka_gripper/msg/_HomingAction.py)
Cleaning: (/home/student/haptic_ws/devel/.private/franka_gripper/lib/python3/dist-packages/franka_gripper/msg/_MoveActionGoal.py, /home/student/haptic_ws/devel/lib/python3/dist-packages/franka_gripper/msg/_MoveActionGoal.py)
Cleaning: (/home/student/haptic_ws/devel/.private/franka_gripper/lib/python3/dist-packages/franka_gripper/msg/_MoveActionFeedback.py, /home/student/haptic_ws/devel/lib/python3/dist-packages/franka_gripper/msg/_MoveActionFeedback.py)
Cleaning: (/home/student/haptic_ws/devel/.private/franka_gripper/lib/python3/dist-packages/franka_gripper/msg/_MoveAction.py, /home/student/haptic_ws/devel/lib/python3/dist-packages/franka_gripper/msg/_MoveAction.py)
Cleaning: (/home/student/haptic_ws/devel/.private/franka_gripper/lib/python3/dist-packages/franka_gripper/msg/_GraspFeedback.py, /home/student/haptic_ws/devel/lib/python3/dist-packages/franka_gripper/msg/_GraspFeedback.py)
Cleaning: (/home/student/haptic_ws/devel/.private/franka_gripper/lib/python3/dist-packages/franka_gripper/msg/_StopGoal.py, /home/student/haptic_ws/devel/lib/python3/dist-packages/franka_gripper/msg/_StopGoal.py)
Cleaning: (/home/student/haptic_ws/devel/.private/franka_gripper/lib/python3/dist-packages/franka_gripper/msg/_HomingActionFeedback.py, /home/student/haptic_ws/devel/lib/python3/dist-packages/franka_gripper/msg/_HomingActionFeedback.py)
Cleaning: (/home/student/haptic_ws/devel/.private/franka_gripper/lib/python3/dist-packages/franka_gripper/msg/_StopResult.py, /home/student/haptic_ws/devel/lib/python3/dist-packages/franka_gripper/msg/_StopResult.py)
Cleaning: (/home/student/haptic_ws/devel/.private/franka_gripper/lib/python3/dist-packages/franka_gripper/msg/_MoveActionResult.py, /home/student/haptic_ws/devel/lib/python3/dist-packages/franka_gripper/msg/_MoveActionResult.py)
Cleaning: (/home/student/haptic_ws/devel/.private/franka_gripper/lib/python3/dist-packages/franka_gripper/msg/_GraspActionFeedback.py, /home/student/haptic_ws/devel/lib/python3/dist-packages/franka_gripper/msg/_GraspActionFeedback.py)
Cleaning: (/home/student/haptic_ws/devel/.private/franka_gripper/lib/pkgconfig/franka_gripper.pc, /home/student/haptic_ws/devel/lib/pkgconfig/franka_gripper.pc)
Cleaning: (/home/student/haptic_ws/devel/.private/franka_gripper/lib/franka_gripper/franka_gripper_node, /home/student/haptic_ws/devel/lib/franka_gripper/franka_gripper_node)
Cleaning: (/home/student/haptic_ws/devel/.private/franka_gripper/include/franka_gripper/MoveActionGoal.h, /home/student/haptic_ws/devel/include/franka_gripper/MoveActionGoal.h)
Cleaning: (/home/student/haptic_ws/devel/.private/franka_gripper/include/franka_gripper/GraspActionResult.h, /home/student/haptic_ws/devel/include/franka_gripper/GraspActionResult.h)
Cleaning: (/home/student/haptic_ws/devel/.private/franka_gripper/include/franka_gripper/StopResult.h, /home/student/haptic_ws/devel/include/franka_gripper/StopResult.h)
Cleaning: (/home/student/haptic_ws/devel/.private/franka_gripper/include/franka_gripper/StopAction.h, /home/student/haptic_ws/devel/include/franka_gripper/StopAction.h)
Cleaning: (/home/student/haptic_ws/devel/.private/franka_gripper/include/franka_gripper/StopActionFeedback.h, /home/student/haptic_ws/devel/include/franka_gripper/StopActionFeedback.h)
Cleaning: (/home/student/haptic_ws/devel/.private/franka_gripper/include/franka_gripper/GraspFeedback.h, /home/student/haptic_ws/devel/include/franka_gripper/GraspFeedback.h)
Cleaning: (/home/student/haptic_ws/devel/.private/franka_gripper/include/franka_gripper/HomingAction.h, /home/student/haptic_ws/devel/include/franka_gripper/HomingAction.h)
Cleaning: (/home/student/haptic_ws/devel/.private/franka_gripper/include/franka_gripper/MoveResult.h, /home/student/haptic_ws/devel/include/franka_gripper/MoveResult.h)
Cleaning: (/home/student/haptic_ws/devel/.private/franka_gripper/include/franka_gripper/HomingActionResult.h, /home/student/haptic_ws/devel/include/franka_gripper/HomingActionResult.h)
Cleaning: (/home/student/haptic_ws/devel/.private/franka_gripper/include/franka_gripper/MoveGoal.h, /home/student/haptic_ws/devel/include/franka_gripper/MoveGoal.h)
Cleaning: (/home/student/haptic_ws/devel/.private/franka_gripper/include/franka_gripper/HomingFeedback.h, /home/student/haptic_ws/devel/include/franka_gripper/HomingFeedback.h)
Cleaning: (/home/student/haptic_ws/devel/.private/franka_gripper/include/franka_gripper/StopActionResult.h, /home/student/haptic_ws/devel/include/franka_gripper/StopActionResult.h)
Cleaning: (/home/student/haptic_ws/devel/.private/franka_gripper/include/franka_gripper/GraspEpsilon.h, /home/student/haptic_ws/devel/include/franka_gripper/GraspEpsilon.h)
Cleaning: (/home/student/haptic_ws/devel/.private/franka_gripper/include/franka_gripper/HomingGoal.h, /home/student/haptic_ws/devel/include/franka_gripper/HomingGoal.h)
Cleaning: (/home/student/haptic_ws/devel/.private/franka_gripper/include/franka_gripper/MoveActionResult.h, /home/student/haptic_ws/devel/include/franka_gripper/MoveActionResult.h)
Cleaning: (/home/student/haptic_ws/devel/.private/franka_gripper/include/franka_gripper/StopActionGoal.h, /home/student/haptic_ws/devel/include/franka_gripper/StopActionGoal.h)
Cleaning: (/home/student/haptic_ws/devel/.private/franka_gripper/include/franka_gripper/GraspActionFeedback.h, /home/student/haptic_ws/devel/include/franka_gripper/GraspActionFeedback.h)
Cleaning: (/home/student/haptic_ws/devel/.private/franka_gripper/include/franka_gripper/MoveActionFeedback.h, /home/student/haptic_ws/devel/include/franka_gripper/MoveActionFeedback.h)
Cleaning: (/home/student/haptic_ws/devel/.private/franka_gripper/include/franka_gripper/HomingActionGoal.h, /home/student/haptic_ws/devel/include/franka_gripper/HomingActionGoal.h)
Cleaning: (/home/student/haptic_ws/devel/.private/franka_gripper/include/franka_gripper/GraspResult.h, /home/student/haptic_ws/devel/include/franka_gripper/GraspResult.h)
Cleaning: (/home/student/haptic_ws/devel/.private/franka_gripper/include/franka_gripper/StopGoal.h, /home/student/haptic_ws/devel/include/franka_gripper/StopGoal.h)
Cleaning: (/home/student/haptic_ws/devel/.private/franka_gripper/include/franka_gripper/GraspGoal.h, /home/student/haptic_ws/devel/include/franka_gripper/GraspGoal.h)
Cleaning: (/home/student/haptic_ws/devel/.private/franka_gripper/include/franka_gripper/GraspAction.h, /home/student/haptic_ws/devel/include/franka_gripper/GraspAction.h)
Cleaning: (/home/student/haptic_ws/devel/.private/franka_gripper/include/franka_gripper/StopFeedback.h, /home/student/haptic_ws/devel/include/franka_gripper/StopFeedback.h)
Cleaning: (/home/student/haptic_ws/devel/.private/franka_gripper/include/franka_gripper/HomingActionFeedback.h, /home/student/haptic_ws/devel/include/franka_gripper/HomingActionFeedback.h)
Cleaning: (/home/student/haptic_ws/devel/.private/franka_gripper/include/franka_gripper/MoveAction.h, /home/student/haptic_ws/devel/include/franka_gripper/MoveAction.h)
Cleaning: (/home/student/haptic_ws/devel/.private/franka_gripper/include/franka_gripper/GraspActionGoal.h, /home/student/haptic_ws/devel/include/franka_gripper/GraspActionGoal.h)
Cleaning: (/home/student/haptic_ws/devel/.private/franka_gripper/include/franka_gripper/HomingResult.h, /home/student/haptic_ws/devel/include/franka_gripper/HomingResult.h)
Cleaning: (/home/student/haptic_ws/devel/.private/franka_gripper/include/franka_gripper/MoveFeedback.h, /home/student/haptic_ws/devel/include/franka_gripper/MoveFeedback.h)
Unlinking: /home/student/haptic_ws/devel/share/common-lisp/ros/franka_gripper/msg/_package_MoveActionFeedback.lisp
Unlinking: /home/student/haptic_ws/devel/share/common-lisp/ros/franka_gripper/msg/GraspActionFeedback.lisp
Unlinking: /home/student/haptic_ws/devel/share/common-lisp/ros/franka_gripper/msg/MoveFeedback.lisp
Unlinking: /home/student/haptic_ws/devel/share/common-lisp/ros/franka_gripper/msg/_package_GraspAction.lisp
Unlinking: /home/student/haptic_ws/devel/share/common-lisp/ros/franka_gripper/msg/_package_HomingGoal.lisp
Unlinking: /home/student/haptic_ws/devel/share/common-lisp/ros/franka_gripper/msg/StopActionGoal.lisp
Unlinking: /home/student/haptic_ws/devel/share/common-lisp/ros/franka_gripper/msg/_package_GraspGoal.lisp
Unlinking: /home/student/haptic_ws/devel/share/common-lisp/ros/franka_gripper/msg/_package_StopGoal.lisp
Unlinking: /home/student/haptic_ws/devel/share/common-lisp/ros/franka_gripper/msg/HomingActionGoal.lisp
Unlinking: /home/student/haptic_ws/devel/share/common-lisp/ros/franka_gripper/msg/_package_HomingResult.lisp
Unlinking: /home/student/haptic_ws/devel/share/common-lisp/ros/franka_gripper/msg/StopGoal.lisp
Unlinking: /home/student/haptic_ws/devel/share/common-lisp/ros/franka_gripper/msg/HomingResult.lisp
Unlinking: /home/student/haptic_ws/devel/share/common-lisp/ros/franka_gripper/msg/HomingActionFeedback.lisp
Unlinking: /home/student/haptic_ws/devel/share/common-lisp/ros/franka_gripper/msg/_package_HomingFeedback.lisp
Unlinking: /home/student/haptic_ws/devel/share/common-lisp/ros/franka_gripper/msg/GraspGoal.lisp
Unlinking: /home/student/haptic_ws/devel/share/common-lisp/ros/franka_gripper/msg/_package_StopAction.lisp
Unlinking: /home/student/haptic_ws/devel/share/common-lisp/ros/franka_gripper/msg/_package_MoveActionResult.lisp
Unlinking: /home/student/haptic_ws/devel/share/common-lisp/ros/franka_gripper/msg/MoveResult.lisp
Unlinking: /home/student/haptic_ws/devel/share/common-lisp/ros/franka_gripper/msg/_package_HomingActionResult.lisp
Unlinking: /home/student/haptic_ws/devel/share/common-lisp/ros/franka_gripper/msg/_package_GraspEpsilon.lisp
Unlinking: /home/student/haptic_ws/devel/share/common-lisp/ros/franka_gripper/msg/StopResult.lisp
Unlinking: /home/student/haptic_ws/devel/share/common-lisp/ros/franka_gripper/msg/franka_gripper-msg.asd
Unlinking: /home/student/haptic_ws/devel/share/common-lisp/ros/franka_gripper/msg/_package_GraspResult.lisp
Unlinking: /home/student/haptic_ws/devel/share/common-lisp/ros/franka_gripper/msg/HomingGoal.lisp
Unlinking: /home/student/haptic_ws/devel/share/common-lisp/ros/franka_gripper/msg/GraspFeedback.lisp
Unlinking: /home/student/haptic_ws/devel/share/common-lisp/ros/franka_gripper/msg/_package_MoveActionGoal.lisp
Unlinking: /home/student/haptic_ws/devel/share/common-lisp/ros/franka_gripper/msg/StopActionFeedback.lisp
Unlinking: /home/student/haptic_ws/devel/share/common-lisp/ros/franka_gripper/msg/_package_HomingActionFeedback.lisp
Unlinking: /home/student/haptic_ws/devel/share/common-lisp/ros/franka_gripper/msg/_package_StopActionFeedback.lisp
Unlinking: /home/student/haptic_ws/devel/share/common-lisp/ros/franka_gripper/msg/HomingAction.lisp
Unlinking: /home/student/haptic_ws/devel/share/common-lisp/ros/franka_gripper/msg/_package_MoveResult.lisp
Unlinking: /home/student/haptic_ws/devel/share/common-lisp/ros/franka_gripper/msg/_package_HomingAction.lisp
Unlinking: /home/student/haptic_ws/devel/share/common-lisp/ros/franka_gripper/msg/_package_StopFeedback.lisp
Unlinking: /home/student/haptic_ws/devel/share/common-lisp/ros/franka_gripper/msg/_package_GraspFeedback.lisp
Unlinking: /home/student/haptic_ws/devel/share/common-lisp/ros/franka_gripper/msg/_package_HomingActionGoal.lisp
Unlinking: /home/student/haptic_ws/devel/share/common-lisp/ros/franka_gripper/msg/_package_MoveAction.lisp
Unlinking: /home/student/haptic_ws/devel/share/common-lisp/ros/franka_gripper/msg/GraspActionGoal.lisp
Unlinking: /home/student/haptic_ws/devel/share/common-lisp/ros/franka_gripper/msg/_package_GraspActionResult.lisp
Unlinking: /home/student/haptic_ws/devel/share/common-lisp/ros/franka_gripper/msg/_package_StopResult.lisp
Unlinking: /home/student/haptic_ws/devel/share/common-lisp/ros/franka_gripper/msg/MoveActionFeedback.lisp
Unlinking: /home/student/haptic_ws/devel/share/common-lisp/ros/franka_gripper/msg/_package_StopActionResult.lisp
Unlinking: /home/student/haptic_ws/devel/share/common-lisp/ros/franka_gripper/msg/MoveActionResult.lisp
Unlinking: /home/student/haptic_ws/devel/share/common-lisp/ros/franka_gripper/msg/StopAction.lisp
Unlinking: /home/student/haptic_ws/devel/share/common-lisp/ros/franka_gripper/msg/HomingActionResult.lisp
Unlinking: /home/student/haptic_ws/devel/share/common-lisp/ros/franka_gripper/msg/_package_GraspActionGoal.lisp
Unlinking: /home/student/haptic_ws/devel/share/common-lisp/ros/franka_gripper/msg/_package.lisp
Unlinking: /home/student/haptic_ws/devel/share/common-lisp/ros/franka_gripper/msg/GraspActionResult.lisp
Unlinking: /home/student/haptic_ws/devel/share/common-lisp/ros/franka_gripper/msg/GraspAction.lisp
Unlinking: /home/student/haptic_ws/devel/share/common-lisp/ros/franka_gripper/msg/MoveGoal.lisp
Unlinking: /home/student/haptic_ws/devel/share/common-lisp/ros/franka_gripper/msg/StopFeedback.lisp
Unlinking: /home/student/haptic_ws/devel/share/common-lisp/ros/franka_gripper/msg/MoveAction.lisp
Unlinking: /home/student/haptic_ws/devel/share/common-lisp/ros/franka_gripper/msg/_package_StopActionGoal.lisp
Unlinking: /home/student/haptic_ws/devel/share/common-lisp/ros/franka_gripper/msg/_package_GraspActionFeedback.lisp
Unlinking: /home/student/haptic_ws/devel/share/common-lisp/ros/franka_gripper/msg/HomingFeedback.lisp
Unlinking: /home/student/haptic_ws/devel/share/common-lisp/ros/franka_gripper/msg/StopActionResult.lisp
Unlinking: /home/student/haptic_ws/devel/share/common-lisp/ros/franka_gripper/msg/MoveActionGoal.lisp
Unlinking: /home/student/haptic_ws/devel/share/common-lisp/ros/franka_gripper/msg/_package_MoveGoal.lisp
Unlinking: /home/student/haptic_ws/devel/share/common-lisp/ros/franka_gripper/msg/GraspEpsilon.lisp
Unlinking: /home/student/haptic_ws/devel/share/common-lisp/ros/franka_gripper/msg/GraspResult.lisp
Unlinking: /home/student/haptic_ws/devel/share/common-lisp/ros/franka_gripper/msg/_package_MoveFeedback.lisp
Unlinking: /home/student/haptic_ws/devel/share/franka_gripper/msg/GraspActionFeedback.msg
Unlinking: /home/student/haptic_ws/devel/share/franka_gripper/msg/GraspActionResult.msg
Unlinking: /home/student/haptic_ws/devel/share/franka_gripper/msg/HomingResult.msg
Unlinking: /home/student/haptic_ws/devel/share/franka_gripper/msg/GraspActionGoal.msg
Unlinking: /home/student/haptic_ws/devel/share/franka_gripper/msg/HomingGoal.msg
Unlinking: /home/student/haptic_ws/devel/share/franka_gripper/msg/HomingFeedback.msg
Unlinking: /home/student/haptic_ws/devel/share/franka_gripper/msg/GraspGoal.msg
Unlinking: /home/student/haptic_ws/devel/share/franka_gripper/msg/GraspAction.msg
Unlinking: /home/student/haptic_ws/devel/share/franka_gripper/msg/HomingActionFeedback.msg
Unlinking: /home/student/haptic_ws/devel/share/franka_gripper/msg/MoveGoal.msg
Unlinking: /home/student/haptic_ws/devel/share/franka_gripper/msg/MoveResult.msg
Unlinking: /home/student/haptic_ws/devel/share/franka_gripper/msg/MoveActionGoal.msg
Unlinking: /home/student/haptic_ws/devel/share/franka_gripper/msg/StopResult.msg
Unlinking: /home/student/haptic_ws/devel/share/franka_gripper/msg/GraspFeedback.msg
Unlinking: /home/student/haptic_ws/devel/share/franka_gripper/msg/StopFeedback.msg
Unlinking: /home/student/haptic_ws/devel/share/franka_gripper/msg/HomingActionResult.msg
Unlinking: /home/student/haptic_ws/devel/share/franka_gripper/msg/MoveAction.msg
Unlinking: /home/student/haptic_ws/devel/share/franka_gripper/msg/StopActionResult.msg
Unlinking: /home/student/haptic_ws/devel/share/franka_gripper/msg/MoveActionResult.msg
Unlinking: /home/student/haptic_ws/devel/share/franka_gripper/msg/StopGoal.msg
Unlinking: /home/student/haptic_ws/devel/share/franka_gripper/msg/GraspResult.msg
Unlinking: /home/student/haptic_ws/devel/share/franka_gripper/msg/MoveFeedback.msg
Unlinking: /home/student/haptic_ws/devel/share/franka_gripper/msg/HomingActionGoal.msg
Unlinking: /home/student/haptic_ws/devel/share/franka_gripper/msg/StopActionFeedback.msg
Unlinking: /home/student/haptic_ws/devel/share/franka_gripper/msg/HomingAction.msg
Unlinking: /home/student/haptic_ws/devel/share/franka_gripper/msg/StopActionGoal.msg
Unlinking: /home/student/haptic_ws/devel/share/franka_gripper/msg/MoveActionFeedback.msg
Unlinking: /home/student/haptic_ws/devel/share/franka_gripper/msg/StopAction.msg
Unlinking: /home/student/haptic_ws/devel/share/franka_gripper/cmake/franka_gripperConfig-version.cmake
Unlinking: /home/student/haptic_ws/devel/share/franka_gripper/cmake/franka_gripper-msg-paths.cmake
Unlinking: /home/student/haptic_ws/devel/share/franka_gripper/cmake/franka_gripperConfig.cmake
Unlinking: /home/student/haptic_ws/devel/share/franka_gripper/cmake/franka_gripper-msg-extras.cmake
Unlinking: /home/student/haptic_ws/devel/share/roseus/ros/franka_gripper/manifest.l
Unlinking: /home/student/haptic_ws/devel/share/roseus/ros/franka_gripper/msg/GraspResult.l
Unlinking: /home/student/haptic_ws/devel/share/roseus/ros/franka_gripper/msg/MoveResult.l
Unlinking: /home/student/haptic_ws/devel/share/roseus/ros/franka_gripper/msg/HomingActionFeedback.l
Unlinking: /home/student/haptic_ws/devel/share/roseus/ros/franka_gripper/msg/GraspActionResult.l
Unlinking: /home/student/haptic_ws/devel/share/roseus/ros/franka_gripper/msg/StopResult.l
Unlinking: /home/student/haptic_ws/devel/share/roseus/ros/franka_gripper/msg/HomingFeedback.l
Unlinking: /home/student/haptic_ws/devel/share/roseus/ros/franka_gripper/msg/MoveActionFeedback.l
Unlinking: /home/student/haptic_ws/devel/share/roseus/ros/franka_gripper/msg/MoveGoal.l
Unlinking: /home/student/haptic_ws/devel/share/roseus/ros/franka_gripper/msg/StopActionFeedback.l
Unlinking: /home/student/haptic_ws/devel/share/roseus/ros/franka_gripper/msg/GraspActionGoal.l
Unlinking: /home/student/haptic_ws/devel/share/roseus/ros/franka_gripper/msg/HomingActionResult.l
Unlinking: /home/student/haptic_ws/devel/share/roseus/ros/franka_gripper/msg/StopGoal.l
Unlinking: /home/student/haptic_ws/devel/share/roseus/ros/franka_gripper/msg/MoveAction.l
Unlinking: /home/student/haptic_ws/devel/share/roseus/ros/franka_gripper/msg/HomingGoal.l
Unlinking: /home/student/haptic_ws/devel/share/roseus/ros/franka_gripper/msg/GraspEpsilon.l
Unlinking: /home/student/haptic_ws/devel/share/roseus/ros/franka_gripper/msg/StopActionGoal.l
Unlinking: /home/student/haptic_ws/devel/share/roseus/ros/franka_gripper/msg/StopActionResult.l
Unlinking: /home/student/haptic_ws/devel/share/roseus/ros/franka_gripper/msg/StopAction.l
Unlinking: /home/student/haptic_ws/devel/share/roseus/ros/franka_gripper/msg/GraspGoal.l
Unlinking: /home/student/haptic_ws/devel/share/roseus/ros/franka_gripper/msg/GraspFeedback.l
Unlinking: /home/student/haptic_ws/devel/share/roseus/ros/franka_gripper/msg/GraspAction.l
Unlinking: /home/student/haptic_ws/devel/share/roseus/ros/franka_gripper/msg/MoveActionGoal.l
Unlinking: /home/student/haptic_ws/devel/share/roseus/ros/franka_gripper/msg/HomingResult.l
Unlinking: /home/student/haptic_ws/devel/share/roseus/ros/franka_gripper/msg/MoveFeedback.l
Unlinking: /home/student/haptic_ws/devel/share/roseus/ros/franka_gripper/msg/GraspActionFeedback.l
Unlinking: /home/student/haptic_ws/devel/share/roseus/ros/franka_gripper/msg/HomingAction.l
Unlinking: /home/student/haptic_ws/devel/share/roseus/ros/franka_gripper/msg/HomingActionGoal.l
Unlinking: /home/student/haptic_ws/devel/share/roseus/ros/franka_gripper/msg/MoveActionResult.l
Unlinking: /home/student/haptic_ws/devel/share/roseus/ros/franka_gripper/msg/StopFeedback.l
Unlinking: /home/student/haptic_ws/devel/share/gennodejs/ros/franka_gripper/_index.js
Unlinking: /home/student/haptic_ws/devel/share/gennodejs/ros/franka_gripper/msg/HomingActionResult.js
Unlinking: /home/student/haptic_ws/devel/share/gennodejs/ros/franka_gripper/msg/HomingAction.js
Unlinking: /home/student/haptic_ws/devel/share/gennodejs/ros/franka_gripper/msg/GraspResult.js
Unlinking: /home/student/haptic_ws/devel/share/gennodejs/ros/franka_gripper/msg/MoveGoal.js
Unlinking: /home/student/haptic_ws/devel/share/gennodejs/ros/franka_gripper/msg/GraspActionGoal.js
Unlinking: /home/student/haptic_ws/devel/share/gennodejs/ros/franka_gripper/msg/MoveFeedback.js
Unlinking: /home/student/haptic_ws/devel/share/gennodejs/ros/franka_gripper/msg/HomingActionFeedback.js
Unlinking: /home/student/haptic_ws/devel/share/gennodejs/ros/franka_gripper/msg/StopActionFeedback.js
Unlinking: /home/student/haptic_ws/devel/share/gennodejs/ros/franka_gripper/msg/StopGoal.js
Unlinking: /home/student/haptic_ws/devel/share/gennodejs/ros/franka_gripper/msg/GraspFeedback.js
Unlinking: /home/student/haptic_ws/devel/share/gennodejs/ros/franka_gripper/msg/StopFeedback.js
Unlinking: /home/student/haptic_ws/devel/share/gennodejs/ros/franka_gripper/msg/MoveActionGoal.js
Unlinking: /home/student/haptic_ws/devel/share/gennodejs/ros/franka_gripper/msg/MoveActionFeedback.js
Unlinking: /home/student/haptic_ws/devel/share/gennodejs/ros/franka_gripper/msg/GraspAction.js
Unlinking: /home/student/haptic_ws/devel/share/gennodejs/ros/franka_gripper/msg/HomingGoal.js
Unlinking: /home/student/haptic_ws/devel/share/gennodejs/ros/franka_gripper/msg/StopActionResult.js
Unlinking: /home/student/haptic_ws/devel/share/gennodejs/ros/franka_gripper/msg/StopActionGoal.js
Unlinking: /home/student/haptic_ws/devel/share/gennodejs/ros/franka_gripper/msg/GraspActionResult.js
Unlinking: /home/student/haptic_ws/devel/share/gennodejs/ros/franka_gripper/msg/HomingResult.js
Unlinking: /home/student/haptic_ws/devel/share/gennodejs/ros/franka_gripper/msg/StopAction.js
Unlinking: /home/student/haptic_ws/devel/share/gennodejs/ros/franka_gripper/msg/GraspActionFeedback.js
Unlinking: /home/student/haptic_ws/devel/share/gennodejs/ros/franka_gripper/msg/HomingActionGoal.js
Unlinking: /home/student/haptic_ws/devel/share/gennodejs/ros/franka_gripper/msg/GraspEpsilon.js
Unlinking: /home/student/haptic_ws/devel/share/gennodejs/ros/franka_gripper/msg/GraspGoal.js
Unlinking: /home/student/haptic_ws/devel/share/gennodejs/ros/franka_gripper/msg/StopResult.js
Unlinking: /home/student/haptic_ws/devel/share/gennodejs/ros/franka_gripper/msg/MoveActionResult.js
Unlinking: /home/student/haptic_ws/devel/share/gennodejs/ros/franka_gripper/msg/MoveAction.js
Unlinking: /home/student/haptic_ws/devel/share/gennodejs/ros/franka_gripper/msg/_index.js
Unlinking: /home/student/haptic_ws/devel/share/gennodejs/ros/franka_gripper/msg/MoveResult.js
Unlinking: /home/student/haptic_ws/devel/share/gennodejs/ros/franka_gripper/msg/HomingFeedback.js
Unlinking: /home/student/haptic_ws/devel/lib/libfranka_gripper.so
Unlinking: /home/student/haptic_ws/devel/lib/python3/dist-packages/franka_gripper/__init__.py
Unlinking: /home/student/haptic_ws/devel/lib/python3/dist-packages/franka_gripper/msg/_GraspAction.py
Unlinking: /home/student/haptic_ws/devel/lib/python3/dist-packages/franka_gripper/msg/_HomingFeedback.py
Unlinking: /home/student/haptic_ws/devel/lib/python3/dist-packages/franka_gripper/msg/_MoveResult.py
Unlinking: /home/student/haptic_ws/devel/lib/python3/dist-packages/franka_gripper/msg/_HomingResult.py
Unlinking: /home/student/haptic_ws/devel/lib/python3/dist-packages/franka_gripper/msg/_MoveGoal.py
Unlinking: /home/student/haptic_ws/devel/lib/python3/dist-packages/franka_gripper/msg/_GraspEpsilon.py
Unlinking: /home/student/haptic_ws/devel/lib/python3/dist-packages/franka_gripper/msg/_GraspActionGoal.py
Unlinking: /home/student/haptic_ws/devel/lib/python3/dist-packages/franka_gripper/msg/__init__.py
Unlinking: /home/student/haptic_ws/devel/lib/python3/dist-packages/franka_gripper/msg/_GraspGoal.py
Unlinking: /home/student/haptic_ws/devel/lib/python3/dist-packages/franka_gripper/msg/_StopActionFeedback.py
Unlinking: /home/student/haptic_ws/devel/lib/python3/dist-packages/franka_gripper/msg/_HomingActionResult.py
Unlinking: /home/student/haptic_ws/devel/lib/python3/dist-packages/franka_gripper/msg/_StopAction.py
Unlinking: /home/student/haptic_ws/devel/lib/python3/dist-packages/franka_gripper/msg/_StopActionResult.py
Unlinking: /home/student/haptic_ws/devel/lib/python3/dist-packages/franka_gripper/msg/_HomingGoal.py
Unlinking: /home/student/haptic_ws/devel/lib/python3/dist-packages/franka_gripper/msg/_HomingActionGoal.py
Unlinking: /home/student/haptic_ws/devel/lib/python3/dist-packages/franka_gripper/msg/_MoveFeedback.py
Unlinking: /home/student/haptic_ws/devel/lib/python3/dist-packages/franka_gripper/msg/_StopFeedback.py
Unlinking: /home/student/haptic_ws/devel/lib/python3/dist-packages/franka_gripper/msg/_GraspResult.py
Unlinking: /home/student/haptic_ws/devel/lib/python3/dist-packages/franka_gripper/msg/_GraspActionResult.py
Unlinking: /home/student/haptic_ws/devel/lib/python3/dist-packages/franka_gripper/msg/_StopActionGoal.py
Unlinking: /home/student/haptic_ws/devel/lib/python3/dist-packages/franka_gripper/msg/_HomingAction.py
Unlinking: /home/student/haptic_ws/devel/lib/python3/dist-packages/franka_gripper/msg/_MoveActionGoal.py
Unlinking: /home/student/haptic_ws/devel/lib/python3/dist-packages/franka_gripper/msg/_MoveActionFeedback.py
Unlinking: /home/student/haptic_ws/devel/lib/python3/dist-packages/franka_gripper/msg/_MoveAction.py
Unlinking: /home/student/haptic_ws/devel/lib/python3/dist-packages/franka_gripper/msg/_GraspFeedback.py
Unlinking: /home/student/haptic_ws/devel/lib/python3/dist-packages/franka_gripper/msg/_StopGoal.py
Unlinking: /home/student/haptic_ws/devel/lib/python3/dist-packages/franka_gripper/msg/_HomingActionFeedback.py
Unlinking: /home/student/haptic_ws/devel/lib/python3/dist-packages/franka_gripper/msg/_StopResult.py
Unlinking: /home/student/haptic_ws/devel/lib/python3/dist-packages/franka_gripper/msg/_MoveActionResult.py
Unlinking: /home/student/haptic_ws/devel/lib/python3/dist-packages/franka_gripper/msg/_GraspActionFeedback.py
Unlinking: /home/student/haptic_ws/devel/lib/pkgconfig/franka_gripper.pc
Unlinking: /home/student/haptic_ws/devel/lib/franka_gripper/franka_gripper_node
Unlinking: /home/student/haptic_ws/devel/include/franka_gripper/MoveActionGoal.h
Unlinking: /home/student/haptic_ws/devel/include/franka_gripper/GraspActionResult.h
Unlinking: /home/student/haptic_ws/devel/include/franka_gripper/StopResult.h
Unlinking: /home/student/haptic_ws/devel/include/franka_gripper/StopAction.h
Unlinking: /home/student/haptic_ws/devel/include/franka_gripper/StopActionFeedback.h
Unlinking: /home/student/haptic_ws/devel/include/franka_gripper/GraspFeedback.h
Unlinking: /home/student/haptic_ws/devel/include/franka_gripper/HomingAction.h
Unlinking: /home/student/haptic_ws/devel/include/franka_gripper/MoveResult.h
Unlinking: /home/student/haptic_ws/devel/include/franka_gripper/HomingActionResult.h
Unlinking: /home/student/haptic_ws/devel/include/franka_gripper/MoveGoal.h
Unlinking: /home/student/haptic_ws/devel/include/franka_gripper/HomingFeedback.h
Unlinking: /home/student/haptic_ws/devel/include/franka_gripper/StopActionResult.h
Unlinking: /home/student/haptic_ws/devel/include/franka_gripper/GraspEpsilon.h
Unlinking: /home/student/haptic_ws/devel/include/franka_gripper/HomingGoal.h
Unlinking: /home/student/haptic_ws/devel/include/franka_gripper/MoveActionResult.h
Unlinking: /home/student/haptic_ws/devel/include/franka_gripper/StopActionGoal.h
Unlinking: /home/student/haptic_ws/devel/include/franka_gripper/GraspActionFeedback.h
Unlinking: /home/student/haptic_ws/devel/include/franka_gripper/MoveActionFeedback.h
Unlinking: /home/student/haptic_ws/devel/include/franka_gripper/HomingActionGoal.h
Unlinking: /home/student/haptic_ws/devel/include/franka_gripper/GraspResult.h
Unlinking: /home/student/haptic_ws/devel/include/franka_gripper/StopGoal.h
Unlinking: /home/student/haptic_ws/devel/include/franka_gripper/GraspGoal.h
Unlinking: /home/student/haptic_ws/devel/include/franka_gripper/GraspAction.h
Unlinking: /home/student/haptic_ws/devel/include/franka_gripper/StopFeedback.h
Unlinking: /home/student/haptic_ws/devel/include/franka_gripper/HomingActionFeedback.h
Unlinking: /home/student/haptic_ws/devel/include/franka_gripper/MoveAction.h
Unlinking: /home/student/haptic_ws/devel/include/franka_gripper/GraspActionGoal.h
Unlinking: /home/student/haptic_ws/devel/include/franka_gripper/HomingResult.h
Unlinking: /home/student/haptic_ws/devel/include/franka_gripper/MoveFeedback.h
