Warning: Cannot symlink from /home/student/HapticDeviceGaggioli/haptic_ws/devel/.private/franka_control/share/franka_control/cmake/franka_controlConfig.cmake to existing file /home/student/HapticDeviceGaggioli/haptic_ws/devel/share/franka_control/cmake/franka_controlConfig.cmake
Warning: Source hash: b28d2b7fc5b94fd99f2e874d7aa46c1e
Warning: Dest hash: dacd350a3a32c2f7c50e7a336cfc9a3b
Warning: Cannot symlink from /home/student/HapticDeviceGaggioli/haptic_ws/devel/.private/franka_control/lib/libfranka_state_controller.so to existing file /home/student/HapticDeviceGaggioli/haptic_ws/devel/lib/libfranka_state_controller.so
Warning: Source hash: 2c33efd6330a373b8f95bd3a9613ce1b
Warning: Dest hash: 86549ad5b888831b90e79b38efb12216
Warning: Cannot symlink from /home/student/HapticDeviceGaggioli/haptic_ws/devel/.private/franka_control/lib/franka_control/franka_combined_control_node to existing file /home/student/HapticDeviceGaggioli/haptic_ws/devel/lib/franka_control/franka_combined_control_node
Warning: Source hash: f7ec082149763377f19f51872ed5e82f
Warning: Dest hash: 90d3a362c52f6bc4bfaca52c55fa926d
Warning: Cannot symlink from /home/student/HapticDeviceGaggioli/haptic_ws/devel/.private/franka_control/lib/franka_control/franka_control_node to existing file /home/student/HapticDeviceGaggioli/haptic_ws/devel/lib/franka_control/franka_control_node
Warning: Source hash: 47f6d3b788e1b3c26a34a2bc59dfd5e7
Warning: Dest hash: fc733dad2bda390cac0a016e191e85d5
Warning: Cannot symlink from /home/student/HapticDeviceGaggioli/haptic_ws/devel/.private/franka_control/lib/pkgconfig/franka_control.pc to existing file /home/student/HapticDeviceGaggioli/haptic_ws/devel/lib/pkgconfig/franka_control.pc
Warning: Source hash: 616a4a3f5c54fe5601bd45e58db7385a
Warning: Dest hash: 194555dac169c633672439e01d505c28
Cleaning: (/home/student/haptic_ws/devel/.private/franka_control/cmake.lock, /home/student/haptic_ws/devel/./cmake.lock)
Cleaning: (/home/student/haptic_ws/devel/.private/franka_control/share/franka_control/cmake/franka_controlConfig-version.cmake, /home/student/haptic_ws/devel/share/franka_control/cmake/franka_controlConfig-version.cmake)
Cleaning: (/home/student/haptic_ws/devel/.private/franka_control/share/franka_control/cmake/franka_controlConfig.cmake, /home/student/haptic_ws/devel/share/franka_control/cmake/franka_controlConfig.cmake)
Cleaning: (/home/student/haptic_ws/devel/.private/franka_control/lib/libfranka_state_controller.so, /home/student/haptic_ws/devel/lib/libfranka_state_controller.so)
Cleaning: (/home/student/haptic_ws/devel/.private/franka_control/lib/franka_control/franka_combined_control_node, /home/student/haptic_ws/devel/lib/franka_control/franka_combined_control_node)
Cleaning: (/home/student/haptic_ws/devel/.private/franka_control/lib/franka_control/franka_control_node, /home/student/haptic_ws/devel/lib/franka_control/franka_control_node)
Cleaning: (/home/student/haptic_ws/devel/.private/franka_control/lib/pkgconfig/franka_control.pc, /home/student/haptic_ws/devel/lib/pkgconfig/franka_control.pc)
Unlinking: /home/student/haptic_ws/devel/share/franka_control/cmake/franka_controlConfig-version.cmake
Unlinking: /home/student/haptic_ws/devel/share/franka_control/cmake/franka_controlConfig.cmake
Unlinking: /home/student/haptic_ws/devel/lib/libfranka_state_controller.so
Unlinking: /home/student/haptic_ws/devel/lib/franka_control/franka_combined_control_node
Unlinking: /home/student/haptic_ws/devel/lib/franka_control/franka_control_node
Unlinking: /home/student/haptic_ws/devel/lib/pkgconfig/franka_control.pc
