Warning: Cannot symlink from /home/student/HapticDeviceGaggioli/haptic_ws/devel/.private/panda_gazebo/share/panda_gazebo/cmake/panda_gazeboConfig.cmake to existing file /home/student/HapticDeviceGaggioli/haptic_ws/devel/share/panda_gazebo/cmake/panda_gazeboConfig.cmake
Warning: Source hash: c254ed80d4d98c6b09154b50a1a87df1
Warning: Dest hash: d2d5cce6b6ae2fd633f68d1f1d38ed16
Warning: Cannot symlink from /home/student/HapticDeviceGaggioli/haptic_ws/devel/.private/panda_gazebo/lib/libpanda_robot_hw_sim.so to existing file /home/student/HapticDeviceGaggioli/haptic_ws/devel/lib/libpanda_robot_hw_sim.so
Warning: Source hash: a46fd8b31a15fedf83d67e86f931cdb2
Warning: Dest hash: c33eecb58dff0d78cf578f6181dc1258
Warning: Cannot symlink from /home/student/HapticDeviceGaggioli/haptic_ws/devel/.private/panda_gazebo/lib/libpanda_gazebo_ros_control.so to existing file /home/student/HapticDeviceGaggioli/haptic_ws/devel/lib/libpanda_gazebo_ros_control.so
Warning: Source hash: 691c26c09105f7bd557db0faf80a906e
Warning: Dest hash: 82d40fc1221eedefa39df845118500b9
Warning: Cannot symlink from /home/student/HapticDeviceGaggioli/haptic_ws/devel/.private/panda_gazebo/lib/pkgconfig/panda_gazebo.pc to existing file /home/student/HapticDeviceGaggioli/haptic_ws/devel/lib/pkgconfig/panda_gazebo.pc
Warning: Source hash: 4fb84c849790f7ea01b285e478e64cdd
Warning: Dest hash: a1c27f1bac7cf73cc074b186d3859cb7
Warning: Cannot symlink from /home/student/HapticDeviceGaggioli/haptic_ws/devel/.private/panda_gazebo/lib/panda_gazebo/force_neutral_pose.py to existing file /home/student/HapticDeviceGaggioli/haptic_ws/devel/lib/panda_gazebo/force_neutral_pose.py
Warning: Source hash: e8bca45f276cfbe9ad3f28441da30e15
Warning: Dest hash: 50702a67d4fa22d5ae7756bc68ba1b77
Cleaning: (/home/student/haptic_ws/devel/.private/panda_gazebo/cmake.lock, /home/student/haptic_ws/devel/./cmake.lock)
Cleaning: (/home/student/haptic_ws/devel/.private/panda_gazebo/share/panda_gazebo/cmake/panda_gazeboConfig-version.cmake, /home/student/haptic_ws/devel/share/panda_gazebo/cmake/panda_gazeboConfig-version.cmake)
Cleaning: (/home/student/haptic_ws/devel/.private/panda_gazebo/share/panda_gazebo/cmake/panda_gazeboConfig.cmake, /home/student/haptic_ws/devel/share/panda_gazebo/cmake/panda_gazeboConfig.cmake)
Cleaning: (/home/student/haptic_ws/devel/.private/panda_gazebo/lib/libpanda_robot_hw_sim.so, /home/student/haptic_ws/devel/lib/libpanda_robot_hw_sim.so)
Cleaning: (/home/student/haptic_ws/devel/.private/panda_gazebo/lib/libpanda_gazebo_ros_control.so, /home/student/haptic_ws/devel/lib/libpanda_gazebo_ros_control.so)
Cleaning: (/home/student/haptic_ws/devel/.private/panda_gazebo/lib/pkgconfig/panda_gazebo.pc, /home/student/haptic_ws/devel/lib/pkgconfig/panda_gazebo.pc)
Cleaning: (/home/student/haptic_ws/devel/.private/panda_gazebo/lib/panda_gazebo/force_neutral_pose.py, /home/student/haptic_ws/devel/lib/panda_gazebo/force_neutral_pose.py)
Cleaning: (/home/student/haptic_ws/devel/.private/panda_gazebo/lib/panda_gazebo/cmake.lock, /home/student/haptic_ws/devel/lib/panda_gazebo/cmake.lock)
Unlinking: /home/student/haptic_ws/devel/share/panda_gazebo/cmake/panda_gazeboConfig-version.cmake
Unlinking: /home/student/haptic_ws/devel/share/panda_gazebo/cmake/panda_gazeboConfig.cmake
Unlinking: /home/student/haptic_ws/devel/lib/libpanda_robot_hw_sim.so
Unlinking: /home/student/haptic_ws/devel/lib/libpanda_gazebo_ros_control.so
Unlinking: /home/student/haptic_ws/devel/lib/pkgconfig/panda_gazebo.pc
Unlinking: /home/student/haptic_ws/devel/lib/panda_gazebo/force_neutral_pose.py
Unlinking: /home/student/haptic_ws/devel/lib/panda_gazebo/cmake.lock
